-- The C compiler identification is GNU 11.4.0
-- The CXX compiler identification is GNU 11.4.0
-- Detecting C compiler ABI info
-- Detecting C compiler ABI info - done
-- Check for working C compiler: /usr/bin/cc - skipped
-- Detecting C compile features
-- Detecting C compile features - done
-- Detecting CXX compiler ABI info
-- Detecting CXX compiler ABI info - done
-- Check for working CXX compiler: /usr/bin/c++ - skipped
-- Detecting CXX compile features
-- Detecting CXX compile features - done
-- Found ament_cmake: 1.3.11 (/opt/ros/humble/share/ament_cmake/cmake)
-- Found Python3: /usr/bin/python3 (found version "3.10.12") found components: Interpreter 
-- Override CMake install command with custom implementation using symlinks instead of copying resources
-- Found sensor_msgs: 4.2.4 (/opt/ros/humble/share/sensor_msgs/cmake)
-- Found rosidl_generator_c: 3.1.6 (/opt/ros/humble/share/rosidl_generator_c/cmake)
-- Found rosidl_adapter: 3.1.6 (/opt/ros/humble/share/rosidl_adapter/cmake)
-- Found rosidl_generator_cpp: 3.1.6 (/opt/ros/humble/share/rosidl_generator_cpp/cmake)
-- Using all available rosidl_typesupport_c: rosidl_typesupport_fastrtps_c;rosidl_typesupport_introspection_c
-- Using all available rosidl_typesupport_cpp: rosidl_typesupport_fastrtps_cpp;rosidl_typesupport_introspection_cpp
-- Found communication: 0.0.0 (/home/santosh/sp_ws/install/communication/share/communication/cmake)
-- Found rclcpp: 16.0.11 (/opt/ros/humble/share/rclcpp/cmake)
-- Found rmw_implementation_cmake: 6.1.2 (/opt/ros/humble/share/rmw_implementation_cmake/cmake)
-- Found rmw_fastrtps_cpp: 6.2.7 (/opt/ros/humble/share/rmw_fastrtps_cpp/cmake)
-- Found OpenSSL: /usr/lib/x86_64-linux-gnu/libcrypto.so (found version "3.0.2")  
-- Found FastRTPS: /opt/ros/humble/include  
-- Using RMW implementation 'rmw_fastrtps_cpp' as default
-- Looking for pthread.h
-- Looking for pthread.h - found
-- Performing Test CMAKE_HAVE_LIBC_PTHREAD
-- Performing Test CMAKE_HAVE_LIBC_PTHREAD - Success
-- Found Threads: TRUE  
-- Found tf2: 0.25.12 (/opt/ros/humble/share/tf2/cmake)
-- Found tf2_ros: 0.25.12 (/opt/ros/humble/share/tf2_ros/cmake)
-- Found nav_msgs: 4.2.4 (/opt/ros/humble/share/nav_msgs/cmake)
-- Found cv_bridge: 3.2.1 (/opt/ros/humble/share/cv_bridge/cmake)
-- Configuring done
-- Generating done
-- Build files have been written to: /home/santosh/sp_ws/build/mujoco
[ 25%] [32mBuilding CXX object CMakeFiles/simulation.dir/src/glfw_dispatch.cc.o[0m
[ 25%] [32mBuilding CXX object CMakeFiles/simulation.dir/src/simulate.cc.o[0m
[ 50%] [32mBuilding CXX object CMakeFiles/simulation.dir/src/glfw_adapter.cc.o[0m
[ 50%] [32mBuilding CXX object CMakeFiles/simulation.dir/src/lodepng.cpp.o[0m
[ 62%] [32mBuilding CXX object CMakeFiles/simulation.dir/src/MuJoCoMessageHandler.cpp.o[0m
[ 75%] [32mBuilding CXX object CMakeFiles/simulation.dir/src/platform_ui_adapter.cc.o[0m
[ 87%] [32mBuilding CXX object CMakeFiles/simulation.dir/src/main.cc.o[0m
[100%] [32m[1mLinking CXX executable simulation[0m
[100%] Built target simulation
-- Install configuration: ""
-- Execute custom install script
-- Symlinking: /home/santosh/sp_ws/install/mujoco/lib/mujoco/simulation
-- Symlinking: /home/santosh/sp_ws/install/mujoco/share/mujoco/launch/simulation_launch.py
-- Symlinking: /home/santosh/sp_ws/install/mujoco/share/ament_index/resource_index/package_run_dependencies/mujoco
-- Symlinking: /home/santosh/sp_ws/install/mujoco/share/ament_index/resource_index/parent_prefix_path/mujoco
-- Symlinking: /home/santosh/sp_ws/install/mujoco/share/mujoco/environment/ament_prefix_path.sh
-- Symlinking: /home/santosh/sp_ws/install/mujoco/share/mujoco/environment/ament_prefix_path.dsv
-- Symlinking: /home/santosh/sp_ws/install/mujoco/share/mujoco/environment/path.sh
-- Symlinking: /home/santosh/sp_ws/install/mujoco/share/mujoco/environment/path.dsv
-- Symlinking: /home/santosh/sp_ws/install/mujoco/share/mujoco/local_setup.bash
-- Symlinking: /home/santosh/sp_ws/install/mujoco/share/mujoco/local_setup.sh
-- Symlinking: /home/santosh/sp_ws/install/mujoco/share/mujoco/local_setup.zsh
-- Symlinking: /home/santosh/sp_ws/install/mujoco/share/mujoco/local_setup.dsv
-- Symlinking: /home/santosh/sp_ws/install/mujoco/share/mujoco/package.dsv
-- Symlinking: /home/santosh/sp_ws/install/mujoco/share/ament_index/resource_index/packages/mujoco
-- Symlinking: /home/santosh/sp_ws/install/mujoco/share/mujoco/cmake/CheckAvxSupport.cmake
-- Symlinking: /home/santosh/sp_ws/install/mujoco/share/mujoco/cmake/FindOrFetch.cmake
-- Symlinking: /home/santosh/sp_ws/install/mujoco/share/mujoco/cmake/MujocoHarden.cmake
-- Symlinking: /home/santosh/sp_ws/install/mujoco/share/mujoco/cmake/MujocoLinkOptions.cmake
-- Symlinking: /home/santosh/sp_ws/install/mujoco/share/mujoco/cmake/MujocoMacOS.cmake
-- Symlinking: /home/santosh/sp_ws/install/mujoco/share/mujoco/cmake/SimulateDependencies.cmake
-- Symlinking: /home/santosh/sp_ws/install/mujoco/share/mujoco/cmake/SimulateOptions.cmake
-- Symlinking: /home/santosh/sp_ws/install/mujoco/share/mujoco/cmake/mujocoConfig.cmake
-- Symlinking: /home/santosh/sp_ws/install/mujoco/share/mujoco/cmake/mujocoConfig-version.cmake
-- Symlinking: /home/santosh/sp_ws/install/mujoco/share/mujoco/package.xml
