[0.009s] Invoking command in '/home/santosh/sp_ws/build/mujoco': CMAKE_PREFIX_PATH=/home/santosh/sp_ws/install/communication:/home/santosh/sp_ws/install/navigation:/home/santosh/sp_ws/install/mujoco:/home/santosh/sp_ws/install/ik_pkg:/home/santosh/sp_ws/install/description:/home/santosh/sp_ws/install/core:/home/santosh/sp_ws/install/control_robo:/home/santosh/sp_ws/install/cartographer_slam:/opt/ros/humble LD_LIBRARY_PATH=/home/santosh/sp_ws/install/communication/lib:/home/santosh/sp_ws/install/core/lib:/usr/lib/x86_64-linux-gnu/gazebo-11/plugins:/opt/ros/humble/opt/rviz_ogre_vendor/lib:/opt/ros/humble/lib/x86_64-linux-gnu:/opt/ros/humble/lib:/home/santosh/.mujoco/mujoco210/bin:/usr/lib/nvidia /usr/bin/cmake /home/santosh/sp_ws/src/simulation/mujoco -DAMENT_CMAKE_SYMLINK_INSTALL=1 -DCMAKE_INSTALL_PREFIX=/home/santosh/sp_ws/install/mujoco
[0.059s] -- The C compiler identification is GNU 11.4.0
[0.105s] -- The CXX compiler identification is GNU 11.4.0
[0.114s] -- Detecting C compiler ABI info
[0.190s] -- Detecting C compiler ABI info - done
[0.196s] -- Check for working C compiler: /usr/bin/cc - skipped
[0.196s] -- Detecting C compile features
[0.196s] -- Detecting C compile features - done
[0.199s] -- Detecting CXX compiler ABI info
[0.281s] -- Detecting CXX compiler ABI info - done
[0.289s] -- Check for working CXX compiler: /usr/bin/c++ - skipped
[0.289s] -- Detecting CXX compile features
[0.289s] -- Detecting CXX compile features - done
[0.291s] -- Found ament_cmake: 1.3.11 (/opt/ros/humble/share/ament_cmake/cmake)
[0.538s] -- Found Python3: /usr/bin/python3 (found version "3.10.12") found components: Interpreter 
[0.583s] -- Override CMake install command with custom implementation using symlinks instead of copying resources
[0.608s] -- Found sensor_msgs: 4.2.4 (/opt/ros/humble/share/sensor_msgs/cmake)
[0.632s] -- Found rosidl_generator_c: 3.1.6 (/opt/ros/humble/share/rosidl_generator_c/cmake)
[0.636s] -- Found rosidl_adapter: 3.1.6 (/opt/ros/humble/share/rosidl_adapter/cmake)
[0.642s] -- Found rosidl_generator_cpp: 3.1.6 (/opt/ros/humble/share/rosidl_generator_cpp/cmake)
[0.650s] -- Using all available rosidl_typesupport_c: rosidl_typesupport_fastrtps_c;rosidl_typesupport_introspection_c
[0.660s] -- Using all available rosidl_typesupport_cpp: rosidl_typesupport_fastrtps_cpp;rosidl_typesupport_introspection_cpp
[0.695s] -- Found communication: 0.0.0 (/home/santosh/sp_ws/install/communication/share/communication/cmake)
[0.706s] -- Found rclcpp: 16.0.11 (/opt/ros/humble/share/rclcpp/cmake)
[0.731s] -- Found rmw_implementation_cmake: 6.1.2 (/opt/ros/humble/share/rmw_implementation_cmake/cmake)
[0.733s] -- Found rmw_fastrtps_cpp: 6.2.7 (/opt/ros/humble/share/rmw_fastrtps_cpp/cmake)
[0.821s] -- Found OpenSSL: /usr/lib/x86_64-linux-gnu/libcrypto.so (found version "3.0.2")  
[0.844s] -- Found FastRTPS: /opt/ros/humble/include  
[0.878s] -- Using RMW implementation 'rmw_fastrtps_cpp' as default
[0.884s] -- Looking for pthread.h
[0.958s] -- Looking for pthread.h - found
[0.958s] -- Performing Test CMAKE_HAVE_LIBC_PTHREAD
[1.043s] -- Performing Test CMAKE_HAVE_LIBC_PTHREAD - Success
[1.044s] -- Found Threads: TRUE  
[1.071s] -- Found tf2: 0.25.12 (/opt/ros/humble/share/tf2/cmake)
[1.078s] -- Found tf2_ros: 0.25.12 (/opt/ros/humble/share/tf2_ros/cmake)
[1.134s] -- Found nav_msgs: 4.2.4 (/opt/ros/humble/share/nav_msgs/cmake)
[1.150s] -- Found cv_bridge: 3.2.1 (/opt/ros/humble/share/cv_bridge/cmake)
[1.206s] -- Configuring done
[1.215s] -- Generating done
[1.218s] -- Build files have been written to: /home/santosh/sp_ws/build/mujoco
[1.225s] Invoked command in '/home/santosh/sp_ws/build/mujoco' returned '0': CMAKE_PREFIX_PATH=/home/santosh/sp_ws/install/communication:/home/santosh/sp_ws/install/navigation:/home/santosh/sp_ws/install/mujoco:/home/santosh/sp_ws/install/ik_pkg:/home/santosh/sp_ws/install/description:/home/santosh/sp_ws/install/core:/home/santosh/sp_ws/install/control_robo:/home/santosh/sp_ws/install/cartographer_slam:/opt/ros/humble LD_LIBRARY_PATH=/home/santosh/sp_ws/install/communication/lib:/home/santosh/sp_ws/install/core/lib:/usr/lib/x86_64-linux-gnu/gazebo-11/plugins:/opt/ros/humble/opt/rviz_ogre_vendor/lib:/opt/ros/humble/lib/x86_64-linux-gnu:/opt/ros/humble/lib:/home/santosh/.mujoco/mujoco210/bin:/usr/lib/nvidia /usr/bin/cmake /home/santosh/sp_ws/src/simulation/mujoco -DAMENT_CMAKE_SYMLINK_INSTALL=1 -DCMAKE_INSTALL_PREFIX=/home/santosh/sp_ws/install/mujoco
[1.226s] Invoking command in '/home/santosh/sp_ws/build/mujoco': CMAKE_PREFIX_PATH=/home/santosh/sp_ws/install/communication:/home/santosh/sp_ws/install/navigation:/home/santosh/sp_ws/install/mujoco:/home/santosh/sp_ws/install/ik_pkg:/home/santosh/sp_ws/install/description:/home/santosh/sp_ws/install/core:/home/santosh/sp_ws/install/control_robo:/home/santosh/sp_ws/install/cartographer_slam:/opt/ros/humble LD_LIBRARY_PATH=/home/santosh/sp_ws/install/communication/lib:/home/santosh/sp_ws/install/core/lib:/usr/lib/x86_64-linux-gnu/gazebo-11/plugins:/opt/ros/humble/opt/rviz_ogre_vendor/lib:/opt/ros/humble/lib/x86_64-linux-gnu:/opt/ros/humble/lib:/home/santosh/.mujoco/mujoco210/bin:/usr/lib/nvidia /usr/bin/cmake --build /home/santosh/sp_ws/build/mujoco -- -j12 -l12
[1.275s] [ 25%] [32mBuilding CXX object CMakeFiles/simulation.dir/src/glfw_dispatch.cc.o[0m
[1.275s] [ 25%] [32mBuilding CXX object CMakeFiles/simulation.dir/src/simulate.cc.o[0m
[1.276s] [ 50%] [32mBuilding CXX object CMakeFiles/simulation.dir/src/glfw_adapter.cc.o[0m
[1.276s] [ 50%] [32mBuilding CXX object CMakeFiles/simulation.dir/src/lodepng.cpp.o[0m
[1.277s] [ 62%] [32mBuilding CXX object CMakeFiles/simulation.dir/src/MuJoCoMessageHandler.cpp.o[0m
[1.277s] [ 75%] [32mBuilding CXX object CMakeFiles/simulation.dir/src/platform_ui_adapter.cc.o[0m
[1.277s] [ 87%] [32mBuilding CXX object CMakeFiles/simulation.dir/src/main.cc.o[0m
[9.508s] [100%] [32m[1mLinking CXX executable simulation[0m
[10.024s] [100%] Built target simulation
[10.037s] Invoked command in '/home/santosh/sp_ws/build/mujoco' returned '0': CMAKE_PREFIX_PATH=/home/santosh/sp_ws/install/communication:/home/santosh/sp_ws/install/navigation:/home/santosh/sp_ws/install/mujoco:/home/santosh/sp_ws/install/ik_pkg:/home/santosh/sp_ws/install/description:/home/santosh/sp_ws/install/core:/home/santosh/sp_ws/install/control_robo:/home/santosh/sp_ws/install/cartographer_slam:/opt/ros/humble LD_LIBRARY_PATH=/home/santosh/sp_ws/install/communication/lib:/home/santosh/sp_ws/install/core/lib:/usr/lib/x86_64-linux-gnu/gazebo-11/plugins:/opt/ros/humble/opt/rviz_ogre_vendor/lib:/opt/ros/humble/lib/x86_64-linux-gnu:/opt/ros/humble/lib:/home/santosh/.mujoco/mujoco210/bin:/usr/lib/nvidia /usr/bin/cmake --build /home/santosh/sp_ws/build/mujoco -- -j12 -l12
[10.037s] Invoking command in '/home/santosh/sp_ws/build/mujoco': CMAKE_PREFIX_PATH=/home/santosh/sp_ws/install/communication:/home/santosh/sp_ws/install/navigation:/home/santosh/sp_ws/install/mujoco:/home/santosh/sp_ws/install/ik_pkg:/home/santosh/sp_ws/install/description:/home/santosh/sp_ws/install/core:/home/santosh/sp_ws/install/control_robo:/home/santosh/sp_ws/install/cartographer_slam:/opt/ros/humble LD_LIBRARY_PATH=/home/santosh/sp_ws/install/communication/lib:/home/santosh/sp_ws/install/core/lib:/usr/lib/x86_64-linux-gnu/gazebo-11/plugins:/opt/ros/humble/opt/rviz_ogre_vendor/lib:/opt/ros/humble/lib/x86_64-linux-gnu:/opt/ros/humble/lib:/home/santosh/.mujoco/mujoco210/bin:/usr/lib/nvidia /usr/bin/cmake --install /home/santosh/sp_ws/build/mujoco
[10.045s] -- Install configuration: ""
[10.045s] -- Execute custom install script
[10.045s] -- Symlinking: /home/santosh/sp_ws/install/mujoco/lib/mujoco/simulation
[10.053s] -- Symlinking: /home/santosh/sp_ws/install/mujoco/share/mujoco/launch/simulation_launch.py
[10.061s] -- Symlinking: /home/santosh/sp_ws/install/mujoco/share/ament_index/resource_index/package_run_dependencies/mujoco
[10.069s] -- Symlinking: /home/santosh/sp_ws/install/mujoco/share/ament_index/resource_index/parent_prefix_path/mujoco
[10.076s] -- Symlinking: /home/santosh/sp_ws/install/mujoco/share/mujoco/environment/ament_prefix_path.sh
[10.083s] -- Symlinking: /home/santosh/sp_ws/install/mujoco/share/mujoco/environment/ament_prefix_path.dsv
[10.089s] -- Symlinking: /home/santosh/sp_ws/install/mujoco/share/mujoco/environment/path.sh
[10.097s] -- Symlinking: /home/santosh/sp_ws/install/mujoco/share/mujoco/environment/path.dsv
[10.104s] -- Symlinking: /home/santosh/sp_ws/install/mujoco/share/mujoco/local_setup.bash
[10.115s] -- Symlinking: /home/santosh/sp_ws/install/mujoco/share/mujoco/local_setup.sh
[10.124s] -- Symlinking: /home/santosh/sp_ws/install/mujoco/share/mujoco/local_setup.zsh
[10.131s] -- Symlinking: /home/santosh/sp_ws/install/mujoco/share/mujoco/local_setup.dsv
[10.138s] -- Symlinking: /home/santosh/sp_ws/install/mujoco/share/mujoco/package.dsv
[10.146s] -- Symlinking: /home/santosh/sp_ws/install/mujoco/share/ament_index/resource_index/packages/mujoco
[10.152s] -- Symlinking: /home/santosh/sp_ws/install/mujoco/share/mujoco/cmake/CheckAvxSupport.cmake
[10.159s] -- Symlinking: /home/santosh/sp_ws/install/mujoco/share/mujoco/cmake/FindOrFetch.cmake
[10.167s] -- Symlinking: /home/santosh/sp_ws/install/mujoco/share/mujoco/cmake/MujocoHarden.cmake
[10.173s] -- Symlinking: /home/santosh/sp_ws/install/mujoco/share/mujoco/cmake/MujocoLinkOptions.cmake
[10.180s] -- Symlinking: /home/santosh/sp_ws/install/mujoco/share/mujoco/cmake/MujocoMacOS.cmake
[10.186s] -- Symlinking: /home/santosh/sp_ws/install/mujoco/share/mujoco/cmake/SimulateDependencies.cmake
[10.193s] -- Symlinking: /home/santosh/sp_ws/install/mujoco/share/mujoco/cmake/SimulateOptions.cmake
[10.200s] -- Symlinking: /home/santosh/sp_ws/install/mujoco/share/mujoco/cmake/mujocoConfig.cmake
[10.206s] -- Symlinking: /home/santosh/sp_ws/install/mujoco/share/mujoco/cmake/mujocoConfig-version.cmake
[10.214s] -- Symlinking: /home/santosh/sp_ws/install/mujoco/share/mujoco/package.xml
[10.222s] Invoked command in '/home/santosh/sp_ws/build/mujoco' returned '0': CMAKE_PREFIX_PATH=/home/santosh/sp_ws/install/communication:/home/santosh/sp_ws/install/navigation:/home/santosh/sp_ws/install/mujoco:/home/santosh/sp_ws/install/ik_pkg:/home/santosh/sp_ws/install/description:/home/santosh/sp_ws/install/core:/home/santosh/sp_ws/install/control_robo:/home/santosh/sp_ws/install/cartographer_slam:/opt/ros/humble LD_LIBRARY_PATH=/home/santosh/sp_ws/install/communication/lib:/home/santosh/sp_ws/install/core/lib:/usr/lib/x86_64-linux-gnu/gazebo-11/plugins:/opt/ros/humble/opt/rviz_ogre_vendor/lib:/opt/ros/humble/lib/x86_64-linux-gnu:/opt/ros/humble/lib:/home/santosh/.mujoco/mujoco210/bin:/usr/lib/nvidia /usr/bin/cmake --install /home/santosh/sp_ws/build/mujoco
