[0.059s] DEBUG:colcon:Command line arguments: ['/usr/bin/colcon', 'build', '--symlink-install']
[0.060s] DEBUG:colcon:Parsed command line arguments: Namespace(log_base=None, log_level=None, verb_name='build', build_base='build', install_base='install', merge_install=False, symlink_install=True, test_result_base=None, continue_on_error=False, executor='parallel', parallel_workers=12, event_handlers=None, ignore_user_meta=False, metas=['./colcon.meta'], base_paths=['.'], packages_ignore=None, packages_ignore_regex=None, paths=None, packages_up_to=None, packages_up_to_regex=None, packages_above=None, packages_above_and_dependencies=None, packages_above_depth=None, packages_select_by_dep=None, packages_skip_by_dep=None, packages_skip_up_to=None, packages_select_build_failed=False, packages_skip_build_finished=False, packages_select_test_failures=False, packages_skip_test_passed=False, packages_select=None, packages_skip=None, packages_select_regex=None, packages_skip_regex=None, packages_start=None, packages_end=None, allow_overriding=[], cmake_args=None, cmake_target=None, cmake_target_skip_unavailable=False, cmake_clean_cache=False, cmake_clean_first=False, cmake_force_configure=False, ament_cmake_args=None, catkin_cmake_args=None, catkin_skip_building_tests=False, verb_parser=<colcon_defaults.argument_parser.defaults.DefaultArgumentsDecorator object at 0x7d9f19c77250>, verb_extension=<colcon_core.verb.build.BuildVerb object at 0x7d9f19c76c80>, main=<bound method BuildVerb.main of <colcon_core.verb.build.BuildVerb object at 0x7d9f19c76c80>>)
[0.080s] Level 1:colcon.colcon_core.package_discovery:discover_packages(colcon_meta) check parameters
[0.080s] Level 1:colcon.colcon_core.package_discovery:discover_packages(recursive) check parameters
[0.080s] Level 1:colcon.colcon_core.package_discovery:discover_packages(ignore) check parameters
[0.080s] Level 1:colcon.colcon_core.package_discovery:discover_packages(path) check parameters
[0.080s] Level 1:colcon.colcon_core.package_discovery:discover_packages(colcon_meta) discover
[0.080s] Level 1:colcon.colcon_core.package_discovery:discover_packages(recursive) discover
[0.080s] INFO:colcon.colcon_core.package_discovery:Crawling recursively for packages in '/home/santosh/sp_ws'
[0.081s] Level 1:colcon.colcon_core.package_identification:_identify(.) by extensions ['ignore', 'ignore_ament_install']
[0.081s] Level 1:colcon.colcon_core.package_identification:_identify(.) by extension 'ignore'
[0.081s] Level 1:colcon.colcon_core.package_identification:_identify(.) by extension 'ignore_ament_install'
[0.081s] Level 1:colcon.colcon_core.package_identification:_identify(.) by extensions ['colcon_pkg']
[0.081s] Level 1:colcon.colcon_core.package_identification:_identify(.) by extension 'colcon_pkg'
[0.081s] Level 1:colcon.colcon_core.package_identification:_identify(.) by extensions ['colcon_meta']
[0.081s] Level 1:colcon.colcon_core.package_identification:_identify(.) by extension 'colcon_meta'
[0.081s] Level 1:colcon.colcon_core.package_identification:_identify(.) by extensions ['ros']
[0.081s] Level 1:colcon.colcon_core.package_identification:_identify(.) by extension 'ros'
[0.089s] Level 1:colcon.colcon_core.package_identification:_identify(.) by extensions ['cmake', 'python']
[0.090s] Level 1:colcon.colcon_core.package_identification:_identify(.) by extension 'cmake'
[0.090s] Level 1:colcon.colcon_core.package_identification:_identify(.) by extension 'python'
[0.090s] Level 1:colcon.colcon_core.package_identification:_identify(.) by extensions ['python_setup_py']
[0.090s] Level 1:colcon.colcon_core.package_identification:_identify(.) by extension 'python_setup_py'
[0.090s] Level 1:colcon.colcon_core.package_identification:_identify(build) by extensions ['ignore', 'ignore_ament_install']
[0.090s] Level 1:colcon.colcon_core.package_identification:_identify(build) by extension 'ignore'
[0.090s] Level 1:colcon.colcon_core.package_identification:_identify(build) ignored
[0.090s] Level 1:colcon.colcon_core.package_identification:_identify(install) by extensions ['ignore', 'ignore_ament_install']
[0.090s] Level 1:colcon.colcon_core.package_identification:_identify(install) by extension 'ignore'
[0.090s] Level 1:colcon.colcon_core.package_identification:_identify(install) ignored
[0.090s] Level 1:colcon.colcon_core.package_identification:_identify(log) by extensions ['ignore', 'ignore_ament_install']
[0.090s] Level 1:colcon.colcon_core.package_identification:_identify(log) by extension 'ignore'
[0.090s] Level 1:colcon.colcon_core.package_identification:_identify(log) ignored
[0.090s] Level 1:colcon.colcon_core.package_identification:_identify(src) by extensions ['ignore', 'ignore_ament_install']
[0.090s] Level 1:colcon.colcon_core.package_identification:_identify(src) by extension 'ignore'
[0.090s] Level 1:colcon.colcon_core.package_identification:_identify(src) by extension 'ignore_ament_install'
[0.090s] Level 1:colcon.colcon_core.package_identification:_identify(src) by extensions ['colcon_pkg']
[0.090s] Level 1:colcon.colcon_core.package_identification:_identify(src) by extension 'colcon_pkg'
[0.090s] Level 1:colcon.colcon_core.package_identification:_identify(src) by extensions ['colcon_meta']
[0.090s] Level 1:colcon.colcon_core.package_identification:_identify(src) by extension 'colcon_meta'
[0.090s] Level 1:colcon.colcon_core.package_identification:_identify(src) by extensions ['ros']
[0.090s] Level 1:colcon.colcon_core.package_identification:_identify(src) by extension 'ros'
[0.090s] Level 1:colcon.colcon_core.package_identification:_identify(src) by extensions ['cmake', 'python']
[0.090s] Level 1:colcon.colcon_core.package_identification:_identify(src) by extension 'cmake'
[0.090s] Level 1:colcon.colcon_core.package_identification:_identify(src) by extension 'python'
[0.090s] Level 1:colcon.colcon_core.package_identification:_identify(src) by extensions ['python_setup_py']
[0.090s] Level 1:colcon.colcon_core.package_identification:_identify(src) by extension 'python_setup_py'
[0.090s] Level 1:colcon.colcon_core.package_identification:_identify(src/cartographer_slam) by extensions ['ignore', 'ignore_ament_install']
[0.090s] Level 1:colcon.colcon_core.package_identification:_identify(src/cartographer_slam) by extension 'ignore'
[0.090s] Level 1:colcon.colcon_core.package_identification:_identify(src/cartographer_slam) by extension 'ignore_ament_install'
[0.090s] Level 1:colcon.colcon_core.package_identification:_identify(src/cartographer_slam) by extensions ['colcon_pkg']
[0.090s] Level 1:colcon.colcon_core.package_identification:_identify(src/cartographer_slam) by extension 'colcon_pkg'
[0.090s] Level 1:colcon.colcon_core.package_identification:_identify(src/cartographer_slam) by extensions ['colcon_meta']
[0.090s] Level 1:colcon.colcon_core.package_identification:_identify(src/cartographer_slam) by extension 'colcon_meta'
[0.090s] Level 1:colcon.colcon_core.package_identification:_identify(src/cartographer_slam) by extensions ['ros']
[0.090s] Level 1:colcon.colcon_core.package_identification:_identify(src/cartographer_slam) by extension 'ros'
[0.092s] DEBUG:colcon.colcon_core.package_identification:Package 'src/cartographer_slam' with type 'ros.ament_python' and name 'cartographer_slam'
[0.092s] Level 1:colcon.colcon_core.package_identification:_identify(src/communication) by extensions ['ignore', 'ignore_ament_install']
[0.092s] Level 1:colcon.colcon_core.package_identification:_identify(src/communication) by extension 'ignore'
[0.092s] Level 1:colcon.colcon_core.package_identification:_identify(src/communication) by extension 'ignore_ament_install'
[0.092s] Level 1:colcon.colcon_core.package_identification:_identify(src/communication) by extensions ['colcon_pkg']
[0.092s] Level 1:colcon.colcon_core.package_identification:_identify(src/communication) by extension 'colcon_pkg'
[0.092s] Level 1:colcon.colcon_core.package_identification:_identify(src/communication) by extensions ['colcon_meta']
[0.092s] Level 1:colcon.colcon_core.package_identification:_identify(src/communication) by extension 'colcon_meta'
[0.092s] Level 1:colcon.colcon_core.package_identification:_identify(src/communication) by extensions ['ros']
[0.092s] Level 1:colcon.colcon_core.package_identification:_identify(src/communication) by extension 'ros'
[0.093s] DEBUG:colcon.colcon_core.package_identification:Package 'src/communication' with type 'ros.ament_cmake' and name 'communication'
[0.093s] Level 1:colcon.colcon_core.package_identification:_identify(src/control_robo) by extensions ['ignore', 'ignore_ament_install']
[0.093s] Level 1:colcon.colcon_core.package_identification:_identify(src/control_robo) by extension 'ignore'
[0.093s] Level 1:colcon.colcon_core.package_identification:_identify(src/control_robo) by extension 'ignore_ament_install'
[0.093s] Level 1:colcon.colcon_core.package_identification:_identify(src/control_robo) by extensions ['colcon_pkg']
[0.093s] Level 1:colcon.colcon_core.package_identification:_identify(src/control_robo) by extension 'colcon_pkg'
[0.093s] Level 1:colcon.colcon_core.package_identification:_identify(src/control_robo) by extensions ['colcon_meta']
[0.093s] Level 1:colcon.colcon_core.package_identification:_identify(src/control_robo) by extension 'colcon_meta'
[0.093s] Level 1:colcon.colcon_core.package_identification:_identify(src/control_robo) by extensions ['ros']
[0.093s] Level 1:colcon.colcon_core.package_identification:_identify(src/control_robo) by extension 'ros'
[0.093s] DEBUG:colcon.colcon_core.package_identification:Package 'src/control_robo' with type 'ros.ament_cmake' and name 'control_robo'
[0.093s] Level 1:colcon.colcon_core.package_identification:_identify(src/core) by extensions ['ignore', 'ignore_ament_install']
[0.093s] Level 1:colcon.colcon_core.package_identification:_identify(src/core) by extension 'ignore'
[0.093s] Level 1:colcon.colcon_core.package_identification:_identify(src/core) by extension 'ignore_ament_install'
[0.093s] Level 1:colcon.colcon_core.package_identification:_identify(src/core) by extensions ['colcon_pkg']
[0.093s] Level 1:colcon.colcon_core.package_identification:_identify(src/core) by extension 'colcon_pkg'
[0.093s] Level 1:colcon.colcon_core.package_identification:_identify(src/core) by extensions ['colcon_meta']
[0.093s] Level 1:colcon.colcon_core.package_identification:_identify(src/core) by extension 'colcon_meta'
[0.093s] Level 1:colcon.colcon_core.package_identification:_identify(src/core) by extensions ['ros']
[0.093s] Level 1:colcon.colcon_core.package_identification:_identify(src/core) by extension 'ros'
[0.094s] DEBUG:colcon.colcon_core.package_identification:Package 'src/core' with type 'ros.ament_cmake' and name 'core'
[0.094s] Level 1:colcon.colcon_core.package_identification:_identify(src/description) by extensions ['ignore', 'ignore_ament_install']
[0.094s] Level 1:colcon.colcon_core.package_identification:_identify(src/description) by extension 'ignore'
[0.094s] Level 1:colcon.colcon_core.package_identification:_identify(src/description) by extension 'ignore_ament_install'
[0.094s] Level 1:colcon.colcon_core.package_identification:_identify(src/description) by extensions ['colcon_pkg']
[0.094s] Level 1:colcon.colcon_core.package_identification:_identify(src/description) by extension 'colcon_pkg'
[0.094s] Level 1:colcon.colcon_core.package_identification:_identify(src/description) by extensions ['colcon_meta']
[0.094s] Level 1:colcon.colcon_core.package_identification:_identify(src/description) by extension 'colcon_meta'
[0.094s] Level 1:colcon.colcon_core.package_identification:_identify(src/description) by extensions ['ros']
[0.094s] Level 1:colcon.colcon_core.package_identification:_identify(src/description) by extension 'ros'
[0.094s] DEBUG:colcon.colcon_core.package_identification:Package 'src/description' with type 'ros.ament_cmake' and name 'description'
[0.094s] Level 1:colcon.colcon_core.package_identification:_identify(src/ik_pkg) by extensions ['ignore', 'ignore_ament_install']
[0.094s] Level 1:colcon.colcon_core.package_identification:_identify(src/ik_pkg) by extension 'ignore'
[0.094s] Level 1:colcon.colcon_core.package_identification:_identify(src/ik_pkg) by extension 'ignore_ament_install'
[0.094s] Level 1:colcon.colcon_core.package_identification:_identify(src/ik_pkg) by extensions ['colcon_pkg']
[0.094s] Level 1:colcon.colcon_core.package_identification:_identify(src/ik_pkg) by extension 'colcon_pkg'
[0.094s] Level 1:colcon.colcon_core.package_identification:_identify(src/ik_pkg) by extensions ['colcon_meta']
[0.094s] Level 1:colcon.colcon_core.package_identification:_identify(src/ik_pkg) by extension 'colcon_meta'
[0.094s] Level 1:colcon.colcon_core.package_identification:_identify(src/ik_pkg) by extensions ['ros']
[0.094s] Level 1:colcon.colcon_core.package_identification:_identify(src/ik_pkg) by extension 'ros'
[0.095s] DEBUG:colcon.colcon_core.package_identification:Package 'src/ik_pkg' with type 'ros.ament_cmake' and name 'ik_pkg'
[0.095s] Level 1:colcon.colcon_core.package_identification:_identify(src/navigation) by extensions ['ignore', 'ignore_ament_install']
[0.095s] Level 1:colcon.colcon_core.package_identification:_identify(src/navigation) by extension 'ignore'
[0.095s] Level 1:colcon.colcon_core.package_identification:_identify(src/navigation) by extension 'ignore_ament_install'
[0.095s] Level 1:colcon.colcon_core.package_identification:_identify(src/navigation) by extensions ['colcon_pkg']
[0.095s] Level 1:colcon.colcon_core.package_identification:_identify(src/navigation) by extension 'colcon_pkg'
[0.095s] Level 1:colcon.colcon_core.package_identification:_identify(src/navigation) by extensions ['colcon_meta']
[0.095s] Level 1:colcon.colcon_core.package_identification:_identify(src/navigation) by extension 'colcon_meta'
[0.095s] Level 1:colcon.colcon_core.package_identification:_identify(src/navigation) by extensions ['ros']
[0.095s] Level 1:colcon.colcon_core.package_identification:_identify(src/navigation) by extension 'ros'
[0.095s] DEBUG:colcon.colcon_core.package_identification:Package 'src/navigation' with type 'ros.ament_cmake' and name 'navigation'
[0.095s] Level 1:colcon.colcon_core.package_identification:_identify(src/simulation) by extensions ['ignore', 'ignore_ament_install']
[0.095s] Level 1:colcon.colcon_core.package_identification:_identify(src/simulation) by extension 'ignore'
[0.095s] Level 1:colcon.colcon_core.package_identification:_identify(src/simulation) by extension 'ignore_ament_install'
[0.095s] Level 1:colcon.colcon_core.package_identification:_identify(src/simulation) by extensions ['colcon_pkg']
[0.095s] Level 1:colcon.colcon_core.package_identification:_identify(src/simulation) by extension 'colcon_pkg'
[0.095s] Level 1:colcon.colcon_core.package_identification:_identify(src/simulation) by extensions ['colcon_meta']
[0.096s] Level 1:colcon.colcon_core.package_identification:_identify(src/simulation) by extension 'colcon_meta'
[0.096s] Level 1:colcon.colcon_core.package_identification:_identify(src/simulation) by extensions ['ros']
[0.096s] Level 1:colcon.colcon_core.package_identification:_identify(src/simulation) by extension 'ros'
[0.096s] Level 1:colcon.colcon_core.package_identification:_identify(src/simulation) by extensions ['cmake', 'python']
[0.096s] Level 1:colcon.colcon_core.package_identification:_identify(src/simulation) by extension 'cmake'
[0.096s] Level 1:colcon.colcon_core.package_identification:_identify(src/simulation) by extension 'python'
[0.096s] Level 1:colcon.colcon_core.package_identification:_identify(src/simulation) by extensions ['python_setup_py']
[0.096s] Level 1:colcon.colcon_core.package_identification:_identify(src/simulation) by extension 'python_setup_py'
[0.096s] Level 1:colcon.colcon_core.package_identification:_identify(src/simulation/mujoco) by extensions ['ignore', 'ignore_ament_install']
[0.096s] Level 1:colcon.colcon_core.package_identification:_identify(src/simulation/mujoco) by extension 'ignore'
[0.096s] Level 1:colcon.colcon_core.package_identification:_identify(src/simulation/mujoco) by extension 'ignore_ament_install'
[0.096s] Level 1:colcon.colcon_core.package_identification:_identify(src/simulation/mujoco) by extensions ['colcon_pkg']
[0.096s] Level 1:colcon.colcon_core.package_identification:_identify(src/simulation/mujoco) by extension 'colcon_pkg'
[0.096s] Level 1:colcon.colcon_core.package_identification:_identify(src/simulation/mujoco) by extensions ['colcon_meta']
[0.096s] Level 1:colcon.colcon_core.package_identification:_identify(src/simulation/mujoco) by extension 'colcon_meta'
[0.096s] Level 1:colcon.colcon_core.package_identification:_identify(src/simulation/mujoco) by extensions ['ros']
[0.096s] Level 1:colcon.colcon_core.package_identification:_identify(src/simulation/mujoco) by extension 'ros'
[0.096s] DEBUG:colcon.colcon_core.package_identification:Package 'src/simulation/mujoco' with type 'ros.ament_cmake' and name 'mujoco'
[0.096s] Level 1:colcon.colcon_core.package_discovery:discover_packages(recursive) using defaults
[0.096s] Level 1:colcon.colcon_core.package_discovery:discover_packages(ignore) discover
[0.096s] Level 1:colcon.colcon_core.package_discovery:discover_packages(ignore) using defaults
[0.096s] Level 1:colcon.colcon_core.package_discovery:discover_packages(path) discover
[0.096s] Level 1:colcon.colcon_core.package_discovery:discover_packages(path) using defaults
[0.109s] Level 1:colcon.colcon_core.package_discovery:discover_packages(prefix_path) check parameters
[0.109s] Level 1:colcon.colcon_core.package_discovery:discover_packages(prefix_path) discover
[0.109s] WARNING:colcon.colcon_ros.prefix_path.ament:The path '/home/santosh/sp_ws/install/navigation' in the environment variable AMENT_PREFIX_PATH doesn't exist
[0.109s] WARNING:colcon.colcon_ros.prefix_path.catkin:The path '/home/santosh/sp_ws/install/navigation' in the environment variable CMAKE_PREFIX_PATH doesn't exist
[0.110s] DEBUG:colcon.colcon_installed_package_information.package_discovery:Found 7 installed packages in /home/santosh/sp_ws/install
[0.111s] DEBUG:colcon.colcon_installed_package_information.package_discovery:Found 428 installed packages in /opt/ros/humble
[0.112s] Level 1:colcon.colcon_core.package_discovery:discover_packages(prefix_path) using defaults
[0.137s] Level 5:colcon.colcon_core.verb:set package 'cartographer_slam' build argument 'cmake_args' from command line to 'None'
[0.137s] Level 5:colcon.colcon_core.verb:set package 'cartographer_slam' build argument 'cmake_target' from command line to 'None'
[0.137s] Level 5:colcon.colcon_core.verb:set package 'cartographer_slam' build argument 'cmake_target_skip_unavailable' from command line to 'False'
[0.137s] Level 5:colcon.colcon_core.verb:set package 'cartographer_slam' build argument 'cmake_clean_cache' from command line to 'False'
[0.138s] Level 5:colcon.colcon_core.verb:set package 'cartographer_slam' build argument 'cmake_clean_first' from command line to 'False'
[0.138s] Level 5:colcon.colcon_core.verb:set package 'cartographer_slam' build argument 'cmake_force_configure' from command line to 'False'
[0.138s] Level 5:colcon.colcon_core.verb:set package 'cartographer_slam' build argument 'ament_cmake_args' from command line to 'None'
[0.138s] Level 5:colcon.colcon_core.verb:set package 'cartographer_slam' build argument 'catkin_cmake_args' from command line to 'None'
[0.138s] Level 5:colcon.colcon_core.verb:set package 'cartographer_slam' build argument 'catkin_skip_building_tests' from command line to 'False'
[0.138s] DEBUG:colcon.colcon_core.verb:Building package 'cartographer_slam' with the following arguments: {'ament_cmake_args': None, 'build_base': '/home/santosh/sp_ws/build/cartographer_slam', 'catkin_cmake_args': None, 'catkin_skip_building_tests': False, 'cmake_args': None, 'cmake_clean_cache': False, 'cmake_clean_first': False, 'cmake_force_configure': False, 'cmake_target': None, 'cmake_target_skip_unavailable': False, 'install_base': '/home/santosh/sp_ws/install/cartographer_slam', 'merge_install': False, 'path': '/home/santosh/sp_ws/src/cartographer_slam', 'symlink_install': True, 'test_result_base': None}
[0.138s] Level 5:colcon.colcon_core.verb:set package 'communication' build argument 'cmake_args' from command line to 'None'
[0.138s] Level 5:colcon.colcon_core.verb:set package 'communication' build argument 'cmake_target' from command line to 'None'
[0.138s] Level 5:colcon.colcon_core.verb:set package 'communication' build argument 'cmake_target_skip_unavailable' from command line to 'False'
[0.138s] Level 5:colcon.colcon_core.verb:set package 'communication' build argument 'cmake_clean_cache' from command line to 'False'
[0.138s] Level 5:colcon.colcon_core.verb:set package 'communication' build argument 'cmake_clean_first' from command line to 'False'
[0.138s] Level 5:colcon.colcon_core.verb:set package 'communication' build argument 'cmake_force_configure' from command line to 'False'
[0.138s] Level 5:colcon.colcon_core.verb:set package 'communication' build argument 'ament_cmake_args' from command line to 'None'
[0.138s] Level 5:colcon.colcon_core.verb:set package 'communication' build argument 'catkin_cmake_args' from command line to 'None'
[0.138s] Level 5:colcon.colcon_core.verb:set package 'communication' build argument 'catkin_skip_building_tests' from command line to 'False'
[0.138s] DEBUG:colcon.colcon_core.verb:Building package 'communication' with the following arguments: {'ament_cmake_args': None, 'build_base': '/home/santosh/sp_ws/build/communication', 'catkin_cmake_args': None, 'catkin_skip_building_tests': False, 'cmake_args': None, 'cmake_clean_cache': False, 'cmake_clean_first': False, 'cmake_force_configure': False, 'cmake_target': None, 'cmake_target_skip_unavailable': False, 'install_base': '/home/santosh/sp_ws/install/communication', 'merge_install': False, 'path': '/home/santosh/sp_ws/src/communication', 'symlink_install': True, 'test_result_base': None}
[0.138s] Level 5:colcon.colcon_core.verb:set package 'control_robo' build argument 'cmake_args' from command line to 'None'
[0.138s] Level 5:colcon.colcon_core.verb:set package 'control_robo' build argument 'cmake_target' from command line to 'None'
[0.138s] Level 5:colcon.colcon_core.verb:set package 'control_robo' build argument 'cmake_target_skip_unavailable' from command line to 'False'
[0.138s] Level 5:colcon.colcon_core.verb:set package 'control_robo' build argument 'cmake_clean_cache' from command line to 'False'
[0.138s] Level 5:colcon.colcon_core.verb:set package 'control_robo' build argument 'cmake_clean_first' from command line to 'False'
[0.138s] Level 5:colcon.colcon_core.verb:set package 'control_robo' build argument 'cmake_force_configure' from command line to 'False'
[0.138s] Level 5:colcon.colcon_core.verb:set package 'control_robo' build argument 'ament_cmake_args' from command line to 'None'
[0.138s] Level 5:colcon.colcon_core.verb:set package 'control_robo' build argument 'catkin_cmake_args' from command line to 'None'
[0.138s] Level 5:colcon.colcon_core.verb:set package 'control_robo' build argument 'catkin_skip_building_tests' from command line to 'False'
[0.138s] DEBUG:colcon.colcon_core.verb:Building package 'control_robo' with the following arguments: {'ament_cmake_args': None, 'build_base': '/home/santosh/sp_ws/build/control_robo', 'catkin_cmake_args': None, 'catkin_skip_building_tests': False, 'cmake_args': None, 'cmake_clean_cache': False, 'cmake_clean_first': False, 'cmake_force_configure': False, 'cmake_target': None, 'cmake_target_skip_unavailable': False, 'install_base': '/home/santosh/sp_ws/install/control_robo', 'merge_install': False, 'path': '/home/santosh/sp_ws/src/control_robo', 'symlink_install': True, 'test_result_base': None}
[0.138s] Level 5:colcon.colcon_core.verb:set package 'core' build argument 'cmake_args' from command line to 'None'
[0.138s] Level 5:colcon.colcon_core.verb:set package 'core' build argument 'cmake_target' from command line to 'None'
[0.138s] Level 5:colcon.colcon_core.verb:set package 'core' build argument 'cmake_target_skip_unavailable' from command line to 'False'
[0.138s] Level 5:colcon.colcon_core.verb:set package 'core' build argument 'cmake_clean_cache' from command line to 'False'
[0.138s] Level 5:colcon.colcon_core.verb:set package 'core' build argument 'cmake_clean_first' from command line to 'False'
[0.139s] Level 5:colcon.colcon_core.verb:set package 'core' build argument 'cmake_force_configure' from command line to 'False'
[0.139s] Level 5:colcon.colcon_core.verb:set package 'core' build argument 'ament_cmake_args' from command line to 'None'
[0.139s] Level 5:colcon.colcon_core.verb:set package 'core' build argument 'catkin_cmake_args' from command line to 'None'
[0.139s] Level 5:colcon.colcon_core.verb:set package 'core' build argument 'catkin_skip_building_tests' from command line to 'False'
[0.139s] DEBUG:colcon.colcon_core.verb:Building package 'core' with the following arguments: {'ament_cmake_args': None, 'build_base': '/home/santosh/sp_ws/build/core', 'catkin_cmake_args': None, 'catkin_skip_building_tests': False, 'cmake_args': None, 'cmake_clean_cache': False, 'cmake_clean_first': False, 'cmake_force_configure': False, 'cmake_target': None, 'cmake_target_skip_unavailable': False, 'install_base': '/home/santosh/sp_ws/install/core', 'merge_install': False, 'path': '/home/santosh/sp_ws/src/core', 'symlink_install': True, 'test_result_base': None}
[0.139s] Level 5:colcon.colcon_core.verb:set package 'description' build argument 'cmake_args' from command line to 'None'
[0.139s] Level 5:colcon.colcon_core.verb:set package 'description' build argument 'cmake_target' from command line to 'None'
[0.139s] Level 5:colcon.colcon_core.verb:set package 'description' build argument 'cmake_target_skip_unavailable' from command line to 'False'
[0.139s] Level 5:colcon.colcon_core.verb:set package 'description' build argument 'cmake_clean_cache' from command line to 'False'
[0.139s] Level 5:colcon.colcon_core.verb:set package 'description' build argument 'cmake_clean_first' from command line to 'False'
[0.139s] Level 5:colcon.colcon_core.verb:set package 'description' build argument 'cmake_force_configure' from command line to 'False'
[0.139s] Level 5:colcon.colcon_core.verb:set package 'description' build argument 'ament_cmake_args' from command line to 'None'
[0.139s] Level 5:colcon.colcon_core.verb:set package 'description' build argument 'catkin_cmake_args' from command line to 'None'
[0.139s] Level 5:colcon.colcon_core.verb:set package 'description' build argument 'catkin_skip_building_tests' from command line to 'False'
[0.139s] DEBUG:colcon.colcon_core.verb:Building package 'description' with the following arguments: {'ament_cmake_args': None, 'build_base': '/home/santosh/sp_ws/build/description', 'catkin_cmake_args': None, 'catkin_skip_building_tests': False, 'cmake_args': None, 'cmake_clean_cache': False, 'cmake_clean_first': False, 'cmake_force_configure': False, 'cmake_target': None, 'cmake_target_skip_unavailable': False, 'install_base': '/home/santosh/sp_ws/install/description', 'merge_install': False, 'path': '/home/santosh/sp_ws/src/description', 'symlink_install': True, 'test_result_base': None}
[0.139s] Level 5:colcon.colcon_core.verb:set package 'ik_pkg' build argument 'cmake_args' from command line to 'None'
[0.139s] Level 5:colcon.colcon_core.verb:set package 'ik_pkg' build argument 'cmake_target' from command line to 'None'
[0.139s] Level 5:colcon.colcon_core.verb:set package 'ik_pkg' build argument 'cmake_target_skip_unavailable' from command line to 'False'
[0.139s] Level 5:colcon.colcon_core.verb:set package 'ik_pkg' build argument 'cmake_clean_cache' from command line to 'False'
[0.139s] Level 5:colcon.colcon_core.verb:set package 'ik_pkg' build argument 'cmake_clean_first' from command line to 'False'
[0.139s] Level 5:colcon.colcon_core.verb:set package 'ik_pkg' build argument 'cmake_force_configure' from command line to 'False'
[0.139s] Level 5:colcon.colcon_core.verb:set package 'ik_pkg' build argument 'ament_cmake_args' from command line to 'None'
[0.139s] Level 5:colcon.colcon_core.verb:set package 'ik_pkg' build argument 'catkin_cmake_args' from command line to 'None'
[0.139s] Level 5:colcon.colcon_core.verb:set package 'ik_pkg' build argument 'catkin_skip_building_tests' from command line to 'False'
[0.139s] DEBUG:colcon.colcon_core.verb:Building package 'ik_pkg' with the following arguments: {'ament_cmake_args': None, 'build_base': '/home/santosh/sp_ws/build/ik_pkg', 'catkin_cmake_args': None, 'catkin_skip_building_tests': False, 'cmake_args': None, 'cmake_clean_cache': False, 'cmake_clean_first': False, 'cmake_force_configure': False, 'cmake_target': None, 'cmake_target_skip_unavailable': False, 'install_base': '/home/santosh/sp_ws/install/ik_pkg', 'merge_install': False, 'path': '/home/santosh/sp_ws/src/ik_pkg', 'symlink_install': True, 'test_result_base': None}
[0.139s] Level 5:colcon.colcon_core.verb:set package 'navigation' build argument 'cmake_args' from command line to 'None'
[0.139s] Level 5:colcon.colcon_core.verb:set package 'navigation' build argument 'cmake_target' from command line to 'None'
[0.139s] Level 5:colcon.colcon_core.verb:set package 'navigation' build argument 'cmake_target_skip_unavailable' from command line to 'False'
[0.139s] Level 5:colcon.colcon_core.verb:set package 'navigation' build argument 'cmake_clean_cache' from command line to 'False'
[0.139s] Level 5:colcon.colcon_core.verb:set package 'navigation' build argument 'cmake_clean_first' from command line to 'False'
[0.139s] Level 5:colcon.colcon_core.verb:set package 'navigation' build argument 'cmake_force_configure' from command line to 'False'
[0.139s] Level 5:colcon.colcon_core.verb:set package 'navigation' build argument 'ament_cmake_args' from command line to 'None'
[0.139s] Level 5:colcon.colcon_core.verb:set package 'navigation' build argument 'catkin_cmake_args' from command line to 'None'
[0.139s] Level 5:colcon.colcon_core.verb:set package 'navigation' build argument 'catkin_skip_building_tests' from command line to 'False'
[0.139s] DEBUG:colcon.colcon_core.verb:Building package 'navigation' with the following arguments: {'ament_cmake_args': None, 'build_base': '/home/santosh/sp_ws/build/navigation', 'catkin_cmake_args': None, 'catkin_skip_building_tests': False, 'cmake_args': None, 'cmake_clean_cache': False, 'cmake_clean_first': False, 'cmake_force_configure': False, 'cmake_target': None, 'cmake_target_skip_unavailable': False, 'install_base': '/home/santosh/sp_ws/install/navigation', 'merge_install': False, 'path': '/home/santosh/sp_ws/src/navigation', 'symlink_install': True, 'test_result_base': None}
[0.140s] Level 5:colcon.colcon_core.verb:set package 'mujoco' build argument 'cmake_args' from command line to 'None'
[0.140s] Level 5:colcon.colcon_core.verb:set package 'mujoco' build argument 'cmake_target' from command line to 'None'
[0.140s] Level 5:colcon.colcon_core.verb:set package 'mujoco' build argument 'cmake_target_skip_unavailable' from command line to 'False'
[0.140s] Level 5:colcon.colcon_core.verb:set package 'mujoco' build argument 'cmake_clean_cache' from command line to 'False'
[0.140s] Level 5:colcon.colcon_core.verb:set package 'mujoco' build argument 'cmake_clean_first' from command line to 'False'
[0.140s] Level 5:colcon.colcon_core.verb:set package 'mujoco' build argument 'cmake_force_configure' from command line to 'False'
[0.140s] Level 5:colcon.colcon_core.verb:set package 'mujoco' build argument 'ament_cmake_args' from command line to 'None'
[0.140s] Level 5:colcon.colcon_core.verb:set package 'mujoco' build argument 'catkin_cmake_args' from command line to 'None'
[0.140s] Level 5:colcon.colcon_core.verb:set package 'mujoco' build argument 'catkin_skip_building_tests' from command line to 'False'
[0.140s] DEBUG:colcon.colcon_core.verb:Building package 'mujoco' with the following arguments: {'ament_cmake_args': None, 'build_base': '/home/santosh/sp_ws/build/mujoco', 'catkin_cmake_args': None, 'catkin_skip_building_tests': False, 'cmake_args': None, 'cmake_clean_cache': False, 'cmake_clean_first': False, 'cmake_force_configure': False, 'cmake_target': None, 'cmake_target_skip_unavailable': False, 'install_base': '/home/santosh/sp_ws/install/mujoco', 'merge_install': False, 'path': '/home/santosh/sp_ws/src/simulation/mujoco', 'symlink_install': True, 'test_result_base': None}
[0.140s] INFO:colcon.colcon_core.executor:Executing jobs using 'parallel' executor
[0.141s] DEBUG:colcon.colcon_parallel_executor.executor.parallel:run_until_complete
[0.141s] INFO:colcon.colcon_ros.task.ament_cmake.build:Building ROS package in '/home/santosh/sp_ws/src/communication' with build type 'ament_cmake'
[0.141s] INFO:colcon.colcon_cmake.task.cmake.build:Building CMake package in '/home/santosh/sp_ws/src/communication'
[0.142s] INFO:colcon.colcon_core.plugin_system:Skipping extension 'colcon_core.shell.bat': Not used on non-Windows systems
[0.142s] INFO:colcon.colcon_core.shell:Skip shell extension 'powershell' for command environment: Not usable outside of PowerShell
[0.142s] DEBUG:colcon.colcon_core.shell:Skip shell extension 'dsv' for command environment
[0.144s] INFO:colcon.colcon_ros.task.ament_python.build:Building ROS package in '/home/santosh/sp_ws/src/cartographer_slam' with build type 'ament_python'
[0.144s] Level 1:colcon.colcon_core.shell:create_environment_hook('cartographer_slam', 'ament_prefix_path')
[0.145s] INFO:colcon.colcon_core.shell:Creating environment hook '/home/santosh/sp_ws/install/cartographer_slam/share/cartographer_slam/hook/ament_prefix_path.ps1'
[0.145s] INFO:colcon.colcon_core.shell:Creating environment descriptor '/home/santosh/sp_ws/install/cartographer_slam/share/cartographer_slam/hook/ament_prefix_path.dsv'
[0.145s] INFO:colcon.colcon_core.shell:Creating environment hook '/home/santosh/sp_ws/install/cartographer_slam/share/cartographer_slam/hook/ament_prefix_path.sh'
[0.145s] INFO:colcon.colcon_core.shell:Skip shell extension 'powershell' for command environment: Not usable outside of PowerShell
[0.146s] DEBUG:colcon.colcon_core.shell:Skip shell extension 'dsv' for command environment
[0.148s] INFO:colcon.colcon_ros.task.ament_cmake.build:Building ROS package in '/home/santosh/sp_ws/src/control_robo' with build type 'ament_cmake'
[0.148s] INFO:colcon.colcon_cmake.task.cmake.build:Building CMake package in '/home/santosh/sp_ws/src/control_robo'
[0.148s] INFO:colcon.colcon_core.shell:Skip shell extension 'powershell' for command environment: Not usable outside of PowerShell
[0.148s] DEBUG:colcon.colcon_core.shell:Skip shell extension 'dsv' for command environment
[0.150s] INFO:colcon.colcon_ros.task.ament_cmake.build:Building ROS package in '/home/santosh/sp_ws/src/core' with build type 'ament_cmake'
[0.150s] INFO:colcon.colcon_cmake.task.cmake.build:Building CMake package in '/home/santosh/sp_ws/src/core'
[0.150s] INFO:colcon.colcon_core.shell:Skip shell extension 'powershell' for command environment: Not usable outside of PowerShell
[0.150s] DEBUG:colcon.colcon_core.shell:Skip shell extension 'dsv' for command environment
[0.152s] INFO:colcon.colcon_ros.task.ament_cmake.build:Building ROS package in '/home/santosh/sp_ws/src/description' with build type 'ament_cmake'
[0.152s] INFO:colcon.colcon_cmake.task.cmake.build:Building CMake package in '/home/santosh/sp_ws/src/description'
[0.152s] INFO:colcon.colcon_core.shell:Skip shell extension 'powershell' for command environment: Not usable outside of PowerShell
[0.152s] DEBUG:colcon.colcon_core.shell:Skip shell extension 'dsv' for command environment
[0.155s] INFO:colcon.colcon_ros.task.ament_cmake.build:Building ROS package in '/home/santosh/sp_ws/src/ik_pkg' with build type 'ament_cmake'
[0.155s] INFO:colcon.colcon_cmake.task.cmake.build:Building CMake package in '/home/santosh/sp_ws/src/ik_pkg'
[0.155s] INFO:colcon.colcon_core.shell:Skip shell extension 'powershell' for command environment: Not usable outside of PowerShell
[0.155s] DEBUG:colcon.colcon_core.shell:Skip shell extension 'dsv' for command environment
[0.157s] INFO:colcon.colcon_ros.task.ament_cmake.build:Building ROS package in '/home/santosh/sp_ws/src/navigation' with build type 'ament_cmake'
[0.157s] INFO:colcon.colcon_cmake.task.cmake.build:Building CMake package in '/home/santosh/sp_ws/src/navigation'
[0.157s] INFO:colcon.colcon_core.shell:Skip shell extension 'powershell' for command environment: Not usable outside of PowerShell
[0.157s] DEBUG:colcon.colcon_core.shell:Skip shell extension 'dsv' for command environment
[0.162s] DEBUG:colcon.colcon_core.event_handler.log_command:Invoking command in '/home/santosh/sp_ws/build/communication': CMAKE_PREFIX_PATH=${CMAKE_PREFIX_PATH}:/home/santosh/sp_ws/install/cartographer_slam:/opt/ros/humble /usr/bin/cmake --build /home/santosh/sp_ws/build/communication -- -j12 -l12
[0.307s] INFO:colcon.colcon_core.task.python.build:Building Python package in '/home/santosh/sp_ws/src/cartographer_slam'
[0.307s] INFO:colcon.colcon_core.shell:Skip shell extension 'powershell' for command environment: Not usable outside of PowerShell
[0.307s] DEBUG:colcon.colcon_core.shell:Skip shell extension 'dsv' for command environment
[0.311s] DEBUG:colcon.colcon_core.event_handler.log_command:Invoking command in '/home/santosh/sp_ws/build/control_robo': CMAKE_PREFIX_PATH=${CMAKE_PREFIX_PATH}:/home/santosh/sp_ws/install/cartographer_slam:/opt/ros/humble /usr/bin/cmake --build /home/santosh/sp_ws/build/control_robo -- -j12 -l12
[0.313s] DEBUG:colcon.colcon_core.event_handler.log_command:Invoking command in '/home/santosh/sp_ws/build/core': CMAKE_PREFIX_PATH=${CMAKE_PREFIX_PATH}:/home/santosh/sp_ws/install/cartographer_slam:/opt/ros/humble /usr/bin/cmake --build /home/santosh/sp_ws/build/core -- -j12 -l12
[0.316s] DEBUG:colcon.colcon_core.event_handler.log_command:Invoking command in '/home/santosh/sp_ws/build/description': CMAKE_PREFIX_PATH=${CMAKE_PREFIX_PATH}:/home/santosh/sp_ws/install/cartographer_slam:/opt/ros/humble /usr/bin/cmake --build /home/santosh/sp_ws/build/description -- -j12 -l12
[0.333s] DEBUG:colcon.colcon_core.event_handler.log_command:Invoking command in '/home/santosh/sp_ws/build/ik_pkg': CMAKE_PREFIX_PATH=${CMAKE_PREFIX_PATH}:/home/santosh/sp_ws/install/cartographer_slam:/opt/ros/humble /usr/bin/cmake /home/santosh/sp_ws/src/ik_pkg -DAMENT_CMAKE_SYMLINK_INSTALL=1 -DCMAKE_INSTALL_PREFIX=/home/santosh/sp_ws/install/ik_pkg
[0.336s] DEBUG:colcon.colcon_core.event_handler.log_command:Invoking command in '/home/santosh/sp_ws/build/navigation': CMAKE_PREFIX_PATH=${CMAKE_PREFIX_PATH}:/home/santosh/sp_ws/install/cartographer_slam:/opt/ros/humble /usr/bin/cmake --build /home/santosh/sp_ws/build/navigation -- -j12 -l12
[0.344s] DEBUG:colcon.colcon_core.event_handler.log_command:Invoked command in '/home/santosh/sp_ws/build/control_robo' returned '0': CMAKE_PREFIX_PATH=${CMAKE_PREFIX_PATH}:/home/santosh/sp_ws/install/cartographer_slam:/opt/ros/humble /usr/bin/cmake --build /home/santosh/sp_ws/build/control_robo -- -j12 -l12
[0.355s] DEBUG:colcon.colcon_core.event_handler.log_command:Invoking command in '/home/santosh/sp_ws/build/control_robo': CMAKE_PREFIX_PATH=${CMAKE_PREFIX_PATH}:/home/santosh/sp_ws/install/cartographer_slam:/opt/ros/humble /usr/bin/cmake --install /home/santosh/sp_ws/build/control_robo
[0.356s] DEBUG:colcon.colcon_core.event_handler.log_command:Invoked command in '/home/santosh/sp_ws/build/description' returned '0': CMAKE_PREFIX_PATH=${CMAKE_PREFIX_PATH}:/home/santosh/sp_ws/install/cartographer_slam:/opt/ros/humble /usr/bin/cmake --build /home/santosh/sp_ws/build/description -- -j12 -l12
[0.357s] DEBUG:colcon.colcon_core.event_handler.log_command:Invoking command in '/home/santosh/sp_ws/build/description': CMAKE_PREFIX_PATH=${CMAKE_PREFIX_PATH}:/home/santosh/sp_ws/install/cartographer_slam:/opt/ros/humble /usr/bin/cmake --install /home/santosh/sp_ws/build/description
[0.376s] DEBUG:colcon.colcon_core.event_handler.log_command:Invoked command in '/home/santosh/sp_ws/build/core' returned '0': CMAKE_PREFIX_PATH=${CMAKE_PREFIX_PATH}:/home/santosh/sp_ws/install/cartographer_slam:/opt/ros/humble /usr/bin/cmake --build /home/santosh/sp_ws/build/core -- -j12 -l12
[0.377s] DEBUG:colcon.colcon_core.event_handler.log_command:Invoking command in '/home/santosh/sp_ws/build/core': CMAKE_PREFIX_PATH=${CMAKE_PREFIX_PATH}:/home/santosh/sp_ws/install/cartographer_slam:/opt/ros/humble /usr/bin/cmake --install /home/santosh/sp_ws/build/core
[0.382s] Level 1:colcon.colcon_core.environment:create_environment_scripts_only(control_robo)
[0.383s] DEBUG:colcon.colcon_core.event_handler.log_command:Invoked command in '/home/santosh/sp_ws/build/control_robo' returned '0': CMAKE_PREFIX_PATH=${CMAKE_PREFIX_PATH}:/home/santosh/sp_ws/install/cartographer_slam:/opt/ros/humble /usr/bin/cmake --install /home/santosh/sp_ws/build/control_robo
[0.385s] Level 1:colcon.colcon_core.environment:checking '/home/santosh/sp_ws/install/control_robo' for CMake module files
[0.385s] Level 1:colcon.colcon_core.environment:checking '/home/santosh/sp_ws/install/control_robo' for CMake config files
[0.385s] Level 1:colcon.colcon_core.shell:create_environment_hook('control_robo', 'cmake_prefix_path')
[0.386s] INFO:colcon.colcon_core.shell:Creating environment hook '/home/santosh/sp_ws/install/control_robo/share/control_robo/hook/cmake_prefix_path.ps1'
[0.386s] INFO:colcon.colcon_core.shell:Creating environment descriptor '/home/santosh/sp_ws/install/control_robo/share/control_robo/hook/cmake_prefix_path.dsv'
[0.387s] INFO:colcon.colcon_core.shell:Creating environment hook '/home/santosh/sp_ws/install/control_robo/share/control_robo/hook/cmake_prefix_path.sh'
[0.387s] Level 1:colcon.colcon_core.environment:checking '/home/santosh/sp_ws/install/control_robo/bin'
[0.387s] Level 1:colcon.colcon_core.environment:checking '/home/santosh/sp_ws/install/control_robo/lib/pkgconfig/control_robo.pc'
[0.388s] Level 1:colcon.colcon_core.environment:checking '/home/santosh/sp_ws/install/control_robo/lib/python3.10/site-packages'
[0.388s] Level 1:colcon.colcon_core.environment:checking '/home/santosh/sp_ws/install/control_robo/bin'
[0.388s] INFO:colcon.colcon_core.shell:Creating package script '/home/santosh/sp_ws/install/control_robo/share/control_robo/package.ps1'
[0.390s] INFO:colcon.colcon_core.shell:Creating package descriptor '/home/santosh/sp_ws/install/control_robo/share/control_robo/package.dsv'
[0.391s] INFO:colcon.colcon_core.shell:Creating package script '/home/santosh/sp_ws/install/control_robo/share/control_robo/package.sh'
[0.392s] INFO:colcon.colcon_core.shell:Creating package script '/home/santosh/sp_ws/install/control_robo/share/control_robo/package.bash'
[0.393s] INFO:colcon.colcon_core.shell:Creating package script '/home/santosh/sp_ws/install/control_robo/share/control_robo/package.zsh'
[0.395s] Level 1:colcon.colcon_core.environment:create_file_with_runtime_dependencies(/home/santosh/sp_ws/install/control_robo/share/colcon-core/packages/control_robo)
[0.396s] Level 1:colcon.colcon_core.environment:create_environment_scripts_only(control_robo)
[0.396s] Level 1:colcon.colcon_core.environment:checking '/home/santosh/sp_ws/install/control_robo' for CMake module files
[0.396s] Level 1:colcon.colcon_core.environment:checking '/home/santosh/sp_ws/install/control_robo' for CMake config files
[0.397s] Level 1:colcon.colcon_core.shell:create_environment_hook('control_robo', 'cmake_prefix_path')
[0.397s] INFO:colcon.colcon_core.shell:Creating environment hook '/home/santosh/sp_ws/install/control_robo/share/control_robo/hook/cmake_prefix_path.ps1'
[0.398s] INFO:colcon.colcon_core.shell:Creating environment descriptor '/home/santosh/sp_ws/install/control_robo/share/control_robo/hook/cmake_prefix_path.dsv'
[0.398s] INFO:colcon.colcon_core.shell:Creating environment hook '/home/santosh/sp_ws/install/control_robo/share/control_robo/hook/cmake_prefix_path.sh'
[0.399s] Level 1:colcon.colcon_core.environment:checking '/home/santosh/sp_ws/install/control_robo/bin'
[0.400s] Level 1:colcon.colcon_core.environment:checking '/home/santosh/sp_ws/install/control_robo/lib/pkgconfig/control_robo.pc'
[0.400s] Level 1:colcon.colcon_core.environment:checking '/home/santosh/sp_ws/install/control_robo/lib/python3.10/site-packages'
[0.400s] Level 1:colcon.colcon_core.environment:checking '/home/santosh/sp_ws/install/control_robo/bin'
[0.400s] INFO:colcon.colcon_core.shell:Creating package script '/home/santosh/sp_ws/install/control_robo/share/control_robo/package.ps1'
[0.401s] INFO:colcon.colcon_core.shell:Creating package descriptor '/home/santosh/sp_ws/install/control_robo/share/control_robo/package.dsv'
[0.402s] INFO:colcon.colcon_core.shell:Creating package script '/home/santosh/sp_ws/install/control_robo/share/control_robo/package.sh'
[0.402s] INFO:colcon.colcon_core.shell:Creating package script '/home/santosh/sp_ws/install/control_robo/share/control_robo/package.bash'
[0.402s] INFO:colcon.colcon_core.shell:Creating package script '/home/santosh/sp_ws/install/control_robo/share/control_robo/package.zsh'
[0.403s] Level 1:colcon.colcon_core.environment:create_file_with_runtime_dependencies(/home/santosh/sp_ws/install/control_robo/share/colcon-core/packages/control_robo)
[0.404s] Level 1:colcon.colcon_core.environment:create_environment_scripts_only(description)
[0.404s] Level 1:colcon.colcon_core.environment:checking '/home/santosh/sp_ws/install/description' for CMake module files
[0.405s] DEBUG:colcon.colcon_core.event_handler.log_command:Invoked command in '/home/santosh/sp_ws/build/description' returned '0': CMAKE_PREFIX_PATH=${CMAKE_PREFIX_PATH}:/home/santosh/sp_ws/install/cartographer_slam:/opt/ros/humble /usr/bin/cmake --install /home/santosh/sp_ws/build/description
[0.405s] Level 1:colcon.colcon_core.environment:checking '/home/santosh/sp_ws/install/description' for CMake config files
[0.406s] Level 1:colcon.colcon_core.shell:create_environment_hook('description', 'cmake_prefix_path')
[0.406s] INFO:colcon.colcon_core.shell:Creating environment hook '/home/santosh/sp_ws/install/description/share/description/hook/cmake_prefix_path.ps1'
[0.407s] INFO:colcon.colcon_core.shell:Creating environment descriptor '/home/santosh/sp_ws/install/description/share/description/hook/cmake_prefix_path.dsv'
[0.407s] INFO:colcon.colcon_core.shell:Creating environment hook '/home/santosh/sp_ws/install/description/share/description/hook/cmake_prefix_path.sh'
[0.407s] Level 1:colcon.colcon_core.environment:checking '/home/santosh/sp_ws/install/description/bin'
[0.407s] Level 1:colcon.colcon_core.environment:checking '/home/santosh/sp_ws/install/description/lib/pkgconfig/description.pc'
[0.407s] Level 1:colcon.colcon_core.environment:checking '/home/santosh/sp_ws/install/description/lib/python3.10/site-packages'
[0.408s] Level 1:colcon.colcon_core.environment:checking '/home/santosh/sp_ws/install/description/bin'
[0.408s] INFO:colcon.colcon_core.shell:Creating package script '/home/santosh/sp_ws/install/description/share/description/package.ps1'
[0.408s] INFO:colcon.colcon_core.shell:Creating package descriptor '/home/santosh/sp_ws/install/description/share/description/package.dsv'
[0.408s] INFO:colcon.colcon_core.shell:Creating package script '/home/santosh/sp_ws/install/description/share/description/package.sh'
[0.409s] INFO:colcon.colcon_core.shell:Creating package script '/home/santosh/sp_ws/install/description/share/description/package.bash'
[0.409s] INFO:colcon.colcon_core.shell:Creating package script '/home/santosh/sp_ws/install/description/share/description/package.zsh'
[0.409s] Level 1:colcon.colcon_core.environment:create_file_with_runtime_dependencies(/home/santosh/sp_ws/install/description/share/colcon-core/packages/description)
[0.409s] Level 1:colcon.colcon_core.environment:create_environment_scripts_only(description)
[0.409s] Level 1:colcon.colcon_core.environment:checking '/home/santosh/sp_ws/install/description' for CMake module files
[0.410s] Level 1:colcon.colcon_core.environment:checking '/home/santosh/sp_ws/install/description' for CMake config files
[0.410s] Level 1:colcon.colcon_core.shell:create_environment_hook('description', 'cmake_prefix_path')
[0.410s] INFO:colcon.colcon_core.shell:Creating environment hook '/home/santosh/sp_ws/install/description/share/description/hook/cmake_prefix_path.ps1'
[0.410s] INFO:colcon.colcon_core.shell:Creating environment descriptor '/home/santosh/sp_ws/install/description/share/description/hook/cmake_prefix_path.dsv'
[0.411s] INFO:colcon.colcon_core.shell:Creating environment hook '/home/santosh/sp_ws/install/description/share/description/hook/cmake_prefix_path.sh'
[0.411s] Level 1:colcon.colcon_core.environment:checking '/home/santosh/sp_ws/install/description/bin'
[0.411s] Level 1:colcon.colcon_core.environment:checking '/home/santosh/sp_ws/install/description/lib/pkgconfig/description.pc'
[0.411s] Level 1:colcon.colcon_core.environment:checking '/home/santosh/sp_ws/install/description/lib/python3.10/site-packages'
[0.411s] Level 1:colcon.colcon_core.environment:checking '/home/santosh/sp_ws/install/description/bin'
[0.411s] INFO:colcon.colcon_core.shell:Creating package script '/home/santosh/sp_ws/install/description/share/description/package.ps1'
[0.412s] INFO:colcon.colcon_core.shell:Creating package descriptor '/home/santosh/sp_ws/install/description/share/description/package.dsv'
[0.412s] INFO:colcon.colcon_core.shell:Creating package script '/home/santosh/sp_ws/install/description/share/description/package.sh'
[0.412s] INFO:colcon.colcon_core.shell:Creating package script '/home/santosh/sp_ws/install/description/share/description/package.bash'
[0.412s] INFO:colcon.colcon_core.shell:Creating package script '/home/santosh/sp_ws/install/description/share/description/package.zsh'
[0.412s] Level 1:colcon.colcon_core.environment:create_file_with_runtime_dependencies(/home/santosh/sp_ws/install/description/share/colcon-core/packages/description)
[0.413s] Level 1:colcon.colcon_core.environment:create_environment_scripts_only(core)
[0.413s] Level 1:colcon.colcon_core.environment:checking '/home/santosh/sp_ws/install/core' for CMake module files
[0.413s] Level 1:colcon.colcon_core.environment:checking '/home/santosh/sp_ws/install/core' for CMake config files
[0.414s] DEBUG:colcon.colcon_core.event_handler.log_command:Invoked command in '/home/santosh/sp_ws/build/core' returned '0': CMAKE_PREFIX_PATH=${CMAKE_PREFIX_PATH}:/home/santosh/sp_ws/install/cartographer_slam:/opt/ros/humble /usr/bin/cmake --install /home/santosh/sp_ws/build/core
[0.414s] Level 1:colcon.colcon_core.shell:create_environment_hook('core', 'cmake_prefix_path')
[0.414s] INFO:colcon.colcon_core.shell:Creating environment hook '/home/santosh/sp_ws/install/core/share/core/hook/cmake_prefix_path.ps1'
[0.414s] INFO:colcon.colcon_core.shell:Creating environment descriptor '/home/santosh/sp_ws/install/core/share/core/hook/cmake_prefix_path.dsv'
[0.415s] INFO:colcon.colcon_core.shell:Creating environment hook '/home/santosh/sp_ws/install/core/share/core/hook/cmake_prefix_path.sh'
[0.415s] Level 1:colcon.colcon_core.environment:checking '/home/santosh/sp_ws/install/core/lib'
[0.415s] Level 1:colcon.colcon_core.shell:create_environment_hook('core', 'ld_library_path_lib')
[0.415s] INFO:colcon.colcon_core.shell:Creating environment hook '/home/santosh/sp_ws/install/core/share/core/hook/ld_library_path_lib.ps1'
[0.416s] INFO:colcon.colcon_core.shell:Creating environment descriptor '/home/santosh/sp_ws/install/core/share/core/hook/ld_library_path_lib.dsv'
[0.416s] INFO:colcon.colcon_core.shell:Creating environment hook '/home/santosh/sp_ws/install/core/share/core/hook/ld_library_path_lib.sh'
[0.416s] Level 1:colcon.colcon_core.environment:checking '/home/santosh/sp_ws/install/core/bin'
[0.416s] Level 1:colcon.colcon_core.environment:checking '/home/santosh/sp_ws/install/core/lib/pkgconfig/core.pc'
[0.416s] Level 1:colcon.colcon_core.environment:checking '/home/santosh/sp_ws/install/core/lib/python3.10/site-packages'
[0.416s] Level 1:colcon.colcon_core.environment:checking '/home/santosh/sp_ws/install/core/bin'
[0.417s] INFO:colcon.colcon_core.shell:Creating package script '/home/santosh/sp_ws/install/core/share/core/package.ps1'
[0.417s] INFO:colcon.colcon_core.shell:Creating package descriptor '/home/santosh/sp_ws/install/core/share/core/package.dsv'
[0.417s] INFO:colcon.colcon_core.shell:Creating package script '/home/santosh/sp_ws/install/core/share/core/package.sh'
[0.417s] INFO:colcon.colcon_core.shell:Creating package script '/home/santosh/sp_ws/install/core/share/core/package.bash'
[0.418s] INFO:colcon.colcon_core.shell:Creating package script '/home/santosh/sp_ws/install/core/share/core/package.zsh'
[0.418s] Level 1:colcon.colcon_core.environment:create_file_with_runtime_dependencies(/home/santosh/sp_ws/install/core/share/colcon-core/packages/core)
[0.418s] Level 1:colcon.colcon_core.environment:create_environment_scripts_only(core)
[0.418s] Level 1:colcon.colcon_core.environment:checking '/home/santosh/sp_ws/install/core' for CMake module files
[0.419s] Level 1:colcon.colcon_core.environment:checking '/home/santosh/sp_ws/install/core' for CMake config files
[0.419s] Level 1:colcon.colcon_core.shell:create_environment_hook('core', 'cmake_prefix_path')
[0.419s] INFO:colcon.colcon_core.shell:Creating environment hook '/home/santosh/sp_ws/install/core/share/core/hook/cmake_prefix_path.ps1'
[0.419s] INFO:colcon.colcon_core.shell:Creating environment descriptor '/home/santosh/sp_ws/install/core/share/core/hook/cmake_prefix_path.dsv'
[0.419s] INFO:colcon.colcon_core.shell:Creating environment hook '/home/santosh/sp_ws/install/core/share/core/hook/cmake_prefix_path.sh'
[0.420s] Level 1:colcon.colcon_core.environment:checking '/home/santosh/sp_ws/install/core/lib'
[0.420s] Level 1:colcon.colcon_core.shell:create_environment_hook('core', 'ld_library_path_lib')
[0.420s] INFO:colcon.colcon_core.shell:Creating environment hook '/home/santosh/sp_ws/install/core/share/core/hook/ld_library_path_lib.ps1'
[0.420s] INFO:colcon.colcon_core.shell:Creating environment descriptor '/home/santosh/sp_ws/install/core/share/core/hook/ld_library_path_lib.dsv'
[0.420s] INFO:colcon.colcon_core.shell:Creating environment hook '/home/santosh/sp_ws/install/core/share/core/hook/ld_library_path_lib.sh'
[0.420s] Level 1:colcon.colcon_core.environment:checking '/home/santosh/sp_ws/install/core/bin'
[0.420s] Level 1:colcon.colcon_core.environment:checking '/home/santosh/sp_ws/install/core/lib/pkgconfig/core.pc'
[0.420s] Level 1:colcon.colcon_core.environment:checking '/home/santosh/sp_ws/install/core/lib/python3.10/site-packages'
[0.421s] Level 1:colcon.colcon_core.environment:checking '/home/santosh/sp_ws/install/core/bin'
[0.421s] INFO:colcon.colcon_core.shell:Creating package script '/home/santosh/sp_ws/install/core/share/core/package.ps1'
[0.421s] INFO:colcon.colcon_core.shell:Creating package descriptor '/home/santosh/sp_ws/install/core/share/core/package.dsv'
[0.421s] INFO:colcon.colcon_core.shell:Creating package script '/home/santosh/sp_ws/install/core/share/core/package.sh'
[0.422s] INFO:colcon.colcon_core.shell:Creating package script '/home/santosh/sp_ws/install/core/share/core/package.bash'
[0.422s] INFO:colcon.colcon_core.shell:Creating package script '/home/santosh/sp_ws/install/core/share/core/package.zsh'
[0.422s] Level 1:colcon.colcon_core.environment:create_file_with_runtime_dependencies(/home/santosh/sp_ws/install/core/share/colcon-core/packages/core)
[0.424s] DEBUG:colcon.colcon_core.event_handler.log_command:Invoked command in '/home/santosh/sp_ws/build/navigation' returned '0': CMAKE_PREFIX_PATH=${CMAKE_PREFIX_PATH}:/home/santosh/sp_ws/install/cartographer_slam:/opt/ros/humble /usr/bin/cmake --build /home/santosh/sp_ws/build/navigation -- -j12 -l12
[0.424s] DEBUG:colcon.colcon_core.event_handler.log_command:Invoking command in '/home/santosh/sp_ws/build/navigation': CMAKE_PREFIX_PATH=${CMAKE_PREFIX_PATH}:/home/santosh/sp_ws/install/cartographer_slam:/opt/ros/humble /usr/bin/cmake --install /home/santosh/sp_ws/build/navigation
[0.492s] DEBUG:colcon.colcon_core.event_handler.log_command:Invoked command in '/home/santosh/sp_ws/build/communication' returned '0': CMAKE_PREFIX_PATH=${CMAKE_PREFIX_PATH}:/home/santosh/sp_ws/install/cartographer_slam:/opt/ros/humble /usr/bin/cmake --build /home/santosh/sp_ws/build/communication -- -j12 -l12
[0.494s] DEBUG:colcon.colcon_core.event_handler.log_command:Invoking command in '/home/santosh/sp_ws/build/communication': CMAKE_PREFIX_PATH=${CMAKE_PREFIX_PATH}:/home/santosh/sp_ws/install/cartographer_slam:/opt/ros/humble /usr/bin/cmake --install /home/santosh/sp_ws/build/communication
[0.547s] Level 1:colcon.colcon_core.environment:create_environment_scripts_only(communication)
[0.547s] Level 1:colcon.colcon_core.environment:checking '/home/santosh/sp_ws/install/communication' for CMake module files
[0.548s] DEBUG:colcon.colcon_core.event_handler.log_command:Invoked command in '/home/santosh/sp_ws/build/communication' returned '0': CMAKE_PREFIX_PATH=${CMAKE_PREFIX_PATH}:/home/santosh/sp_ws/install/cartographer_slam:/opt/ros/humble /usr/bin/cmake --install /home/santosh/sp_ws/build/communication
[0.548s] Level 1:colcon.colcon_core.environment:checking '/home/santosh/sp_ws/install/communication' for CMake config files
[0.549s] Level 1:colcon.colcon_core.shell:create_environment_hook('communication', 'cmake_prefix_path')
[0.549s] INFO:colcon.colcon_core.shell:Creating environment hook '/home/santosh/sp_ws/install/communication/share/communication/hook/cmake_prefix_path.ps1'
[0.549s] INFO:colcon.colcon_core.shell:Creating environment descriptor '/home/santosh/sp_ws/install/communication/share/communication/hook/cmake_prefix_path.dsv'
[0.549s] INFO:colcon.colcon_core.shell:Creating environment hook '/home/santosh/sp_ws/install/communication/share/communication/hook/cmake_prefix_path.sh'
[0.549s] Level 1:colcon.colcon_core.environment:checking '/home/santosh/sp_ws/install/communication/lib'
[0.550s] Level 1:colcon.colcon_core.shell:create_environment_hook('communication', 'ld_library_path_lib')
[0.550s] INFO:colcon.colcon_core.shell:Creating environment hook '/home/santosh/sp_ws/install/communication/share/communication/hook/ld_library_path_lib.ps1'
[0.550s] INFO:colcon.colcon_core.shell:Creating environment descriptor '/home/santosh/sp_ws/install/communication/share/communication/hook/ld_library_path_lib.dsv'
[0.550s] INFO:colcon.colcon_core.shell:Creating environment hook '/home/santosh/sp_ws/install/communication/share/communication/hook/ld_library_path_lib.sh'
[0.550s] Level 1:colcon.colcon_core.environment:checking '/home/santosh/sp_ws/install/communication/bin'
[0.550s] Level 1:colcon.colcon_core.environment:checking '/home/santosh/sp_ws/install/communication/lib/pkgconfig/communication.pc'
[0.550s] Level 1:colcon.colcon_core.environment:checking '/home/santosh/sp_ws/install/communication/lib/python3.10/site-packages'
[0.551s] Level 1:colcon.colcon_core.environment:checking '/home/santosh/sp_ws/install/communication/bin'
[0.551s] INFO:colcon.colcon_core.shell:Creating package script '/home/santosh/sp_ws/install/communication/share/communication/package.ps1'
[0.551s] INFO:colcon.colcon_core.shell:Creating package descriptor '/home/santosh/sp_ws/install/communication/share/communication/package.dsv'
[0.551s] INFO:colcon.colcon_core.shell:Creating package script '/home/santosh/sp_ws/install/communication/share/communication/package.sh'
[0.551s] INFO:colcon.colcon_core.shell:Creating package script '/home/santosh/sp_ws/install/communication/share/communication/package.bash'
[0.552s] INFO:colcon.colcon_core.shell:Creating package script '/home/santosh/sp_ws/install/communication/share/communication/package.zsh'
[0.552s] Level 1:colcon.colcon_core.environment:create_file_with_runtime_dependencies(/home/santosh/sp_ws/install/communication/share/colcon-core/packages/communication)
[0.552s] Level 1:colcon.colcon_core.environment:create_environment_scripts_only(communication)
[0.552s] Level 1:colcon.colcon_core.environment:checking '/home/santosh/sp_ws/install/communication' for CMake module files
[0.553s] Level 1:colcon.colcon_core.environment:checking '/home/santosh/sp_ws/install/communication' for CMake config files
[0.554s] Level 1:colcon.colcon_core.shell:create_environment_hook('communication', 'cmake_prefix_path')
[0.554s] INFO:colcon.colcon_core.shell:Creating environment hook '/home/santosh/sp_ws/install/communication/share/communication/hook/cmake_prefix_path.ps1'
[0.554s] INFO:colcon.colcon_core.shell:Creating environment descriptor '/home/santosh/sp_ws/install/communication/share/communication/hook/cmake_prefix_path.dsv'
[0.554s] INFO:colcon.colcon_core.shell:Creating environment hook '/home/santosh/sp_ws/install/communication/share/communication/hook/cmake_prefix_path.sh'
[0.554s] Level 1:colcon.colcon_core.environment:checking '/home/santosh/sp_ws/install/communication/lib'
[0.554s] Level 1:colcon.colcon_core.shell:create_environment_hook('communication', 'ld_library_path_lib')
[0.555s] INFO:colcon.colcon_core.shell:Creating environment hook '/home/santosh/sp_ws/install/communication/share/communication/hook/ld_library_path_lib.ps1'
[0.555s] INFO:colcon.colcon_core.shell:Creating environment descriptor '/home/santosh/sp_ws/install/communication/share/communication/hook/ld_library_path_lib.dsv'
[0.555s] INFO:colcon.colcon_core.shell:Creating environment hook '/home/santosh/sp_ws/install/communication/share/communication/hook/ld_library_path_lib.sh'
[0.555s] Level 1:colcon.colcon_core.environment:checking '/home/santosh/sp_ws/install/communication/bin'
[0.555s] Level 1:colcon.colcon_core.environment:checking '/home/santosh/sp_ws/install/communication/lib/pkgconfig/communication.pc'
[0.556s] Level 1:colcon.colcon_core.environment:checking '/home/santosh/sp_ws/install/communication/lib/python3.10/site-packages'
[0.556s] Level 1:colcon.colcon_core.environment:checking '/home/santosh/sp_ws/install/communication/bin'
[0.556s] INFO:colcon.colcon_core.shell:Creating package script '/home/santosh/sp_ws/install/communication/share/communication/package.ps1'
[0.556s] INFO:colcon.colcon_core.shell:Creating package descriptor '/home/santosh/sp_ws/install/communication/share/communication/package.dsv'
[0.556s] INFO:colcon.colcon_core.shell:Creating package script '/home/santosh/sp_ws/install/communication/share/communication/package.sh'
[0.557s] INFO:colcon.colcon_core.shell:Creating package script '/home/santosh/sp_ws/install/communication/share/communication/package.bash'
[0.557s] INFO:colcon.colcon_core.shell:Creating package script '/home/santosh/sp_ws/install/communication/share/communication/package.zsh'
[0.557s] Level 1:colcon.colcon_core.environment:create_file_with_runtime_dependencies(/home/santosh/sp_ws/install/communication/share/colcon-core/packages/communication)
[0.557s] INFO:colcon.colcon_ros.task.ament_cmake.build:Building ROS package in '/home/santosh/sp_ws/src/simulation/mujoco' with build type 'ament_cmake'
[0.557s] INFO:colcon.colcon_cmake.task.cmake.build:Building CMake package in '/home/santosh/sp_ws/src/simulation/mujoco'
[0.558s] INFO:colcon.colcon_core.shell:Skip shell extension 'powershell' for command environment: Not usable outside of PowerShell
[0.558s] DEBUG:colcon.colcon_core.shell:Skip shell extension 'dsv' for command environment
[0.567s] DEBUG:colcon.colcon_core.event_handler.log_command:Invoking command in '/home/santosh/sp_ws/build/mujoco': CMAKE_PREFIX_PATH=/home/santosh/sp_ws/install/communication:/home/santosh/sp_ws/install/navigation:/home/santosh/sp_ws/install/mujoco:/home/santosh/sp_ws/install/ik_pkg:/home/santosh/sp_ws/install/description:/home/santosh/sp_ws/install/core:/home/santosh/sp_ws/install/control_robo:/home/santosh/sp_ws/install/cartographer_slam:/opt/ros/humble LD_LIBRARY_PATH=/home/santosh/sp_ws/install/communication/lib:/home/santosh/sp_ws/install/core/lib:/usr/lib/x86_64-linux-gnu/gazebo-11/plugins:/opt/ros/humble/opt/rviz_ogre_vendor/lib:/opt/ros/humble/lib/x86_64-linux-gnu:/opt/ros/humble/lib:/home/santosh/.mujoco/mujoco210/bin:/usr/lib/nvidia /usr/bin/cmake /home/santosh/sp_ws/src/simulation/mujoco -DAMENT_CMAKE_SYMLINK_INSTALL=1 -DCMAKE_INSTALL_PREFIX=/home/santosh/sp_ws/install/mujoco
[0.739s] DEBUG:colcon.colcon_core.event_handler.log_command:Invoking command in '/home/santosh/sp_ws/build/cartographer_slam': PYTHONPATH=/home/santosh/sp_ws/build/cartographer_slam/prefix_override:/usr/lib/python3/dist-packages/colcon_core/task/python/colcon_distutils_commands:/home/santosh/sp_ws/install/cartographer_slam/lib/python3.10/site-packages:${PYTHONPATH} /usr/bin/python3 -W ignore:setup.py install is deprecated -W ignore:easy_install command is deprecated setup.py develop --editable --build-directory /home/santosh/sp_ws/build/cartographer_slam/build --no-deps symlink_data
[0.784s] Level 1:colcon.colcon_core.environment:create_environment_scripts_only(navigation)
[0.784s] DEBUG:colcon.colcon_core.event_handler.log_command:Invoked command in '/home/santosh/sp_ws/build/navigation' returned '0': CMAKE_PREFIX_PATH=${CMAKE_PREFIX_PATH}:/home/santosh/sp_ws/install/cartographer_slam:/opt/ros/humble /usr/bin/cmake --install /home/santosh/sp_ws/build/navigation
[0.784s] Level 1:colcon.colcon_core.environment:checking '/home/santosh/sp_ws/install/navigation' for CMake module files
[0.785s] Level 1:colcon.colcon_core.environment:checking '/home/santosh/sp_ws/install/navigation' for CMake config files
[0.785s] Level 1:colcon.colcon_core.shell:create_environment_hook('navigation', 'cmake_prefix_path')
[0.786s] INFO:colcon.colcon_core.shell:Creating environment hook '/home/santosh/sp_ws/install/navigation/share/navigation/hook/cmake_prefix_path.ps1'
[0.786s] INFO:colcon.colcon_core.shell:Creating environment descriptor '/home/santosh/sp_ws/install/navigation/share/navigation/hook/cmake_prefix_path.dsv'
[0.787s] INFO:colcon.colcon_core.shell:Creating environment hook '/home/santosh/sp_ws/install/navigation/share/navigation/hook/cmake_prefix_path.sh'
[0.787s] Level 1:colcon.colcon_core.environment:checking '/home/santosh/sp_ws/install/navigation/lib'
[0.787s] Level 1:colcon.colcon_core.environment:checking '/home/santosh/sp_ws/install/navigation/bin'
[0.787s] Level 1:colcon.colcon_core.environment:checking '/home/santosh/sp_ws/install/navigation/lib/pkgconfig/navigation.pc'
[0.787s] Level 1:colcon.colcon_core.environment:checking '/home/santosh/sp_ws/install/navigation/lib/python3.10/site-packages'
[0.787s] Level 1:colcon.colcon_core.environment:checking '/home/santosh/sp_ws/install/navigation/bin'
[0.788s] INFO:colcon.colcon_core.shell:Creating package script '/home/santosh/sp_ws/install/navigation/share/navigation/package.ps1'
[0.788s] INFO:colcon.colcon_core.shell:Creating package descriptor '/home/santosh/sp_ws/install/navigation/share/navigation/package.dsv'
[0.788s] INFO:colcon.colcon_core.shell:Creating package script '/home/santosh/sp_ws/install/navigation/share/navigation/package.sh'
[0.788s] INFO:colcon.colcon_core.shell:Creating package script '/home/santosh/sp_ws/install/navigation/share/navigation/package.bash'
[0.789s] INFO:colcon.colcon_core.shell:Creating package script '/home/santosh/sp_ws/install/navigation/share/navigation/package.zsh'
[0.789s] Level 1:colcon.colcon_core.environment:create_file_with_runtime_dependencies(/home/santosh/sp_ws/install/navigation/share/colcon-core/packages/navigation)
[0.789s] Level 1:colcon.colcon_core.environment:create_environment_scripts_only(navigation)
[0.789s] Level 1:colcon.colcon_core.environment:checking '/home/santosh/sp_ws/install/navigation' for CMake module files
[0.790s] Level 1:colcon.colcon_core.environment:checking '/home/santosh/sp_ws/install/navigation' for CMake config files
[0.790s] Level 1:colcon.colcon_core.shell:create_environment_hook('navigation', 'cmake_prefix_path')
[0.790s] INFO:colcon.colcon_core.shell:Creating environment hook '/home/santosh/sp_ws/install/navigation/share/navigation/hook/cmake_prefix_path.ps1'
[0.790s] INFO:colcon.colcon_core.shell:Creating environment descriptor '/home/santosh/sp_ws/install/navigation/share/navigation/hook/cmake_prefix_path.dsv'
[0.791s] INFO:colcon.colcon_core.shell:Creating environment hook '/home/santosh/sp_ws/install/navigation/share/navigation/hook/cmake_prefix_path.sh'
[0.791s] Level 1:colcon.colcon_core.environment:checking '/home/santosh/sp_ws/install/navigation/lib'
[0.791s] Level 1:colcon.colcon_core.environment:checking '/home/santosh/sp_ws/install/navigation/bin'
[0.791s] Level 1:colcon.colcon_core.environment:checking '/home/santosh/sp_ws/install/navigation/lib/pkgconfig/navigation.pc'
[0.791s] Level 1:colcon.colcon_core.environment:checking '/home/santosh/sp_ws/install/navigation/lib/python3.10/site-packages'
[0.791s] Level 1:colcon.colcon_core.environment:checking '/home/santosh/sp_ws/install/navigation/bin'
[0.791s] INFO:colcon.colcon_core.shell:Creating package script '/home/santosh/sp_ws/install/navigation/share/navigation/package.ps1'
[0.792s] INFO:colcon.colcon_core.shell:Creating package descriptor '/home/santosh/sp_ws/install/navigation/share/navigation/package.dsv'
[0.792s] INFO:colcon.colcon_core.shell:Creating package script '/home/santosh/sp_ws/install/navigation/share/navigation/package.sh'
[0.792s] INFO:colcon.colcon_core.shell:Creating package script '/home/santosh/sp_ws/install/navigation/share/navigation/package.bash'
[0.793s] INFO:colcon.colcon_core.shell:Creating package script '/home/santosh/sp_ws/install/navigation/share/navigation/package.zsh'
[0.793s] Level 1:colcon.colcon_core.environment:create_file_with_runtime_dependencies(/home/santosh/sp_ws/install/navigation/share/colcon-core/packages/navigation)
[0.867s] DEBUG:colcon.colcon_core.event_handler.log_command:Invoked command in '/home/santosh/sp_ws/build/ik_pkg' returned '0': CMAKE_PREFIX_PATH=${CMAKE_PREFIX_PATH}:/home/santosh/sp_ws/install/cartographer_slam:/opt/ros/humble /usr/bin/cmake /home/santosh/sp_ws/src/ik_pkg -DAMENT_CMAKE_SYMLINK_INSTALL=1 -DCMAKE_INSTALL_PREFIX=/home/santosh/sp_ws/install/ik_pkg
[0.868s] DEBUG:colcon.colcon_core.event_handler.log_command:Invoking command in '/home/santosh/sp_ws/build/ik_pkg': CMAKE_PREFIX_PATH=${CMAKE_PREFIX_PATH}:/home/santosh/sp_ws/install/cartographer_slam:/opt/ros/humble /usr/bin/cmake --build /home/santosh/sp_ws/build/ik_pkg -- -j12 -l12
[1.162s] Level 1:colcon.colcon_core.shell:create_environment_hook('cartographer_slam', 'pythonpath_develop')
[1.162s] INFO:colcon.colcon_core.shell:Creating environment hook '/home/santosh/sp_ws/build/cartographer_slam/share/cartographer_slam/hook/pythonpath_develop.ps1'
[1.162s] DEBUG:colcon.colcon_core.event_handler.log_command:Invoked command in '/home/santosh/sp_ws/build/cartographer_slam' returned '0': PYTHONPATH=/home/santosh/sp_ws/build/cartographer_slam/prefix_override:/usr/lib/python3/dist-packages/colcon_core/task/python/colcon_distutils_commands:/home/santosh/sp_ws/install/cartographer_slam/lib/python3.10/site-packages:${PYTHONPATH} /usr/bin/python3 -W ignore:setup.py install is deprecated -W ignore:easy_install command is deprecated setup.py develop --editable --build-directory /home/santosh/sp_ws/build/cartographer_slam/build --no-deps symlink_data
[1.163s] INFO:colcon.colcon_core.shell:Creating environment descriptor '/home/santosh/sp_ws/build/cartographer_slam/share/cartographer_slam/hook/pythonpath_develop.dsv'
[1.163s] INFO:colcon.colcon_core.shell:Creating environment hook '/home/santosh/sp_ws/build/cartographer_slam/share/cartographer_slam/hook/pythonpath_develop.sh'
[1.163s] Level 1:colcon.colcon_core.environment:checking '/home/santosh/sp_ws/install/cartographer_slam' for CMake module files
[1.163s] Level 1:colcon.colcon_core.environment:checking '/home/santosh/sp_ws/install/cartographer_slam' for CMake config files
[1.164s] Level 1:colcon.colcon_core.environment:checking '/home/santosh/sp_ws/install/cartographer_slam/lib'
[1.164s] Level 1:colcon.colcon_core.environment:checking '/home/santosh/sp_ws/install/cartographer_slam/bin'
[1.164s] Level 1:colcon.colcon_core.environment:checking '/home/santosh/sp_ws/install/cartographer_slam/lib/pkgconfig/cartographer_slam.pc'
[1.164s] Level 1:colcon.colcon_core.environment:checking '/home/santosh/sp_ws/install/cartographer_slam/lib/python3.10/site-packages'
[1.164s] Level 1:colcon.colcon_core.shell:create_environment_hook('cartographer_slam', 'pythonpath')
[1.164s] INFO:colcon.colcon_core.shell:Creating environment hook '/home/santosh/sp_ws/install/cartographer_slam/share/cartographer_slam/hook/pythonpath.ps1'
[1.164s] INFO:colcon.colcon_core.shell:Creating environment descriptor '/home/santosh/sp_ws/install/cartographer_slam/share/cartographer_slam/hook/pythonpath.dsv'
[1.165s] INFO:colcon.colcon_core.shell:Creating environment hook '/home/santosh/sp_ws/install/cartographer_slam/share/cartographer_slam/hook/pythonpath.sh'
[1.165s] Level 1:colcon.colcon_core.environment:checking '/home/santosh/sp_ws/install/cartographer_slam/bin'
[1.165s] Level 1:colcon.colcon_core.environment:create_environment_scripts_only(cartographer_slam)
[1.165s] INFO:colcon.colcon_core.shell:Creating package script '/home/santosh/sp_ws/install/cartographer_slam/share/cartographer_slam/package.ps1'
[1.166s] INFO:colcon.colcon_core.shell:Creating package descriptor '/home/santosh/sp_ws/install/cartographer_slam/share/cartographer_slam/package.dsv'
[1.166s] INFO:colcon.colcon_core.shell:Creating package script '/home/santosh/sp_ws/install/cartographer_slam/share/cartographer_slam/package.sh'
[1.166s] INFO:colcon.colcon_core.shell:Creating package script '/home/santosh/sp_ws/install/cartographer_slam/share/cartographer_slam/package.bash'
[1.167s] INFO:colcon.colcon_core.shell:Creating package script '/home/santosh/sp_ws/install/cartographer_slam/share/cartographer_slam/package.zsh'
[1.167s] Level 1:colcon.colcon_core.environment:create_file_with_runtime_dependencies(/home/santosh/sp_ws/install/cartographer_slam/share/colcon-core/packages/cartographer_slam)
[1.783s] DEBUG:colcon.colcon_core.event_handler.log_command:Invoked command in '/home/santosh/sp_ws/build/mujoco' returned '0': CMAKE_PREFIX_PATH=/home/santosh/sp_ws/install/communication:/home/santosh/sp_ws/install/navigation:/home/santosh/sp_ws/install/mujoco:/home/santosh/sp_ws/install/ik_pkg:/home/santosh/sp_ws/install/description:/home/santosh/sp_ws/install/core:/home/santosh/sp_ws/install/control_robo:/home/santosh/sp_ws/install/cartographer_slam:/opt/ros/humble LD_LIBRARY_PATH=/home/santosh/sp_ws/install/communication/lib:/home/santosh/sp_ws/install/core/lib:/usr/lib/x86_64-linux-gnu/gazebo-11/plugins:/opt/ros/humble/opt/rviz_ogre_vendor/lib:/opt/ros/humble/lib/x86_64-linux-gnu:/opt/ros/humble/lib:/home/santosh/.mujoco/mujoco210/bin:/usr/lib/nvidia /usr/bin/cmake /home/santosh/sp_ws/src/simulation/mujoco -DAMENT_CMAKE_SYMLINK_INSTALL=1 -DCMAKE_INSTALL_PREFIX=/home/santosh/sp_ws/install/mujoco
[1.784s] DEBUG:colcon.colcon_core.event_handler.log_command:Invoking command in '/home/santosh/sp_ws/build/mujoco': CMAKE_PREFIX_PATH=/home/santosh/sp_ws/install/communication:/home/santosh/sp_ws/install/navigation:/home/santosh/sp_ws/install/mujoco:/home/santosh/sp_ws/install/ik_pkg:/home/santosh/sp_ws/install/description:/home/santosh/sp_ws/install/core:/home/santosh/sp_ws/install/control_robo:/home/santosh/sp_ws/install/cartographer_slam:/opt/ros/humble LD_LIBRARY_PATH=/home/santosh/sp_ws/install/communication/lib:/home/santosh/sp_ws/install/core/lib:/usr/lib/x86_64-linux-gnu/gazebo-11/plugins:/opt/ros/humble/opt/rviz_ogre_vendor/lib:/opt/ros/humble/lib/x86_64-linux-gnu:/opt/ros/humble/lib:/home/santosh/.mujoco/mujoco210/bin:/usr/lib/nvidia /usr/bin/cmake --build /home/santosh/sp_ws/build/mujoco -- -j12 -l12
[6.867s] DEBUG:colcon.colcon_core.event_handler.log_command:Invoked command in '/home/santosh/sp_ws/build/ik_pkg' returned '0': CMAKE_PREFIX_PATH=${CMAKE_PREFIX_PATH}:/home/santosh/sp_ws/install/cartographer_slam:/opt/ros/humble /usr/bin/cmake --build /home/santosh/sp_ws/build/ik_pkg -- -j12 -l12
[6.868s] DEBUG:colcon.colcon_core.event_handler.log_command:Invoking command in '/home/santosh/sp_ws/build/ik_pkg': CMAKE_PREFIX_PATH=${CMAKE_PREFIX_PATH}:/home/santosh/sp_ws/install/cartographer_slam:/opt/ros/humble /usr/bin/cmake --install /home/santosh/sp_ws/build/ik_pkg
[7.082s] Level 1:colcon.colcon_core.environment:create_environment_scripts_only(ik_pkg)
[7.082s] Level 1:colcon.colcon_core.environment:checking '/home/santosh/sp_ws/install/ik_pkg' for CMake module files
[7.083s] DEBUG:colcon.colcon_core.event_handler.log_command:Invoked command in '/home/santosh/sp_ws/build/ik_pkg' returned '0': CMAKE_PREFIX_PATH=${CMAKE_PREFIX_PATH}:/home/santosh/sp_ws/install/cartographer_slam:/opt/ros/humble /usr/bin/cmake --install /home/santosh/sp_ws/build/ik_pkg
[7.083s] Level 1:colcon.colcon_core.environment:checking '/home/santosh/sp_ws/install/ik_pkg' for CMake config files
[7.083s] Level 1:colcon.colcon_core.shell:create_environment_hook('ik_pkg', 'cmake_prefix_path')
[7.083s] INFO:colcon.colcon_core.shell:Creating environment hook '/home/santosh/sp_ws/install/ik_pkg/share/ik_pkg/hook/cmake_prefix_path.ps1'
[7.083s] INFO:colcon.colcon_core.shell:Creating environment descriptor '/home/santosh/sp_ws/install/ik_pkg/share/ik_pkg/hook/cmake_prefix_path.dsv'
[7.084s] INFO:colcon.colcon_core.shell:Creating environment hook '/home/santosh/sp_ws/install/ik_pkg/share/ik_pkg/hook/cmake_prefix_path.sh'
[7.084s] Level 1:colcon.colcon_core.environment:checking '/home/santosh/sp_ws/install/ik_pkg/lib'
[7.084s] Level 1:colcon.colcon_core.environment:checking '/home/santosh/sp_ws/install/ik_pkg/bin'
[7.084s] Level 1:colcon.colcon_core.environment:checking '/home/santosh/sp_ws/install/ik_pkg/lib/pkgconfig/ik_pkg.pc'
[7.084s] Level 1:colcon.colcon_core.environment:checking '/home/santosh/sp_ws/install/ik_pkg/lib/python3.10/site-packages'
[7.084s] Level 1:colcon.colcon_core.environment:checking '/home/santosh/sp_ws/install/ik_pkg/bin'
[7.085s] INFO:colcon.colcon_core.shell:Creating package script '/home/santosh/sp_ws/install/ik_pkg/share/ik_pkg/package.ps1'
[7.085s] INFO:colcon.colcon_core.shell:Creating package descriptor '/home/santosh/sp_ws/install/ik_pkg/share/ik_pkg/package.dsv'
[7.085s] INFO:colcon.colcon_core.shell:Creating package script '/home/santosh/sp_ws/install/ik_pkg/share/ik_pkg/package.sh'
[7.085s] INFO:colcon.colcon_core.shell:Creating package script '/home/santosh/sp_ws/install/ik_pkg/share/ik_pkg/package.bash'
[7.086s] INFO:colcon.colcon_core.shell:Creating package script '/home/santosh/sp_ws/install/ik_pkg/share/ik_pkg/package.zsh'
[7.086s] Level 1:colcon.colcon_core.environment:create_file_with_runtime_dependencies(/home/santosh/sp_ws/install/ik_pkg/share/colcon-core/packages/ik_pkg)
[7.086s] Level 1:colcon.colcon_core.environment:create_environment_scripts_only(ik_pkg)
[7.086s] Level 1:colcon.colcon_core.environment:checking '/home/santosh/sp_ws/install/ik_pkg' for CMake module files
[7.086s] Level 1:colcon.colcon_core.environment:checking '/home/santosh/sp_ws/install/ik_pkg' for CMake config files
[7.087s] Level 1:colcon.colcon_core.shell:create_environment_hook('ik_pkg', 'cmake_prefix_path')
[7.087s] INFO:colcon.colcon_core.shell:Creating environment hook '/home/santosh/sp_ws/install/ik_pkg/share/ik_pkg/hook/cmake_prefix_path.ps1'
[7.087s] INFO:colcon.colcon_core.shell:Creating environment descriptor '/home/santosh/sp_ws/install/ik_pkg/share/ik_pkg/hook/cmake_prefix_path.dsv'
[7.087s] INFO:colcon.colcon_core.shell:Creating environment hook '/home/santosh/sp_ws/install/ik_pkg/share/ik_pkg/hook/cmake_prefix_path.sh'
[7.087s] Level 1:colcon.colcon_core.environment:checking '/home/santosh/sp_ws/install/ik_pkg/lib'
[7.087s] Level 1:colcon.colcon_core.environment:checking '/home/santosh/sp_ws/install/ik_pkg/bin'
[7.087s] Level 1:colcon.colcon_core.environment:checking '/home/santosh/sp_ws/install/ik_pkg/lib/pkgconfig/ik_pkg.pc'
[7.088s] Level 1:colcon.colcon_core.environment:checking '/home/santosh/sp_ws/install/ik_pkg/lib/python3.10/site-packages'
[7.088s] Level 1:colcon.colcon_core.environment:checking '/home/santosh/sp_ws/install/ik_pkg/bin'
[7.088s] INFO:colcon.colcon_core.shell:Creating package script '/home/santosh/sp_ws/install/ik_pkg/share/ik_pkg/package.ps1'
[7.088s] INFO:colcon.colcon_core.shell:Creating package descriptor '/home/santosh/sp_ws/install/ik_pkg/share/ik_pkg/package.dsv'
[7.088s] INFO:colcon.colcon_core.shell:Creating package script '/home/santosh/sp_ws/install/ik_pkg/share/ik_pkg/package.sh'
[7.089s] INFO:colcon.colcon_core.shell:Creating package script '/home/santosh/sp_ws/install/ik_pkg/share/ik_pkg/package.bash'
[7.089s] INFO:colcon.colcon_core.shell:Creating package script '/home/santosh/sp_ws/install/ik_pkg/share/ik_pkg/package.zsh'
[7.089s] Level 1:colcon.colcon_core.environment:create_file_with_runtime_dependencies(/home/santosh/sp_ws/install/ik_pkg/share/colcon-core/packages/ik_pkg)
[10.595s] DEBUG:colcon.colcon_core.event_handler.log_command:Invoked command in '/home/santosh/sp_ws/build/mujoco' returned '0': CMAKE_PREFIX_PATH=/home/santosh/sp_ws/install/communication:/home/santosh/sp_ws/install/navigation:/home/santosh/sp_ws/install/mujoco:/home/santosh/sp_ws/install/ik_pkg:/home/santosh/sp_ws/install/description:/home/santosh/sp_ws/install/core:/home/santosh/sp_ws/install/control_robo:/home/santosh/sp_ws/install/cartographer_slam:/opt/ros/humble LD_LIBRARY_PATH=/home/santosh/sp_ws/install/communication/lib:/home/santosh/sp_ws/install/core/lib:/usr/lib/x86_64-linux-gnu/gazebo-11/plugins:/opt/ros/humble/opt/rviz_ogre_vendor/lib:/opt/ros/humble/lib/x86_64-linux-gnu:/opt/ros/humble/lib:/home/santosh/.mujoco/mujoco210/bin:/usr/lib/nvidia /usr/bin/cmake --build /home/santosh/sp_ws/build/mujoco -- -j12 -l12
[10.595s] DEBUG:colcon.colcon_core.event_handler.log_command:Invoking command in '/home/santosh/sp_ws/build/mujoco': CMAKE_PREFIX_PATH=/home/santosh/sp_ws/install/communication:/home/santosh/sp_ws/install/navigation:/home/santosh/sp_ws/install/mujoco:/home/santosh/sp_ws/install/ik_pkg:/home/santosh/sp_ws/install/description:/home/santosh/sp_ws/install/core:/home/santosh/sp_ws/install/control_robo:/home/santosh/sp_ws/install/cartographer_slam:/opt/ros/humble LD_LIBRARY_PATH=/home/santosh/sp_ws/install/communication/lib:/home/santosh/sp_ws/install/core/lib:/usr/lib/x86_64-linux-gnu/gazebo-11/plugins:/opt/ros/humble/opt/rviz_ogre_vendor/lib:/opt/ros/humble/lib/x86_64-linux-gnu:/opt/ros/humble/lib:/home/santosh/.mujoco/mujoco210/bin:/usr/lib/nvidia /usr/bin/cmake --install /home/santosh/sp_ws/build/mujoco
[10.780s] Level 1:colcon.colcon_core.environment:create_environment_scripts_only(mujoco)
[10.780s] DEBUG:colcon.colcon_core.event_handler.log_command:Invoked command in '/home/santosh/sp_ws/build/mujoco' returned '0': CMAKE_PREFIX_PATH=/home/santosh/sp_ws/install/communication:/home/santosh/sp_ws/install/navigation:/home/santosh/sp_ws/install/mujoco:/home/santosh/sp_ws/install/ik_pkg:/home/santosh/sp_ws/install/description:/home/santosh/sp_ws/install/core:/home/santosh/sp_ws/install/control_robo:/home/santosh/sp_ws/install/cartographer_slam:/opt/ros/humble LD_LIBRARY_PATH=/home/santosh/sp_ws/install/communication/lib:/home/santosh/sp_ws/install/core/lib:/usr/lib/x86_64-linux-gnu/gazebo-11/plugins:/opt/ros/humble/opt/rviz_ogre_vendor/lib:/opt/ros/humble/lib/x86_64-linux-gnu:/opt/ros/humble/lib:/home/santosh/.mujoco/mujoco210/bin:/usr/lib/nvidia /usr/bin/cmake --install /home/santosh/sp_ws/build/mujoco
[10.780s] Level 1:colcon.colcon_core.environment:checking '/home/santosh/sp_ws/install/mujoco' for CMake module files
[10.781s] Level 1:colcon.colcon_core.shell:create_environment_hook('mujoco', 'cmake_module_path')
[10.781s] INFO:colcon.colcon_core.shell:Creating environment hook '/home/santosh/sp_ws/install/mujoco/share/mujoco/hook/cmake_module_path.ps1'
[10.782s] INFO:colcon.colcon_core.shell:Creating environment descriptor '/home/santosh/sp_ws/install/mujoco/share/mujoco/hook/cmake_module_path.dsv'
[10.782s] INFO:colcon.colcon_core.shell:Creating environment hook '/home/santosh/sp_ws/install/mujoco/share/mujoco/hook/cmake_module_path.sh'
[10.782s] Level 1:colcon.colcon_core.environment:checking '/home/santosh/sp_ws/install/mujoco' for CMake config files
[10.783s] Level 1:colcon.colcon_core.shell:create_environment_hook('mujoco', 'cmake_prefix_path')
[10.783s] INFO:colcon.colcon_core.shell:Creating environment hook '/home/santosh/sp_ws/install/mujoco/share/mujoco/hook/cmake_prefix_path.ps1'
[10.783s] INFO:colcon.colcon_core.shell:Creating environment descriptor '/home/santosh/sp_ws/install/mujoco/share/mujoco/hook/cmake_prefix_path.dsv'
[10.784s] INFO:colcon.colcon_core.shell:Creating environment hook '/home/santosh/sp_ws/install/mujoco/share/mujoco/hook/cmake_prefix_path.sh'
[10.784s] Level 1:colcon.colcon_core.environment:checking '/home/santosh/sp_ws/install/mujoco/lib'
[10.784s] Level 1:colcon.colcon_core.environment:checking '/home/santosh/sp_ws/install/mujoco/bin'
[10.784s] Level 1:colcon.colcon_core.environment:checking '/home/santosh/sp_ws/install/mujoco/lib/pkgconfig/mujoco.pc'
[10.785s] Level 1:colcon.colcon_core.environment:checking '/home/santosh/sp_ws/install/mujoco/lib/python3.10/site-packages'
[10.785s] Level 1:colcon.colcon_core.environment:checking '/home/santosh/sp_ws/install/mujoco/bin'
[10.785s] INFO:colcon.colcon_core.shell:Creating package script '/home/santosh/sp_ws/install/mujoco/share/mujoco/package.ps1'
[10.785s] INFO:colcon.colcon_core.shell:Creating package descriptor '/home/santosh/sp_ws/install/mujoco/share/mujoco/package.dsv'
[10.785s] INFO:colcon.colcon_core.shell:Creating package script '/home/santosh/sp_ws/install/mujoco/share/mujoco/package.sh'
[10.786s] INFO:colcon.colcon_core.shell:Creating package script '/home/santosh/sp_ws/install/mujoco/share/mujoco/package.bash'
[10.786s] INFO:colcon.colcon_core.shell:Creating package script '/home/santosh/sp_ws/install/mujoco/share/mujoco/package.zsh'
[10.786s] Level 1:colcon.colcon_core.environment:create_file_with_runtime_dependencies(/home/santosh/sp_ws/install/mujoco/share/colcon-core/packages/mujoco)
[10.786s] Level 1:colcon.colcon_core.environment:create_environment_scripts_only(mujoco)
[10.786s] Level 1:colcon.colcon_core.environment:checking '/home/santosh/sp_ws/install/mujoco' for CMake module files
[10.787s] Level 1:colcon.colcon_core.shell:create_environment_hook('mujoco', 'cmake_module_path')
[10.787s] INFO:colcon.colcon_core.shell:Creating environment hook '/home/santosh/sp_ws/install/mujoco/share/mujoco/hook/cmake_module_path.ps1'
[10.787s] INFO:colcon.colcon_core.shell:Creating environment descriptor '/home/santosh/sp_ws/install/mujoco/share/mujoco/hook/cmake_module_path.dsv'
[10.787s] INFO:colcon.colcon_core.shell:Creating environment hook '/home/santosh/sp_ws/install/mujoco/share/mujoco/hook/cmake_module_path.sh'
[10.787s] Level 1:colcon.colcon_core.environment:checking '/home/santosh/sp_ws/install/mujoco' for CMake config files
[10.787s] Level 1:colcon.colcon_core.shell:create_environment_hook('mujoco', 'cmake_prefix_path')
[10.787s] INFO:colcon.colcon_core.shell:Creating environment hook '/home/santosh/sp_ws/install/mujoco/share/mujoco/hook/cmake_prefix_path.ps1'
[10.788s] INFO:colcon.colcon_core.shell:Creating environment descriptor '/home/santosh/sp_ws/install/mujoco/share/mujoco/hook/cmake_prefix_path.dsv'
[10.788s] INFO:colcon.colcon_core.shell:Creating environment hook '/home/santosh/sp_ws/install/mujoco/share/mujoco/hook/cmake_prefix_path.sh'
[10.788s] Level 1:colcon.colcon_core.environment:checking '/home/santosh/sp_ws/install/mujoco/lib'
[10.788s] Level 1:colcon.colcon_core.environment:checking '/home/santosh/sp_ws/install/mujoco/bin'
[10.788s] Level 1:colcon.colcon_core.environment:checking '/home/santosh/sp_ws/install/mujoco/lib/pkgconfig/mujoco.pc'
[10.788s] Level 1:colcon.colcon_core.environment:checking '/home/santosh/sp_ws/install/mujoco/lib/python3.10/site-packages'
[10.788s] Level 1:colcon.colcon_core.environment:checking '/home/santosh/sp_ws/install/mujoco/bin'
[10.789s] INFO:colcon.colcon_core.shell:Creating package script '/home/santosh/sp_ws/install/mujoco/share/mujoco/package.ps1'
[10.789s] INFO:colcon.colcon_core.shell:Creating package descriptor '/home/santosh/sp_ws/install/mujoco/share/mujoco/package.dsv'
[10.789s] INFO:colcon.colcon_core.shell:Creating package script '/home/santosh/sp_ws/install/mujoco/share/mujoco/package.sh'
[10.789s] INFO:colcon.colcon_core.shell:Creating package script '/home/santosh/sp_ws/install/mujoco/share/mujoco/package.bash'
[10.790s] INFO:colcon.colcon_core.shell:Creating package script '/home/santosh/sp_ws/install/mujoco/share/mujoco/package.zsh'
[10.790s] Level 1:colcon.colcon_core.environment:create_file_with_runtime_dependencies(/home/santosh/sp_ws/install/mujoco/share/colcon-core/packages/mujoco)
[10.790s] DEBUG:colcon.colcon_parallel_executor.executor.parallel:closing loop
[10.790s] DEBUG:colcon.colcon_parallel_executor.executor.parallel:loop closed
[10.790s] DEBUG:colcon.colcon_parallel_executor.executor.parallel:run_until_complete finished with '0'
[10.790s] DEBUG:colcon.colcon_core.event_reactor:joining thread
[10.793s] INFO:colcon.colcon_core.plugin_system:Skipping extension 'colcon_notification.desktop_notification.terminal_notifier': Not used on non-Darwin systems
[10.794s] INFO:colcon.colcon_core.plugin_system:Skipping extension 'colcon_notification.desktop_notification.win32': Not used on non-Windows systems
[10.794s] INFO:colcon.colcon_notification.desktop_notification:Sending desktop notification using 'notify2'
[10.801s] DEBUG:colcon.colcon_core.event_reactor:joined thread
[10.801s] INFO:colcon.colcon_core.shell:Creating prefix script '/home/santosh/sp_ws/install/local_setup.ps1'
[10.802s] INFO:colcon.colcon_core.shell:Creating prefix util module '/home/santosh/sp_ws/install/_local_setup_util_ps1.py'
[10.803s] INFO:colcon.colcon_core.shell:Creating prefix chain script '/home/santosh/sp_ws/install/setup.ps1'
[10.804s] INFO:colcon.colcon_core.shell:Creating prefix script '/home/santosh/sp_ws/install/local_setup.sh'
[10.804s] INFO:colcon.colcon_core.shell:Creating prefix util module '/home/santosh/sp_ws/install/_local_setup_util_sh.py'
[10.804s] INFO:colcon.colcon_core.shell:Creating prefix chain script '/home/santosh/sp_ws/install/setup.sh'
[10.805s] INFO:colcon.colcon_core.shell:Creating prefix script '/home/santosh/sp_ws/install/local_setup.bash'
[10.805s] INFO:colcon.colcon_core.shell:Creating prefix chain script '/home/santosh/sp_ws/install/setup.bash'
[10.806s] INFO:colcon.colcon_core.shell:Creating prefix script '/home/santosh/sp_ws/install/local_setup.zsh'
[10.806s] INFO:colcon.colcon_core.shell:Creating prefix chain script '/home/santosh/sp_ws/install/setup.zsh'
