[0.013s] Invoking command in '/home/santosh/sp_ws/build/mujoco': CMAKE_PREFIX_PATH=/home/santosh/sp_ws/install/communication:/home/santosh/sp_ws/install/navigation:/home/santosh/sp_ws/install/mujoco:/home/santosh/sp_ws/install/ik_pkg:/home/santosh/sp_ws/install/description:/home/santosh/sp_ws/install/core:/home/santosh/sp_ws/install/control_robo:/home/santosh/sp_ws/install/cartographer_slam:/opt/ros/humble LD_LIBRARY_PATH=/home/santosh/sp_ws/install/communication/lib:/home/santosh/sp_ws/install/core/lib:/usr/lib/x86_64-linux-gnu/gazebo-11/plugins:/opt/ros/humble/opt/rviz_ogre_vendor/lib:/opt/ros/humble/lib/x86_64-linux-gnu:/opt/ros/humble/lib:/home/santosh/.mujoco/mujoco210/bin:/usr/lib/nvidia /usr/bin/cmake --build /home/santosh/sp_ws/build/mujoco -- -j12 -l12
[0.069s] [35m[1mConsolidate compiler generated dependencies of target simulation[0m
[0.095s] [100%] Built target simulation
[0.109s] Invoked command in '/home/santosh/sp_ws/build/mujoco' returned '0': CMAKE_PREFIX_PATH=/home/santosh/sp_ws/install/communication:/home/santosh/sp_ws/install/navigation:/home/santosh/sp_ws/install/mujoco:/home/santosh/sp_ws/install/ik_pkg:/home/santosh/sp_ws/install/description:/home/santosh/sp_ws/install/core:/home/santosh/sp_ws/install/control_robo:/home/santosh/sp_ws/install/cartographer_slam:/opt/ros/humble LD_LIBRARY_PATH=/home/santosh/sp_ws/install/communication/lib:/home/santosh/sp_ws/install/core/lib:/usr/lib/x86_64-linux-gnu/gazebo-11/plugins:/opt/ros/humble/opt/rviz_ogre_vendor/lib:/opt/ros/humble/lib/x86_64-linux-gnu:/opt/ros/humble/lib:/home/santosh/.mujoco/mujoco210/bin:/usr/lib/nvidia /usr/bin/cmake --build /home/santosh/sp_ws/build/mujoco -- -j12 -l12
[0.111s] Invoking command in '/home/santosh/sp_ws/build/mujoco': CMAKE_PREFIX_PATH=/home/santosh/sp_ws/install/communication:/home/santosh/sp_ws/install/navigation:/home/santosh/sp_ws/install/mujoco:/home/santosh/sp_ws/install/ik_pkg:/home/santosh/sp_ws/install/description:/home/santosh/sp_ws/install/core:/home/santosh/sp_ws/install/control_robo:/home/santosh/sp_ws/install/cartographer_slam:/opt/ros/humble LD_LIBRARY_PATH=/home/santosh/sp_ws/install/communication/lib:/home/santosh/sp_ws/install/core/lib:/usr/lib/x86_64-linux-gnu/gazebo-11/plugins:/opt/ros/humble/opt/rviz_ogre_vendor/lib:/opt/ros/humble/lib/x86_64-linux-gnu:/opt/ros/humble/lib:/home/santosh/.mujoco/mujoco210/bin:/usr/lib/nvidia /usr/bin/cmake --install /home/santosh/sp_ws/build/mujoco
[0.120s] -- Install configuration: ""
[0.121s] -- Execute custom install script
[0.121s] -- Up-to-date symlink: /home/santosh/sp_ws/install/mujoco/lib/mujoco/simulation
[0.121s] -- Up-to-date symlink: /home/santosh/sp_ws/install/mujoco/share/mujoco/launch/simulation_launch.py
[0.121s] -- Up-to-date symlink: /home/santosh/sp_ws/install/mujoco/share/ament_index/resource_index/package_run_dependencies/mujoco
[0.121s] -- Up-to-date symlink: /home/santosh/sp_ws/install/mujoco/share/ament_index/resource_index/parent_prefix_path/mujoco
[0.122s] -- Up-to-date symlink: /home/santosh/sp_ws/install/mujoco/share/mujoco/environment/ament_prefix_path.sh
[0.122s] -- Up-to-date symlink: /home/santosh/sp_ws/install/mujoco/share/mujoco/environment/ament_prefix_path.dsv
[0.122s] -- Up-to-date symlink: /home/santosh/sp_ws/install/mujoco/share/mujoco/environment/path.sh
[0.122s] -- Up-to-date symlink: /home/santosh/sp_ws/install/mujoco/share/mujoco/environment/path.dsv
[0.122s] -- Up-to-date symlink: /home/santosh/sp_ws/install/mujoco/share/mujoco/local_setup.bash
[0.122s] -- Up-to-date symlink: /home/santosh/sp_ws/install/mujoco/share/mujoco/local_setup.sh
[0.122s] -- Up-to-date symlink: /home/santosh/sp_ws/install/mujoco/share/mujoco/local_setup.zsh
[0.122s] -- Up-to-date symlink: /home/santosh/sp_ws/install/mujoco/share/mujoco/local_setup.dsv
[0.123s] -- Symlinking: /home/santosh/sp_ws/install/mujoco/share/mujoco/package.dsv
[0.133s] -- Up-to-date symlink: /home/santosh/sp_ws/install/mujoco/share/ament_index/resource_index/packages/mujoco
[0.133s] -- Up-to-date symlink: /home/santosh/sp_ws/install/mujoco/share/mujoco/cmake/CheckAvxSupport.cmake
[0.133s] -- Up-to-date symlink: /home/santosh/sp_ws/install/mujoco/share/mujoco/cmake/FindOrFetch.cmake
[0.133s] -- Up-to-date symlink: /home/santosh/sp_ws/install/mujoco/share/mujoco/cmake/MujocoHarden.cmake
[0.133s] -- Up-to-date symlink: /home/santosh/sp_ws/install/mujoco/share/mujoco/cmake/MujocoLinkOptions.cmake
[0.134s] -- Up-to-date symlink: /home/santosh/sp_ws/install/mujoco/share/mujoco/cmake/MujocoMacOS.cmake
[0.134s] -- Up-to-date symlink: /home/santosh/sp_ws/install/mujoco/share/mujoco/cmake/SimulateDependencies.cmake
[0.134s] -- Up-to-date symlink: /home/santosh/sp_ws/install/mujoco/share/mujoco/cmake/SimulateOptions.cmake
[0.134s] -- Up-to-date symlink: /home/santosh/sp_ws/install/mujoco/share/mujoco/cmake/mujocoConfig.cmake
[0.134s] -- Up-to-date symlink: /home/santosh/sp_ws/install/mujoco/share/mujoco/cmake/mujocoConfig-version.cmake
[0.134s] -- Up-to-date symlink: /home/santosh/sp_ws/install/mujoco/share/mujoco/package.xml
[0.136s] Invoked command in '/home/santosh/sp_ws/build/mujoco' returned '0': CMAKE_PREFIX_PATH=/home/santosh/sp_ws/install/communication:/home/santosh/sp_ws/install/navigation:/home/santosh/sp_ws/install/mujoco:/home/santosh/sp_ws/install/ik_pkg:/home/santosh/sp_ws/install/description:/home/santosh/sp_ws/install/core:/home/santosh/sp_ws/install/control_robo:/home/santosh/sp_ws/install/cartographer_slam:/opt/ros/humble LD_LIBRARY_PATH=/home/santosh/sp_ws/install/communication/lib:/home/santosh/sp_ws/install/core/lib:/usr/lib/x86_64-linux-gnu/gazebo-11/plugins:/opt/ros/humble/opt/rviz_ogre_vendor/lib:/opt/ros/humble/lib/x86_64-linux-gnu:/opt/ros/humble/lib:/home/santosh/.mujoco/mujoco210/bin:/usr/lib/nvidia /usr/bin/cmake --install /home/santosh/sp_ws/build/mujoco
