-- Found ament_cmake: 1.3.11 (/opt/ros/humble/share/ament_cmake/cmake)
-- Override CMake install command with custom implementation using symlinks instead of copying resources
-- Found rclcpp: 16.0.11 (/opt/ros/humble/share/rclcpp/cmake)
-- Found rosidl_generator_c: 3.1.6 (/opt/ros/humble/share/rosidl_generator_c/cmake)
-- Found rosidl_adapter: 3.1.6 (/opt/ros/humble/share/rosidl_adapter/cmake)
-- Found rosidl_generator_cpp: 3.1.6 (/opt/ros/humble/share/rosidl_generator_cpp/cmake)
-- Using all available rosidl_typesupport_c: rosidl_typesupport_fastrtps_c;rosidl_typesupport_introspection_c
-- Using all available rosidl_typesupport_cpp: rosidl_typesupport_fastrtps_cpp;rosidl_typesupport_introspection_cpp
-- Found rmw_implementation_cmake: 6.1.2 (/opt/ros/humble/share/rmw_implementation_cmake/cmake)
-- Found rmw_fastrtps_cpp: 6.2.7 (/opt/ros/humble/share/rmw_fastrtps_cpp/cmake)
-- Using RMW implementation 'rmw_fastrtps_cpp' as default
-- Found communication: 0.0.0 (/home/santosh/sp_ws/install/communication/share/communication/cmake)
-- Found kdl_parser: 2.6.4 (/opt/ros/humble/share/kdl_parser/cmake)
-- Found eigen3_cmake_module: 0.1.1 (/opt/ros/humble/share/eigen3_cmake_module/cmake)
-- Found Eigen3: TRUE (found version "3.4.0") 
-- Ensuring Eigen3 include directory is part of orocos-kdl CMake target
-- Found urdf: 2.6.1 (/opt/ros/humble/share/urdf/cmake)
-- Found nav_msgs: 4.2.4 (/opt/ros/humble/share/nav_msgs/cmake)
-- Found tf2: 0.25.12 (/opt/ros/humble/share/tf2/cmake)
-- Found tf2_ros: 0.25.12 (/opt/ros/humble/share/tf2_ros/cmake)
-- Found tf2_geometry_msgs: 0.25.12 (/opt/ros/humble/share/tf2_geometry_msgs/cmake)
-- Found ament_lint_auto: 0.12.11 (/opt/ros/humble/share/ament_lint_auto/cmake)
-- Added test 'cppcheck' to perform static code analysis on C / C++ code
-- Configured cppcheck include dirs: 
-- Configured cppcheck exclude dirs and/or files: 
-- Added test 'flake8' to check Python code syntax and style conventions
-- Added test 'lint_cmake' to check CMake code style
-- Added test 'pep257' to check Python code against some of the docstring style conventions in PEP 257
-- Added test 'uncrustify' to check C / C++ code style
-- Configured uncrustify additional arguments: 
-- Added test 'xmllint' to check XML markup files
-- Configuring done
-- Generating done
-- Build files have been written to: /home/santosh/sp_ws/build/ik_pkg
[ 50%] [32mBuilding CXX object CMakeFiles/leg_run_2.dir/src/ik_solver_numerical.cpp.o[0m
[100%] [32m[1mLinking CXX executable leg_run_2[0m
[100%] Built target leg_run_2
-- Install configuration: ""
-- Execute custom install script
-- Symlinking: /home/santosh/sp_ws/install/ik_pkg/share/ik_pkg/launch/pose_pub.launch.py
-- Symlinking: /home/santosh/sp_ws/install/ik_pkg/share/ik_pkg/scripts/mp_o_tf.py
-- Symlinking: /home/santosh/sp_ws/install/ik_pkg/share/ik_pkg/scripts/pub_.py
-- Symlinking: /home/santosh/sp_ws/install/ik_pkg/share/ik_pkg/scripts/pub_mod.py
-- Symlinking: /home/santosh/sp_ws/install/ik_pkg/share/ik_pkg/scripts/test.py
-- Symlinking: /home/santosh/sp_ws/install/ik_pkg/share/ik_pkg/scripts/test_mod.py
-- Symlinking: /home/santosh/sp_ws/install/ik_pkg/share/ik_pkg/scripts/tf_pub.py
-- Symlinking: /home/santosh/sp_ws/install/ik_pkg/share/ik_pkg/scripts/tre_jec.py
-- Symlinking: /home/santosh/sp_ws/install/ik_pkg/share/ik_pkg/scripts/tre_jec_2.py
-- Symlinking: /home/santosh/sp_ws/install/ik_pkg/lib/ik_pkg/leg_run_2
-- Symlinking: /home/santosh/sp_ws/install/ik_pkg/lib/ik_pkg/tre_jec_2.py
-- Symlinking: /home/santosh/sp_ws/install/ik_pkg/lib/ik_pkg/test_mod.py
-- Symlinking: /home/santosh/sp_ws/install/ik_pkg/lib/ik_pkg/tf_pub.py
-- Symlinking: /home/santosh/sp_ws/install/ik_pkg/lib/ik_pkg/mp_o_tf.py
-- Symlinking: /home/santosh/sp_ws/install/ik_pkg/share/ament_index/resource_index/package_run_dependencies/ik_pkg
-- Symlinking: /home/santosh/sp_ws/install/ik_pkg/share/ament_index/resource_index/parent_prefix_path/ik_pkg
-- Symlinking: /home/santosh/sp_ws/install/ik_pkg/share/ik_pkg/environment/ament_prefix_path.sh
-- Symlinking: /home/santosh/sp_ws/install/ik_pkg/share/ik_pkg/environment/ament_prefix_path.dsv
-- Symlinking: /home/santosh/sp_ws/install/ik_pkg/share/ik_pkg/environment/path.sh
-- Symlinking: /home/santosh/sp_ws/install/ik_pkg/share/ik_pkg/environment/path.dsv
-- Symlinking: /home/santosh/sp_ws/install/ik_pkg/share/ik_pkg/local_setup.bash
-- Symlinking: /home/santosh/sp_ws/install/ik_pkg/share/ik_pkg/local_setup.sh
-- Symlinking: /home/santosh/sp_ws/install/ik_pkg/share/ik_pkg/local_setup.zsh
-- Symlinking: /home/santosh/sp_ws/install/ik_pkg/share/ik_pkg/local_setup.dsv
-- Symlinking: /home/santosh/sp_ws/install/ik_pkg/share/ik_pkg/package.dsv
-- Symlinking: /home/santosh/sp_ws/install/ik_pkg/share/ament_index/resource_index/packages/ik_pkg
-- Symlinking: /home/santosh/sp_ws/install/ik_pkg/share/ik_pkg/cmake/ik_pkgConfig.cmake
-- Symlinking: /home/santosh/sp_ws/install/ik_pkg/share/ik_pkg/cmake/ik_pkgConfig-version.cmake
-- Symlinking: /home/santosh/sp_ws/install/ik_pkg/share/ik_pkg/package.xml
