[0.178s] Invoking command in '/home/santosh/sp_ws/build/ik_pkg': CMAKE_PREFIX_PATH=${CMAKE_PREFIX_PATH}:/home/santosh/sp_ws/install/cartographer_slam:/opt/ros/humble /usr/bin/cmake /home/santosh/sp_ws/src/ik_pkg -DAMENT_CMAKE_SYMLINK_INSTALL=1 -DCMAKE_INSTALL_PREFIX=/home/santosh/sp_ws/install/ik_pkg
[0.186s] -- Found ament_cmake: 1.3.11 (/opt/ros/humble/share/ament_cmake/cmake)
[0.285s] -- Override CMake install command with custom implementation using symlinks instead of copying resources
[0.289s] -- Found rclcpp: 16.0.11 (/opt/ros/humble/share/rclcpp/cmake)
[0.308s] -- Found rosidl_generator_c: 3.1.6 (/opt/ros/humble/share/rosidl_generator_c/cmake)
[0.309s] -- Found rosidl_adapter: 3.1.6 (/opt/ros/humble/share/rosidl_adapter/cmake)
[0.313s] -- Found rosidl_generator_cpp: 3.1.6 (/opt/ros/humble/share/rosidl_generator_cpp/cmake)
[0.319s] -- Using all available rosidl_typesupport_c: rosidl_typesupport_fastrtps_c;rosidl_typesupport_introspection_c
[0.327s] -- Using all available rosidl_typesupport_cpp: rosidl_typesupport_fastrtps_cpp;rosidl_typesupport_introspection_cpp
[0.350s] -- Found rmw_implementation_cmake: 6.1.2 (/opt/ros/humble/share/rmw_implementation_cmake/cmake)
[0.351s] -- Found rmw_fastrtps_cpp: 6.2.7 (/opt/ros/humble/share/rmw_fastrtps_cpp/cmake)
[0.429s] -- Using RMW implementation 'rmw_fastrtps_cpp' as default
[0.460s] -- Found communication: 0.0.0 (/home/santosh/sp_ws/install/communication/share/communication/cmake)
[0.504s] -- Found kdl_parser: 2.6.4 (/opt/ros/humble/share/kdl_parser/cmake)
[0.508s] -- Found eigen3_cmake_module: 0.1.1 (/opt/ros/humble/share/eigen3_cmake_module/cmake)
[0.509s] -- Found Eigen3: TRUE (found version "3.4.0") 
[0.509s] -- Ensuring Eigen3 include directory is part of orocos-kdl CMake target
[0.513s] -- Found urdf: 2.6.1 (/opt/ros/humble/share/urdf/cmake)
[0.543s] -- Found nav_msgs: 4.2.4 (/opt/ros/humble/share/nav_msgs/cmake)
[0.555s] -- Found tf2: 0.25.12 (/opt/ros/humble/share/tf2/cmake)
[0.559s] -- Found tf2_ros: 0.25.12 (/opt/ros/humble/share/tf2_ros/cmake)
[0.629s] -- Found tf2_geometry_msgs: 0.25.12 (/opt/ros/humble/share/tf2_geometry_msgs/cmake)
[0.632s] -- Found ament_lint_auto: 0.12.11 (/opt/ros/humble/share/ament_lint_auto/cmake)
[0.693s] -- Added test 'cppcheck' to perform static code analysis on C / C++ code
[0.693s] -- Configured cppcheck include dirs: 
[0.693s] -- Configured cppcheck exclude dirs and/or files: 
[0.694s] -- Added test 'flake8' to check Python code syntax and style conventions
[0.694s] -- Added test 'lint_cmake' to check CMake code style
[0.694s] -- Added test 'pep257' to check Python code against some of the docstring style conventions in PEP 257
[0.695s] -- Added test 'uncrustify' to check C / C++ code style
[0.695s] -- Configured uncrustify additional arguments: 
[0.695s] -- Added test 'xmllint' to check XML markup files
[0.696s] -- Configuring done
[0.703s] -- Generating done
[0.705s] -- Build files have been written to: /home/santosh/sp_ws/build/ik_pkg
[0.712s] Invoked command in '/home/santosh/sp_ws/build/ik_pkg' returned '0': CMAKE_PREFIX_PATH=${CMAKE_PREFIX_PATH}:/home/santosh/sp_ws/install/cartographer_slam:/opt/ros/humble /usr/bin/cmake /home/santosh/sp_ws/src/ik_pkg -DAMENT_CMAKE_SYMLINK_INSTALL=1 -DCMAKE_INSTALL_PREFIX=/home/santosh/sp_ws/install/ik_pkg
[0.713s] Invoking command in '/home/santosh/sp_ws/build/ik_pkg': CMAKE_PREFIX_PATH=${CMAKE_PREFIX_PATH}:/home/santosh/sp_ws/install/cartographer_slam:/opt/ros/humble /usr/bin/cmake --build /home/santosh/sp_ws/build/ik_pkg -- -j12 -l12
[0.764s] [ 50%] [32mBuilding CXX object CMakeFiles/leg_run_2.dir/src/ik_solver_numerical.cpp.o[0m
[6.438s] [100%] [32m[1mLinking CXX executable leg_run_2[0m
[6.702s] [100%] Built target leg_run_2
[6.712s] Invoked command in '/home/santosh/sp_ws/build/ik_pkg' returned '0': CMAKE_PREFIX_PATH=${CMAKE_PREFIX_PATH}:/home/santosh/sp_ws/install/cartographer_slam:/opt/ros/humble /usr/bin/cmake --build /home/santosh/sp_ws/build/ik_pkg -- -j12 -l12
[6.713s] Invoking command in '/home/santosh/sp_ws/build/ik_pkg': CMAKE_PREFIX_PATH=${CMAKE_PREFIX_PATH}:/home/santosh/sp_ws/install/cartographer_slam:/opt/ros/humble /usr/bin/cmake --install /home/santosh/sp_ws/build/ik_pkg
[6.720s] -- Install configuration: ""
[6.720s] -- Execute custom install script
[6.720s] -- Symlinking: /home/santosh/sp_ws/install/ik_pkg/share/ik_pkg/launch/pose_pub.launch.py
[6.727s] -- Symlinking: /home/santosh/sp_ws/install/ik_pkg/share/ik_pkg/scripts/mp_o_tf.py
[6.735s] -- Symlinking: /home/santosh/sp_ws/install/ik_pkg/share/ik_pkg/scripts/pub_.py
[6.741s] -- Symlinking: /home/santosh/sp_ws/install/ik_pkg/share/ik_pkg/scripts/pub_mod.py
[6.747s] -- Symlinking: /home/santosh/sp_ws/install/ik_pkg/share/ik_pkg/scripts/test.py
[6.753s] -- Symlinking: /home/santosh/sp_ws/install/ik_pkg/share/ik_pkg/scripts/test_mod.py
[6.761s] -- Symlinking: /home/santosh/sp_ws/install/ik_pkg/share/ik_pkg/scripts/tf_pub.py
[6.769s] -- Symlinking: /home/santosh/sp_ws/install/ik_pkg/share/ik_pkg/scripts/tre_jec.py
[6.776s] -- Symlinking: /home/santosh/sp_ws/install/ik_pkg/share/ik_pkg/scripts/tre_jec_2.py
[6.782s] -- Symlinking: /home/santosh/sp_ws/install/ik_pkg/lib/ik_pkg/leg_run_2
[6.791s] -- Symlinking: /home/santosh/sp_ws/install/ik_pkg/lib/ik_pkg/tre_jec_2.py
[6.799s] -- Symlinking: /home/santosh/sp_ws/install/ik_pkg/lib/ik_pkg/test_mod.py
[6.805s] -- Symlinking: /home/santosh/sp_ws/install/ik_pkg/lib/ik_pkg/tf_pub.py
[6.814s] -- Symlinking: /home/santosh/sp_ws/install/ik_pkg/lib/ik_pkg/mp_o_tf.py
[6.820s] -- Symlinking: /home/santosh/sp_ws/install/ik_pkg/share/ament_index/resource_index/package_run_dependencies/ik_pkg
[6.827s] -- Symlinking: /home/santosh/sp_ws/install/ik_pkg/share/ament_index/resource_index/parent_prefix_path/ik_pkg
[6.833s] -- Symlinking: /home/santosh/sp_ws/install/ik_pkg/share/ik_pkg/environment/ament_prefix_path.sh
[6.840s] -- Symlinking: /home/santosh/sp_ws/install/ik_pkg/share/ik_pkg/environment/ament_prefix_path.dsv
[6.849s] -- Symlinking: /home/santosh/sp_ws/install/ik_pkg/share/ik_pkg/environment/path.sh
[6.855s] -- Symlinking: /home/santosh/sp_ws/install/ik_pkg/share/ik_pkg/environment/path.dsv
[6.863s] -- Symlinking: /home/santosh/sp_ws/install/ik_pkg/share/ik_pkg/local_setup.bash
[6.869s] -- Symlinking: /home/santosh/sp_ws/install/ik_pkg/share/ik_pkg/local_setup.sh
[6.876s] -- Symlinking: /home/santosh/sp_ws/install/ik_pkg/share/ik_pkg/local_setup.zsh
[6.882s] -- Symlinking: /home/santosh/sp_ws/install/ik_pkg/share/ik_pkg/local_setup.dsv
[6.890s] -- Symlinking: /home/santosh/sp_ws/install/ik_pkg/share/ik_pkg/package.dsv
[6.899s] -- Symlinking: /home/santosh/sp_ws/install/ik_pkg/share/ament_index/resource_index/packages/ik_pkg
[6.906s] -- Symlinking: /home/santosh/sp_ws/install/ik_pkg/share/ik_pkg/cmake/ik_pkgConfig.cmake
[6.913s] -- Symlinking: /home/santosh/sp_ws/install/ik_pkg/share/ik_pkg/cmake/ik_pkgConfig-version.cmake
[6.920s] -- Symlinking: /home/santosh/sp_ws/install/ik_pkg/share/ik_pkg/package.xml
[6.928s] Invoked command in '/home/santosh/sp_ws/build/ik_pkg' returned '0': CMAKE_PREFIX_PATH=${CMAKE_PREFIX_PATH}:/home/santosh/sp_ws/install/cartographer_slam:/opt/ros/humble /usr/bin/cmake --install /home/santosh/sp_ws/build/ik_pkg
