[  1%] Built target communication__cpp
[ 12%] Built target communication__rosidl_generator_c
[ 12%] Built target ament_cmake_python_symlink_communication
[ 23%] Built target communication__rosidl_typesupport_fastrtps_cpp
[ 34%] Built target communication__rosidl_typesupport_cpp
[ 46%] Built target communication__rosidl_typesupport_introspection_cpp
[ 58%] Built target communication__rosidl_typesupport_c
[ 68%] Built target communication__rosidl_typesupport_introspection_c
[ 79%] Built target communication__rosidl_typesupport_fastrtps_c
[ 79%] Built target communication
[ 80%] Built target communication__py
[ 90%] Built target communication__rosidl_generator_py
[ 96%] Built target communication__rosidl_typesupport_fastrtps_c__pyext
[ 96%] Built target communication__rosidl_typesupport_introspection_c__pyext
[100%] Built target communication__rosidl_typesupport_c__pyext
running egg_info
writing communication.egg-info/PKG-INFO
writing dependency_links to communication.egg-info/dependency_links.txt
writing top-level names to communication.egg-info/top_level.txt
reading manifest file 'communication.egg-info/SOURCES.txt'
writing manifest file 'communication.egg-info/SOURCES.txt'
[100%] Built target ament_cmake_python_build_communication_egg
-- Install configuration: ""
-- Execute custom install script
-- Up-to-date symlink: /home/santosh/sp_ws/install/communication/share/ament_index/resource_index/rosidl_interfaces/communication
-- Up-to-date symlink: /home/santosh/sp_ws/install/communication/include/communication/communication/msg/actuator_cmds.h
-- Up-to-date symlink: /home/santosh/sp_ws/install/communication/include/communication/communication/msg/detail/actuator_cmds__functions.h
-- Up-to-date symlink: /home/santosh/sp_ws/install/communication/include/communication/communication/msg/detail/actuator_cmds__struct.h
-- Up-to-date symlink: /home/santosh/sp_ws/install/communication/include/communication/communication/msg/detail/actuator_cmds__type_support.h
-- Up-to-date symlink: /home/santosh/sp_ws/install/communication/include/communication/communication/msg/detail/motion_commands__functions.h
-- Up-to-date symlink: /home/santosh/sp_ws/install/communication/include/communication/communication/msg/detail/motion_commands__struct.h
-- Up-to-date symlink: /home/santosh/sp_ws/install/communication/include/communication/communication/msg/detail/motion_commands__type_support.h
-- Up-to-date symlink: /home/santosh/sp_ws/install/communication/include/communication/communication/msg/detail/touch_sensor__functions.h
-- Up-to-date symlink: /home/santosh/sp_ws/install/communication/include/communication/communication/msg/detail/touch_sensor__struct.h
-- Up-to-date symlink: /home/santosh/sp_ws/install/communication/include/communication/communication/msg/detail/touch_sensor__type_support.h
-- Up-to-date symlink: /home/santosh/sp_ws/install/communication/include/communication/communication/msg/motion_commands.h
-- Up-to-date symlink: /home/santosh/sp_ws/install/communication/include/communication/communication/msg/rosidl_generator_c__visibility_control.h
-- Up-to-date symlink: /home/santosh/sp_ws/install/communication/include/communication/communication/msg/touch_sensor.h
-- Up-to-date symlink: /home/santosh/sp_ws/install/communication/include/communication/communication/srv/detail/gait_switch__functions.h
-- Up-to-date symlink: /home/santosh/sp_ws/install/communication/include/communication/communication/srv/detail/gait_switch__struct.h
-- Up-to-date symlink: /home/santosh/sp_ws/install/communication/include/communication/communication/srv/detail/gait_switch__type_support.h
-- Up-to-date symlink: /home/santosh/sp_ws/install/communication/include/communication/communication/srv/detail/simulation_reset__functions.h
-- Up-to-date symlink: /home/santosh/sp_ws/install/communication/include/communication/communication/srv/detail/simulation_reset__struct.h
-- Up-to-date symlink: /home/santosh/sp_ws/install/communication/include/communication/communication/srv/detail/simulation_reset__type_support.h
-- Up-to-date symlink: /home/santosh/sp_ws/install/communication/include/communication/communication/srv/gait_switch.h
-- Up-to-date symlink: /home/santosh/sp_ws/install/communication/include/communication/communication/srv/simulation_reset.h
-- Up-to-date symlink: /home/santosh/sp_ws/install/communication/share/communication/environment/library_path.sh
-- Up-to-date symlink: /home/santosh/sp_ws/install/communication/share/communication/environment/library_path.dsv
-- Up-to-date symlink: /home/santosh/sp_ws/install/communication/include/communication/communication/msg/detail/actuator_cmds__rosidl_typesupport_fastrtps_c.h
-- Up-to-date symlink: /home/santosh/sp_ws/install/communication/include/communication/communication/msg/detail/motion_commands__rosidl_typesupport_fastrtps_c.h
-- Up-to-date symlink: /home/santosh/sp_ws/install/communication/include/communication/communication/msg/detail/touch_sensor__rosidl_typesupport_fastrtps_c.h
-- Up-to-date symlink: /home/santosh/sp_ws/install/communication/include/communication/communication/msg/rosidl_typesupport_fastrtps_c__visibility_control.h
-- Up-to-date symlink: /home/santosh/sp_ws/install/communication/include/communication/communication/srv/detail/gait_switch__rosidl_typesupport_fastrtps_c.h
-- Up-to-date symlink: /home/santosh/sp_ws/install/communication/include/communication/communication/srv/detail/simulation_reset__rosidl_typesupport_fastrtps_c.h
-- Up-to-date symlink: /home/santosh/sp_ws/install/communication/include/communication/communication/msg/actuator_cmds.hpp
-- Up-to-date symlink: /home/santosh/sp_ws/install/communication/include/communication/communication/msg/detail/actuator_cmds__builder.hpp
-- Up-to-date symlink: /home/santosh/sp_ws/install/communication/include/communication/communication/msg/detail/actuator_cmds__struct.hpp
-- Up-to-date symlink: /home/santosh/sp_ws/install/communication/include/communication/communication/msg/detail/actuator_cmds__traits.hpp
-- Up-to-date symlink: /home/santosh/sp_ws/install/communication/include/communication/communication/msg/detail/actuator_cmds__type_support.hpp
-- Up-to-date symlink: /home/santosh/sp_ws/install/communication/include/communication/communication/msg/detail/motion_commands__builder.hpp
-- Up-to-date symlink: /home/santosh/sp_ws/install/communication/include/communication/communication/msg/detail/motion_commands__struct.hpp
-- Up-to-date symlink: /home/santosh/sp_ws/install/communication/include/communication/communication/msg/detail/motion_commands__traits.hpp
-- Up-to-date symlink: /home/santosh/sp_ws/install/communication/include/communication/communication/msg/detail/motion_commands__type_support.hpp
-- Up-to-date symlink: /home/santosh/sp_ws/install/communication/include/communication/communication/msg/detail/touch_sensor__builder.hpp
-- Up-to-date symlink: /home/santosh/sp_ws/install/communication/include/communication/communication/msg/detail/touch_sensor__struct.hpp
-- Up-to-date symlink: /home/santosh/sp_ws/install/communication/include/communication/communication/msg/detail/touch_sensor__traits.hpp
-- Up-to-date symlink: /home/santosh/sp_ws/install/communication/include/communication/communication/msg/detail/touch_sensor__type_support.hpp
-- Up-to-date symlink: /home/santosh/sp_ws/install/communication/include/communication/communication/msg/motion_commands.hpp
-- Up-to-date symlink: /home/santosh/sp_ws/install/communication/include/communication/communication/msg/rosidl_generator_cpp__visibility_control.hpp
-- Up-to-date symlink: /home/santosh/sp_ws/install/communication/include/communication/communication/msg/touch_sensor.hpp
-- Up-to-date symlink: /home/santosh/sp_ws/install/communication/include/communication/communication/srv/detail/gait_switch__builder.hpp
-- Up-to-date symlink: /home/santosh/sp_ws/install/communication/include/communication/communication/srv/detail/gait_switch__struct.hpp
-- Up-to-date symlink: /home/santosh/sp_ws/install/communication/include/communication/communication/srv/detail/gait_switch__traits.hpp
-- Up-to-date symlink: /home/santosh/sp_ws/install/communication/include/communication/communication/srv/detail/gait_switch__type_support.hpp
-- Up-to-date symlink: /home/santosh/sp_ws/install/communication/include/communication/communication/srv/detail/simulation_reset__builder.hpp
-- Up-to-date symlink: /home/santosh/sp_ws/install/communication/include/communication/communication/srv/detail/simulation_reset__struct.hpp
-- Up-to-date symlink: /home/santosh/sp_ws/install/communication/include/communication/communication/srv/detail/simulation_reset__traits.hpp
-- Up-to-date symlink: /home/santosh/sp_ws/install/communication/include/communication/communication/srv/detail/simulation_reset__type_support.hpp
-- Up-to-date symlink: /home/santosh/sp_ws/install/communication/include/communication/communication/srv/gait_switch.hpp
-- Up-to-date symlink: /home/santosh/sp_ws/install/communication/include/communication/communication/srv/simulation_reset.hpp
-- Up-to-date symlink: /home/santosh/sp_ws/install/communication/include/communication/communication/msg/detail/actuator_cmds__rosidl_typesupport_fastrtps_cpp.hpp
-- Up-to-date symlink: /home/santosh/sp_ws/install/communication/include/communication/communication/msg/detail/motion_commands__rosidl_typesupport_fastrtps_cpp.hpp
-- Up-to-date symlink: /home/santosh/sp_ws/install/communication/include/communication/communication/msg/detail/touch_sensor__rosidl_typesupport_fastrtps_cpp.hpp
-- Up-to-date symlink: /home/santosh/sp_ws/install/communication/include/communication/communication/msg/rosidl_typesupport_fastrtps_cpp__visibility_control.h
-- Up-to-date symlink: /home/santosh/sp_ws/install/communication/include/communication/communication/srv/detail/gait_switch__rosidl_typesupport_fastrtps_cpp.hpp
-- Up-to-date symlink: /home/santosh/sp_ws/install/communication/include/communication/communication/srv/detail/simulation_reset__rosidl_typesupport_fastrtps_cpp.hpp
-- Up-to-date symlink: /home/santosh/sp_ws/install/communication/include/communication/communication/msg/detail/actuator_cmds__rosidl_typesupport_introspection_c.h
-- Up-to-date symlink: /home/santosh/sp_ws/install/communication/include/communication/communication/msg/detail/motion_commands__rosidl_typesupport_introspection_c.h
-- Up-to-date symlink: /home/santosh/sp_ws/install/communication/include/communication/communication/msg/detail/touch_sensor__rosidl_typesupport_introspection_c.h
-- Up-to-date symlink: /home/santosh/sp_ws/install/communication/include/communication/communication/msg/rosidl_typesupport_introspection_c__visibility_control.h
-- Up-to-date symlink: /home/santosh/sp_ws/install/communication/include/communication/communication/srv/detail/gait_switch__rosidl_typesupport_introspection_c.h
-- Up-to-date symlink: /home/santosh/sp_ws/install/communication/include/communication/communication/srv/detail/simulation_reset__rosidl_typesupport_introspection_c.h
-- Up-to-date symlink: /home/santosh/sp_ws/install/communication/include/communication/communication/msg/detail/actuator_cmds__rosidl_typesupport_introspection_cpp.hpp
-- Up-to-date symlink: /home/santosh/sp_ws/install/communication/include/communication/communication/msg/detail/motion_commands__rosidl_typesupport_introspection_cpp.hpp
-- Up-to-date symlink: /home/santosh/sp_ws/install/communication/include/communication/communication/msg/detail/touch_sensor__rosidl_typesupport_introspection_cpp.hpp
-- Up-to-date symlink: /home/santosh/sp_ws/install/communication/include/communication/communication/srv/detail/gait_switch__rosidl_typesupport_introspection_cpp.hpp
-- Up-to-date symlink: /home/santosh/sp_ws/install/communication/include/communication/communication/srv/detail/simulation_reset__rosidl_typesupport_introspection_cpp.hpp
-- Up-to-date symlink: /home/santosh/sp_ws/install/communication/share/communication/environment/pythonpath.sh
-- Up-to-date symlink: /home/santosh/sp_ws/install/communication/share/communication/environment/pythonpath.dsv
-- Up-to-date symlink: /home/santosh/sp_ws/install/communication/local/lib/python3.10/dist-packages/communication-0.0.0-py3.10.egg-info/PKG-INFO
-- Up-to-date symlink: /home/santosh/sp_ws/install/communication/local/lib/python3.10/dist-packages/communication-0.0.0-py3.10.egg-info/SOURCES.txt
-- Up-to-date symlink: /home/santosh/sp_ws/install/communication/local/lib/python3.10/dist-packages/communication-0.0.0-py3.10.egg-info/dependency_links.txt
-- Up-to-date symlink: /home/santosh/sp_ws/install/communication/local/lib/python3.10/dist-packages/communication-0.0.0-py3.10.egg-info/top_level.txt
-- Up-to-date symlink: /home/santosh/sp_ws/install/communication/local/lib/python3.10/dist-packages/communication/__init__.py
-- Up-to-date symlink: /home/santosh/sp_ws/install/communication/local/lib/python3.10/dist-packages/communication/_communication_s.ep.rosidl_typesupport_c.c
-- Up-to-date symlink: /home/santosh/sp_ws/install/communication/local/lib/python3.10/dist-packages/communication/_communication_s.ep.rosidl_typesupport_fastrtps_c.c
-- Up-to-date symlink: /home/santosh/sp_ws/install/communication/local/lib/python3.10/dist-packages/communication/_communication_s.ep.rosidl_typesupport_introspection_c.c
-- Up-to-date symlink: /home/santosh/sp_ws/install/communication/local/lib/python3.10/dist-packages/communication/communication_s__rosidl_typesupport_c.cpython-310-x86_64-linux-gnu.so
-- Up-to-date symlink: /home/santosh/sp_ws/install/communication/local/lib/python3.10/dist-packages/communication/communication_s__rosidl_typesupport_fastrtps_c.cpython-310-x86_64-linux-gnu.so
-- Up-to-date symlink: /home/santosh/sp_ws/install/communication/local/lib/python3.10/dist-packages/communication/communication_s__rosidl_typesupport_introspection_c.cpython-310-x86_64-linux-gnu.so
-- Up-to-date symlink: /home/santosh/sp_ws/install/communication/local/lib/python3.10/dist-packages/communication/libcommunication__rosidl_generator_py.so
-- Up-to-date symlink: /home/santosh/sp_ws/install/communication/local/lib/python3.10/dist-packages/communication/msg/__init__.py
-- Up-to-date symlink: /home/santosh/sp_ws/install/communication/local/lib/python3.10/dist-packages/communication/msg/_actuator_cmds.py
-- Up-to-date symlink: /home/santosh/sp_ws/install/communication/local/lib/python3.10/dist-packages/communication/msg/_actuator_cmds_s.c
-- Up-to-date symlink: /home/santosh/sp_ws/install/communication/local/lib/python3.10/dist-packages/communication/msg/_motion_commands.py
-- Up-to-date symlink: /home/santosh/sp_ws/install/communication/local/lib/python3.10/dist-packages/communication/msg/_motion_commands_s.c
-- Up-to-date symlink: /home/santosh/sp_ws/install/communication/local/lib/python3.10/dist-packages/communication/msg/_touch_sensor.py
-- Up-to-date symlink: /home/santosh/sp_ws/install/communication/local/lib/python3.10/dist-packages/communication/msg/_touch_sensor_s.c
-- Up-to-date symlink: /home/santosh/sp_ws/install/communication/local/lib/python3.10/dist-packages/communication/srv/__init__.py
-- Up-to-date symlink: /home/santosh/sp_ws/install/communication/local/lib/python3.10/dist-packages/communication/srv/_gait_switch.py
-- Up-to-date symlink: /home/santosh/sp_ws/install/communication/local/lib/python3.10/dist-packages/communication/srv/_gait_switch_s.c
-- Up-to-date symlink: /home/santosh/sp_ws/install/communication/local/lib/python3.10/dist-packages/communication/srv/_simulation_reset.py
-- Up-to-date symlink: /home/santosh/sp_ws/install/communication/local/lib/python3.10/dist-packages/communication/srv/_simulation_reset_s.c
-- Up-to-date symlink: /home/santosh/sp_ws/install/communication/local/lib/python3.10/dist-packages/communication/communication_s__rosidl_typesupport_fastrtps_c.cpython-310-x86_64-linux-gnu.so
-- Up-to-date symlink: /home/santosh/sp_ws/install/communication/local/lib/python3.10/dist-packages/communication/communication_s__rosidl_typesupport_introspection_c.cpython-310-x86_64-linux-gnu.so
-- Up-to-date symlink: /home/santosh/sp_ws/install/communication/local/lib/python3.10/dist-packages/communication/communication_s__rosidl_typesupport_c.cpython-310-x86_64-linux-gnu.so
-- Up-to-date symlink: /home/santosh/sp_ws/install/communication/share/communication/msg/ActuatorCmds.idl
-- Up-to-date symlink: /home/santosh/sp_ws/install/communication/share/communication/msg/MotionCommands.idl
-- Up-to-date symlink: /home/santosh/sp_ws/install/communication/share/communication/msg/TouchSensor.idl
-- Up-to-date symlink: /home/santosh/sp_ws/install/communication/share/communication/srv/SimulationReset.idl
-- Up-to-date symlink: /home/santosh/sp_ws/install/communication/share/communication/srv/GaitSwitch.idl
-- Up-to-date symlink: /home/santosh/sp_ws/install/communication/share/communication/msg/ActuatorCmds.msg
-- Up-to-date symlink: /home/santosh/sp_ws/install/communication/share/communication/msg/MotionCommands.msg
-- Up-to-date symlink: /home/santosh/sp_ws/install/communication/share/communication/msg/TouchSensor.msg
-- Up-to-date symlink: /home/santosh/sp_ws/install/communication/share/communication/srv/SimulationReset.srv
-- Up-to-date symlink: /home/santosh/sp_ws/install/communication/share/communication/srv/SimulationReset_Request.msg
-- Up-to-date symlink: /home/santosh/sp_ws/install/communication/share/communication/srv/SimulationReset_Response.msg
-- Up-to-date symlink: /home/santosh/sp_ws/install/communication/share/communication/srv/GaitSwitch.srv
-- Up-to-date symlink: /home/santosh/sp_ws/install/communication/share/communication/srv/GaitSwitch_Request.msg
-- Up-to-date symlink: /home/santosh/sp_ws/install/communication/share/communication/srv/GaitSwitch_Response.msg
-- Up-to-date symlink: /home/santosh/sp_ws/install/communication/share/ament_index/resource_index/package_run_dependencies/communication
-- Up-to-date symlink: /home/santosh/sp_ws/install/communication/share/ament_index/resource_index/parent_prefix_path/communication
-- Up-to-date symlink: /home/santosh/sp_ws/install/communication/share/communication/environment/ament_prefix_path.sh
-- Up-to-date symlink: /home/santosh/sp_ws/install/communication/share/communication/environment/ament_prefix_path.dsv
-- Up-to-date symlink: /home/santosh/sp_ws/install/communication/share/communication/environment/path.sh
-- Up-to-date symlink: /home/santosh/sp_ws/install/communication/share/communication/environment/path.dsv
-- Up-to-date symlink: /home/santosh/sp_ws/install/communication/share/communication/local_setup.bash
-- Up-to-date symlink: /home/santosh/sp_ws/install/communication/share/communication/local_setup.sh
-- Up-to-date symlink: /home/santosh/sp_ws/install/communication/share/communication/local_setup.zsh
-- Up-to-date symlink: /home/santosh/sp_ws/install/communication/share/communication/local_setup.dsv
-- Symlinking: /home/santosh/sp_ws/install/communication/share/communication/package.dsv
-- Up-to-date symlink: /home/santosh/sp_ws/install/communication/share/ament_index/resource_index/packages/communication
-- Up-to-date symlink: /home/santosh/sp_ws/install/communication/share/communication/cmake/rosidl_cmake-extras.cmake
-- Up-to-date symlink: /home/santosh/sp_ws/install/communication/share/communication/cmake/ament_cmake_export_dependencies-extras.cmake
-- Up-to-date symlink: /home/santosh/sp_ws/install/communication/share/communication/cmake/ament_cmake_export_include_directories-extras.cmake
-- Up-to-date symlink: /home/santosh/sp_ws/install/communication/share/communication/cmake/ament_cmake_export_libraries-extras.cmake
-- Up-to-date symlink: /home/santosh/sp_ws/install/communication/share/communication/cmake/ament_cmake_export_targets-extras.cmake
-- Up-to-date symlink: /home/santosh/sp_ws/install/communication/share/communication/cmake/rosidl_cmake_export_typesupport_targets-extras.cmake
-- Up-to-date symlink: /home/santosh/sp_ws/install/communication/share/communication/cmake/rosidl_cmake_export_typesupport_libraries-extras.cmake
-- Up-to-date symlink: /home/santosh/sp_ws/install/communication/share/communication/cmake/communicationConfig.cmake
-- Up-to-date symlink: /home/santosh/sp_ws/install/communication/share/communication/cmake/communicationConfig-version.cmake
-- Up-to-date symlink: /home/santosh/sp_ws/install/communication/share/communication/package.xml
-- Up-to-date: /home/santosh/sp_ws/install/communication/lib/libcommunication__rosidl_generator_c.so
-- Up-to-date: /home/santosh/sp_ws/install/communication/lib/libcommunication__rosidl_typesupport_fastrtps_c.so
-- Up-to-date: /home/santosh/sp_ws/install/communication/lib/libcommunication__rosidl_typesupport_fastrtps_cpp.so
-- Up-to-date: /home/santosh/sp_ws/install/communication/lib/libcommunication__rosidl_typesupport_introspection_c.so
-- Up-to-date: /home/santosh/sp_ws/install/communication/lib/libcommunication__rosidl_typesupport_c.so
-- Up-to-date: /home/santosh/sp_ws/install/communication/lib/libcommunication__rosidl_typesupport_introspection_cpp.so
-- Up-to-date: /home/santosh/sp_ws/install/communication/lib/libcommunication__rosidl_typesupport_cpp.so
Listing '/home/santosh/sp_ws/install/communication/local/lib/python3.10/dist-packages/communication'...
Listing '/home/santosh/sp_ws/install/communication/local/lib/python3.10/dist-packages/communication/msg'...
Listing '/home/santosh/sp_ws/install/communication/local/lib/python3.10/dist-packages/communication/srv'...
-- Up-to-date: /home/santosh/sp_ws/install/communication/lib/libcommunication__rosidl_generator_py.so
-- Up-to-date: /home/santosh/sp_ws/install/communication/share/communication/cmake/export_communication__rosidl_generator_cExport.cmake
-- Up-to-date: /home/santosh/sp_ws/install/communication/share/communication/cmake/export_communication__rosidl_generator_cExport-noconfig.cmake
-- Up-to-date: /home/santosh/sp_ws/install/communication/share/communication/cmake/export_communication__rosidl_typesupport_fastrtps_cExport.cmake
-- Up-to-date: /home/santosh/sp_ws/install/communication/share/communication/cmake/export_communication__rosidl_typesupport_fastrtps_cExport-noconfig.cmake
-- Up-to-date: /home/santosh/sp_ws/install/communication/share/communication/cmake/export_communication__rosidl_generator_cppExport.cmake
-- Up-to-date: /home/santosh/sp_ws/install/communication/share/communication/cmake/export_communication__rosidl_typesupport_fastrtps_cppExport.cmake
-- Up-to-date: /home/santosh/sp_ws/install/communication/share/communication/cmake/export_communication__rosidl_typesupport_fastrtps_cppExport-noconfig.cmake
-- Up-to-date: /home/santosh/sp_ws/install/communication/share/communication/cmake/communication__rosidl_typesupport_introspection_cExport.cmake
-- Up-to-date: /home/santosh/sp_ws/install/communication/share/communication/cmake/communication__rosidl_typesupport_introspection_cExport-noconfig.cmake
-- Up-to-date: /home/santosh/sp_ws/install/communication/share/communication/cmake/communication__rosidl_typesupport_cExport.cmake
-- Up-to-date: /home/santosh/sp_ws/install/communication/share/communication/cmake/communication__rosidl_typesupport_cExport-noconfig.cmake
-- Up-to-date: /home/santosh/sp_ws/install/communication/share/communication/cmake/communication__rosidl_typesupport_introspection_cppExport.cmake
-- Up-to-date: /home/santosh/sp_ws/install/communication/share/communication/cmake/communication__rosidl_typesupport_introspection_cppExport-noconfig.cmake
-- Up-to-date: /home/santosh/sp_ws/install/communication/share/communication/cmake/communication__rosidl_typesupport_cppExport.cmake
-- Up-to-date: /home/santosh/sp_ws/install/communication/share/communication/cmake/communication__rosidl_typesupport_cppExport-noconfig.cmake
-- Up-to-date: /home/santosh/sp_ws/install/communication/share/communication/cmake/export_communication__rosidl_generator_pyExport.cmake
-- Up-to-date: /home/santosh/sp_ws/install/communication/share/communication/cmake/export_communication__rosidl_generator_pyExport-noconfig.cmake
