-- The C compiler identification is GNU 11.4.0
-- The CXX compiler identification is GNU 11.4.0
-- Detecting C compiler ABI info
-- Detecting C compiler ABI info - done
-- Check for working C compiler: /usr/bin/cc - skipped
-- Detecting C compile features
-- Detecting C compile features - done
-- Detecting CXX compiler ABI info
-- Detecting CXX compiler ABI info - done
-- Check for working CXX compiler: /usr/bin/c++ - skipped
-- Detecting CXX compile features
-- Detecting CXX compile features - done
-- Found ament_cmake: 1.3.11 (/opt/ros/humble/share/ament_cmake/cmake)
-- Found Python3: /usr/bin/python3 (found version "3.10.12") found components: Interpreter 
-- Override CMake install command with custom implementation using symlinks instead of copying resources
-- Found ament_lint_auto: 0.12.11 (/opt/ros/humble/share/ament_lint_auto/cmake)
-- Added test 'flake8' to check Python code syntax and style conventions
-- Added test 'lint_cmake' to check CMake code style
-- Added test 'pep257' to check Python code against some of the docstring style conventions in PEP 257
-- Added test 'xmllint' to check XML markup files
-- Configuring done
-- Generating done
-- Build files have been written to: /home/santosh/sp_ws/build/control_robo
-- Install configuration: ""
-- Execute custom install script
-- Symlinking: /home/santosh/sp_ws/install/control_robo/share/control_robo/launch/robot_control.launch.py
-- Symlinking: /home/santosh/sp_ws/install/control_robo/share/ament_index/resource_index/package_run_dependencies/control_robo
-- Symlinking: /home/santosh/sp_ws/install/control_robo/share/ament_index/resource_index/parent_prefix_path/control_robo
-- Symlinking: /home/santosh/sp_ws/install/control_robo/share/control_robo/environment/ament_prefix_path.sh
-- Symlinking: /home/santosh/sp_ws/install/control_robo/share/control_robo/environment/ament_prefix_path.dsv
-- Symlinking: /home/santosh/sp_ws/install/control_robo/share/control_robo/environment/path.sh
-- Symlinking: /home/santosh/sp_ws/install/control_robo/share/control_robo/environment/path.dsv
-- Symlinking: /home/santosh/sp_ws/install/control_robo/share/control_robo/local_setup.bash
-- Symlinking: /home/santosh/sp_ws/install/control_robo/share/control_robo/local_setup.sh
-- Symlinking: /home/santosh/sp_ws/install/control_robo/share/control_robo/local_setup.zsh
-- Symlinking: /home/santosh/sp_ws/install/control_robo/share/control_robo/local_setup.dsv
-- Symlinking: /home/santosh/sp_ws/install/control_robo/share/control_robo/package.dsv
-- Symlinking: /home/santosh/sp_ws/install/control_robo/share/ament_index/resource_index/packages/control_robo
-- Symlinking: /home/santosh/sp_ws/install/control_robo/share/control_robo/cmake/control_roboConfig.cmake
-- Symlinking: /home/santosh/sp_ws/install/control_robo/share/control_robo/cmake/control_roboConfig-version.cmake
-- Symlinking: /home/santosh/sp_ws/install/control_robo/share/control_robo/package.xml
