[0.140s] Invoking command in '/home/santosh/sp_ws/build/control_robo': CMAKE_PREFIX_PATH=${CMAKE_PREFIX_PATH}:/home/santosh/sp_ws/install/cartographer_slam:/opt/ros/humble /usr/bin/cmake /home/santosh/sp_ws/src/control_robo -DAMENT_CMAKE_SYMLINK_INSTALL=1 -DCMAKE_INSTALL_PREFIX=/home/santosh/sp_ws/install/control_robo
[0.200s] -- The C compiler identification is GNU 11.4.0
[0.245s] -- The CXX compiler identification is GNU 11.4.0
[0.253s] -- Detecting C compiler ABI info
[0.325s] -- Detecting C compiler ABI info - done
[0.333s] -- Check for working C compiler: /usr/bin/cc - skipped
[0.333s] -- Detecting C compile features
[0.334s] -- Detecting C compile features - done
[0.336s] -- Detecting CXX compiler ABI info
[0.413s] -- Detecting CXX compiler ABI info - done
[0.418s] -- Check for working CXX compiler: /usr/bin/c++ - skipped
[0.418s] -- Detecting CXX compile features
[0.419s] -- Detecting CXX compile features - done
[0.421s] -- Found ament_cmake: 1.3.11 (/opt/ros/humble/share/ament_cmake/cmake)
[0.788s] -- Found Python3: /usr/bin/python3 (found version "3.10.12") found components: Interpreter 
[0.850s] -- Override CMake install command with custom implementation using symlinks instead of copying resources
[0.883s] -- Found ament_lint_auto: 0.12.11 (/opt/ros/humble/share/ament_lint_auto/cmake)
[0.940s] -- Added test 'flake8' to check Python code syntax and style conventions
[0.941s] -- Added test 'lint_cmake' to check CMake code style
[0.941s] -- Added test 'pep257' to check Python code against some of the docstring style conventions in PEP 257
[0.942s] -- Added test 'xmllint' to check XML markup files
[0.942s] -- Configuring done
[0.944s] -- Generating done
[0.945s] -- Build files have been written to: /home/santosh/sp_ws/build/control_robo
[0.948s] Invoked command in '/home/santosh/sp_ws/build/control_robo' returned '0': CMAKE_PREFIX_PATH=${CMAKE_PREFIX_PATH}:/home/santosh/sp_ws/install/cartographer_slam:/opt/ros/humble /usr/bin/cmake /home/santosh/sp_ws/src/control_robo -DAMENT_CMAKE_SYMLINK_INSTALL=1 -DCMAKE_INSTALL_PREFIX=/home/santosh/sp_ws/install/control_robo
[0.949s] Invoking command in '/home/santosh/sp_ws/build/control_robo': CMAKE_PREFIX_PATH=${CMAKE_PREFIX_PATH}:/home/santosh/sp_ws/install/cartographer_slam:/opt/ros/humble /usr/bin/cmake --build /home/santosh/sp_ws/build/control_robo -- -j12 -l12
[0.985s] Invoked command in '/home/santosh/sp_ws/build/control_robo' returned '0': CMAKE_PREFIX_PATH=${CMAKE_PREFIX_PATH}:/home/santosh/sp_ws/install/cartographer_slam:/opt/ros/humble /usr/bin/cmake --build /home/santosh/sp_ws/build/control_robo -- -j12 -l12
[0.986s] Invoking command in '/home/santosh/sp_ws/build/control_robo': CMAKE_PREFIX_PATH=${CMAKE_PREFIX_PATH}:/home/santosh/sp_ws/install/cartographer_slam:/opt/ros/humble /usr/bin/cmake --install /home/santosh/sp_ws/build/control_robo
[0.993s] -- Install configuration: ""
[0.994s] -- Execute custom install script
[0.994s] -- Symlinking: /home/santosh/sp_ws/install/control_robo/share/control_robo/launch/robot_control.launch.py
[1.002s] -- Symlinking: /home/santosh/sp_ws/install/control_robo/share/ament_index/resource_index/package_run_dependencies/control_robo
[1.010s] -- Symlinking: /home/santosh/sp_ws/install/control_robo/share/ament_index/resource_index/parent_prefix_path/control_robo
[1.016s] -- Symlinking: /home/santosh/sp_ws/install/control_robo/share/control_robo/environment/ament_prefix_path.sh
[1.023s] -- Symlinking: /home/santosh/sp_ws/install/control_robo/share/control_robo/environment/ament_prefix_path.dsv
[1.031s] -- Symlinking: /home/santosh/sp_ws/install/control_robo/share/control_robo/environment/path.sh
[1.038s] -- Symlinking: /home/santosh/sp_ws/install/control_robo/share/control_robo/environment/path.dsv
[1.049s] -- Symlinking: /home/santosh/sp_ws/install/control_robo/share/control_robo/local_setup.bash
[1.058s] -- Symlinking: /home/santosh/sp_ws/install/control_robo/share/control_robo/local_setup.sh
[1.065s] -- Symlinking: /home/santosh/sp_ws/install/control_robo/share/control_robo/local_setup.zsh
[1.072s] -- Symlinking: /home/santosh/sp_ws/install/control_robo/share/control_robo/local_setup.dsv
[1.079s] -- Symlinking: /home/santosh/sp_ws/install/control_robo/share/control_robo/package.dsv
[1.086s] -- Symlinking: /home/santosh/sp_ws/install/control_robo/share/ament_index/resource_index/packages/control_robo
[1.093s] -- Symlinking: /home/santosh/sp_ws/install/control_robo/share/control_robo/cmake/control_roboConfig.cmake
[1.101s] -- Symlinking: /home/santosh/sp_ws/install/control_robo/share/control_robo/cmake/control_roboConfig-version.cmake
[1.109s] -- Symlinking: /home/santosh/sp_ws/install/control_robo/share/control_robo/package.xml
[1.119s] Invoked command in '/home/santosh/sp_ws/build/control_robo' returned '0': CMAKE_PREFIX_PATH=${CMAKE_PREFIX_PATH}:/home/santosh/sp_ws/install/cartographer_slam:/opt/ros/humble /usr/bin/cmake --install /home/santosh/sp_ws/build/control_robo
