[0.157s] Invoking command in '/home/santosh/sp_ws/build/ik_pkg': CMAKE_PREFIX_PATH=${CMAKE_PREFIX_PATH}:/home/santosh/sp_ws/install/cartographer_slam:/opt/ros/humble /usr/bin/cmake /home/santosh/sp_ws/src/ik_pkg -DAMENT_CMAKE_SYMLINK_INSTALL=1 -DCMAKE_INSTALL_PREFIX=/home/santosh/sp_ws/install/ik_pkg
[0.171s] -- Found ament_cmake: 1.3.11 (/opt/ros/humble/share/ament_cmake/cmake)
[0.284s] -- Override CMake install command with custom implementation using symlinks instead of copying resources
[0.289s] -- Found rclcpp: 16.0.11 (/opt/ros/humble/share/rclcpp/cmake)
[0.308s] -- Found rosidl_generator_c: 3.1.6 (/opt/ros/humble/share/rosidl_generator_c/cmake)
[0.309s] -- Found rosidl_adapter: 3.1.6 (/opt/ros/humble/share/rosidl_adapter/cmake)
[0.313s] -- Found rosidl_generator_cpp: 3.1.6 (/opt/ros/humble/share/rosidl_generator_cpp/cmake)
[0.319s] -- Using all available rosidl_typesupport_c: rosidl_typesupport_fastrtps_c;rosidl_typesupport_introspection_c
[0.329s] -- Using all available rosidl_typesupport_cpp: rosidl_typesupport_fastrtps_cpp;rosidl_typesupport_introspection_cpp
[0.350s] -- Found rmw_implementation_cmake: 6.1.2 (/opt/ros/humble/share/rmw_implementation_cmake/cmake)
[0.351s] -- Found rmw_fastrtps_cpp: 6.2.7 (/opt/ros/humble/share/rmw_fastrtps_cpp/cmake)
[0.444s] -- Using RMW implementation 'rmw_fastrtps_cpp' as default
[0.503s] -- Configuring incomplete, errors occurred!
[0.504s] See also "/home/santosh/sp_ws/build/ik_pkg/CMakeFiles/CMakeOutput.log".
[0.505s] [31mCMake Error at CMakeLists.txt:13 (find_package):
[0.505s]   By not providing "Findcommunication.cmake" in CMAKE_MODULE_PATH this
[0.505s]   project has asked CMake to find a package configuration file provided by
[0.505s]   "communication", but CMake did not find one.
[0.505s] 
[0.505s]   Could not find a package configuration file provided by "communication"
[0.505s]   with any of the following names:
[0.505s] 
[0.505s]     communicationConfig.cmake
[0.505s]     communication-config.cmake
[0.505s] 
[0.506s]   Add the installation prefix of "communication" to CMAKE_PREFIX_PATH or set
[0.506s]   "communication_DIR" to a directory containing one of the above files.  If
[0.506s]   "communication" provides a separate development package or SDK, be sure it
[0.506s]   has been installed.
[0.506s] 
[0.506s] [0m
[0.515s] Invoked command in '/home/santosh/sp_ws/build/ik_pkg' returned '1': CMAKE_PREFIX_PATH=${CMAKE_PREFIX_PATH}:/home/santosh/sp_ws/install/cartographer_slam:/opt/ros/humble /usr/bin/cmake /home/santosh/sp_ws/src/ik_pkg -DAMENT_CMAKE_SYMLINK_INSTALL=1 -DCMAKE_INSTALL_PREFIX=/home/santosh/sp_ws/install/ik_pkg
