running develop
running egg_info
creating cartographer_slam.egg-info
writing cartographer_slam.egg-info/PKG-INFO
writing dependency_links to cartographer_slam.egg-info/dependency_links.txt
writing requirements to cartographer_slam.egg-info/requires.txt
writing top-level names to cartographer_slam.egg-info/top_level.txt
writing manifest file 'cartographer_slam.egg-info/SOURCES.txt'
reading manifest file 'cartographer_slam.egg-info/SOURCES.txt'
writing manifest file 'cartographer_slam.egg-info/SOURCES.txt'
running build_ext
Creating /home/santosh/sp_ws/install/cartographer_slam/lib/python3.10/site-packages/cartographer-slam.egg-link (link to .)

Installed /home/santosh/sp_ws/build/cartographer_slam
running symlink_data
creating /home/santosh/sp_ws/install/cartographer_slam/share/cartographer_slam/launch
symbolically linking /home/santosh/sp_ws/build/cartographer_slam/launch/cartographer.launch.py -> /home/santosh/sp_ws/install/cartographer_slam/share/cartographer_slam/launch
creating /home/santosh/sp_ws/install/cartographer_slam/share/cartographer_slam/config
symbolically linking /home/santosh/sp_ws/build/cartographer_slam/config/cartographer.lua -> /home/santosh/sp_ws/install/cartographer_slam/share/cartographer_slam/config
creating /home/santosh/sp_ws/install/cartographer_slam/share/ament_index
creating /home/santosh/sp_ws/install/cartographer_slam/share/ament_index/resource_index
creating /home/santosh/sp_ws/install/cartographer_slam/share/ament_index/resource_index/packages
symbolically linking /home/santosh/sp_ws/build/cartographer_slam/resource/cartographer_slam -> /home/santosh/sp_ws/install/cartographer_slam/share/ament_index/resource_index/packages
symbolically linking /home/santosh/sp_ws/build/cartographer_slam/package.xml -> /home/santosh/sp_ws/install/cartographer_slam/share/cartographer_slam
