[0.183s] Invoking command in '/home/santosh/sp_ws/build/ik_pkg': CMAKE_PREFIX_PATH=${CMAKE_PREFIX_PATH}:/home/santosh/sp_ws/install/cartographer_slam:/opt/ros/humble /usr/bin/cmake --build /home/santosh/sp_ws/build/ik_pkg -- -j12 -l12
[0.236s] [35m[1mConsolidate compiler generated dependencies of target leg_run_2[0m
[0.259s] [100%] Built target leg_run_2
[0.314s] Invoked command in '/home/santosh/sp_ws/build/ik_pkg' returned '0': CMAKE_PREFIX_PATH=${CMAKE_PREFIX_PATH}:/home/santosh/sp_ws/install/cartographer_slam:/opt/ros/humble /usr/bin/cmake --build /home/santosh/sp_ws/build/ik_pkg -- -j12 -l12
[0.315s] Invoking command in '/home/santosh/sp_ws/build/ik_pkg': CMAKE_PREFIX_PATH=${CMAKE_PREFIX_PATH}:/home/santosh/sp_ws/install/cartographer_slam:/opt/ros/humble /usr/bin/cmake --install /home/santosh/sp_ws/build/ik_pkg
[0.332s] -- Install configuration: ""
[0.332s] -- Execute custom install script
[0.332s] -- Up-to-date symlink: /home/santosh/sp_ws/install/ik_pkg/share/ik_pkg/launch/pose_pub.launch.py
[0.332s] -- Up-to-date symlink: /home/santosh/sp_ws/install/ik_pkg/share/ik_pkg/scripts/mp_o_tf.py
[0.332s] -- Up-to-date symlink: /home/santosh/sp_ws/install/ik_pkg/share/ik_pkg/scripts/pub_.py
[0.332s] -- Up-to-date symlink: /home/santosh/sp_ws/install/ik_pkg/share/ik_pkg/scripts/pub_mod.py
[0.332s] -- Up-to-date symlink: /home/santosh/sp_ws/install/ik_pkg/share/ik_pkg/scripts/test.py
[0.333s] -- Up-to-date symlink: /home/santosh/sp_ws/install/ik_pkg/share/ik_pkg/scripts/test_mod.py
[0.333s] -- Up-to-date symlink: /home/santosh/sp_ws/install/ik_pkg/share/ik_pkg/scripts/tf_pub.py
[0.333s] -- Up-to-date symlink: /home/santosh/sp_ws/install/ik_pkg/share/ik_pkg/scripts/tre_jec.py
[0.334s] -- Up-to-date symlink: /home/santosh/sp_ws/install/ik_pkg/share/ik_pkg/scripts/tre_jec_2.py
[0.334s] -- Up-to-date symlink: /home/santosh/sp_ws/install/ik_pkg/lib/ik_pkg/leg_run_2
[0.334s] -- Up-to-date symlink: /home/santosh/sp_ws/install/ik_pkg/lib/ik_pkg/tre_jec_2.py
[0.334s] -- Up-to-date symlink: /home/santosh/sp_ws/install/ik_pkg/lib/ik_pkg/test_mod.py
[0.334s] -- Up-to-date symlink: /home/santosh/sp_ws/install/ik_pkg/lib/ik_pkg/tf_pub.py
[0.334s] -- Up-to-date symlink: /home/santosh/sp_ws/install/ik_pkg/lib/ik_pkg/mp_o_tf.py
[0.334s] -- Up-to-date symlink: /home/santosh/sp_ws/install/ik_pkg/share/ament_index/resource_index/package_run_dependencies/ik_pkg
[0.334s] -- Up-to-date symlink: /home/santosh/sp_ws/install/ik_pkg/share/ament_index/resource_index/parent_prefix_path/ik_pkg
[0.334s] -- Up-to-date symlink: /home/santosh/sp_ws/install/ik_pkg/share/ik_pkg/environment/ament_prefix_path.sh
[0.334s] -- Up-to-date symlink: /home/santosh/sp_ws/install/ik_pkg/share/ik_pkg/environment/ament_prefix_path.dsv
[0.334s] -- Up-to-date symlink: /home/santosh/sp_ws/install/ik_pkg/share/ik_pkg/environment/path.sh
[0.335s] -- Up-to-date symlink: /home/santosh/sp_ws/install/ik_pkg/share/ik_pkg/environment/path.dsv
[0.335s] -- Up-to-date symlink: /home/santosh/sp_ws/install/ik_pkg/share/ik_pkg/local_setup.bash
[0.335s] -- Up-to-date symlink: /home/santosh/sp_ws/install/ik_pkg/share/ik_pkg/local_setup.sh
[0.335s] -- Up-to-date symlink: /home/santosh/sp_ws/install/ik_pkg/share/ik_pkg/local_setup.zsh
[0.335s] -- Up-to-date symlink: /home/santosh/sp_ws/install/ik_pkg/share/ik_pkg/local_setup.dsv
[0.335s] -- Symlinking: /home/santosh/sp_ws/install/ik_pkg/share/ik_pkg/package.dsv
[0.340s] -- Up-to-date symlink: /home/santosh/sp_ws/install/ik_pkg/share/ament_index/resource_index/packages/ik_pkg
[0.340s] -- Up-to-date symlink: /home/santosh/sp_ws/install/ik_pkg/share/ik_pkg/cmake/ik_pkgConfig.cmake
[0.340s] -- Up-to-date symlink: /home/santosh/sp_ws/install/ik_pkg/share/ik_pkg/cmake/ik_pkgConfig-version.cmake
[0.340s] -- Up-to-date symlink: /home/santosh/sp_ws/install/ik_pkg/share/ik_pkg/package.xml
[0.343s] Invoked command in '/home/santosh/sp_ws/build/ik_pkg' returned '0': CMAKE_PREFIX_PATH=${CMAKE_PREFIX_PATH}:/home/santosh/sp_ws/install/cartographer_slam:/opt/ros/humble /usr/bin/cmake --install /home/santosh/sp_ws/build/ik_pkg
