[0.163s] Invoking command in '/home/santosh/sp_ws/build/control_robo': CMAKE_PREFIX_PATH=${CMAKE_PREFIX_PATH}:/home/santosh/sp_ws/install/cartographer_slam:/opt/ros/humble /usr/bin/cmake --build /home/santosh/sp_ws/build/control_robo -- -j12 -l12
[0.196s] Invoked command in '/home/santosh/sp_ws/build/control_robo' returned '0': CMAKE_PREFIX_PATH=${CMAKE_PREFIX_PATH}:/home/santosh/sp_ws/install/cartographer_slam:/opt/ros/humble /usr/bin/cmake --build /home/santosh/sp_ws/build/control_robo -- -j12 -l12
[0.207s] Invoking command in '/home/santosh/sp_ws/build/control_robo': CMAKE_PREFIX_PATH=${CMAKE_PREFIX_PATH}:/home/santosh/sp_ws/install/cartographer_slam:/opt/ros/humble /usr/bin/cmake --install /home/santosh/sp_ws/build/control_robo
[0.214s] -- Install configuration: ""
[0.215s] -- Execute custom install script
[0.215s] -- Up-to-date symlink: /home/santosh/sp_ws/install/control_robo/share/control_robo/launch/robot_control.launch.py
[0.215s] -- Up-to-date symlink: /home/santosh/sp_ws/install/control_robo/share/ament_index/resource_index/package_run_dependencies/control_robo
[0.215s] -- Up-to-date symlink: /home/santosh/sp_ws/install/control_robo/share/ament_index/resource_index/parent_prefix_path/control_robo
[0.215s] -- Up-to-date symlink: /home/santosh/sp_ws/install/control_robo/share/control_robo/environment/ament_prefix_path.sh
[0.215s] -- Up-to-date symlink: /home/santosh/sp_ws/install/control_robo/share/control_robo/environment/ament_prefix_path.dsv
[0.215s] -- Up-to-date symlink: /home/santosh/sp_ws/install/control_robo/share/control_robo/environment/path.sh
[0.215s] -- Up-to-date symlink: /home/santosh/sp_ws/install/control_robo/share/control_robo/environment/path.dsv
[0.216s] -- Up-to-date symlink: /home/santosh/sp_ws/install/control_robo/share/control_robo/local_setup.bash
[0.216s] -- Up-to-date symlink: /home/santosh/sp_ws/install/control_robo/share/control_robo/local_setup.sh
[0.216s] -- Up-to-date symlink: /home/santosh/sp_ws/install/control_robo/share/control_robo/local_setup.zsh
[0.216s] -- Up-to-date symlink: /home/santosh/sp_ws/install/control_robo/share/control_robo/local_setup.dsv
[0.216s] -- Symlinking: /home/santosh/sp_ws/install/control_robo/share/control_robo/package.dsv
[0.226s] -- Up-to-date symlink: /home/santosh/sp_ws/install/control_robo/share/ament_index/resource_index/packages/control_robo
[0.226s] -- Up-to-date symlink: /home/santosh/sp_ws/install/control_robo/share/control_robo/cmake/control_roboConfig.cmake
[0.226s] -- Up-to-date symlink: /home/santosh/sp_ws/install/control_robo/share/control_robo/cmake/control_roboConfig-version.cmake
[0.226s] -- Up-to-date symlink: /home/santosh/sp_ws/install/control_robo/share/control_robo/package.xml
[0.235s] Invoked command in '/home/santosh/sp_ws/build/control_robo' returned '0': CMAKE_PREFIX_PATH=${CMAKE_PREFIX_PATH}:/home/santosh/sp_ws/install/cartographer_slam:/opt/ros/humble /usr/bin/cmake --install /home/santosh/sp_ws/build/control_robo
