[0.138s] Invoking command in '/home/santosh/sp_ws/build/ik_pkg': CMAKE_PREFIX_PATH=${CMAKE_PREFIX_PATH}:/home/santosh/sp_ws/install/cartographer_slam:/opt/ros/humble /usr/bin/cmake /home/santosh/sp_ws/src/ik_pkg -DAMENT_CMAKE_SYMLINK_INSTALL=1 -DCMAKE_INSTALL_PREFIX=/home/santosh/sp_ws/install/ik_pkg
[0.191s] -- The C compiler identification is GNU 11.4.0
[0.249s] -- The CXX compiler identification is GNU 11.4.0
[0.255s] -- Detecting C compiler ABI info
[0.314s] -- Detecting C compiler ABI info - done
[0.320s] -- Check for working C compiler: /usr/bin/cc - skipped
[0.321s] -- Detecting C compile features
[0.321s] -- Detecting C compile features - done
[0.323s] -- Detecting CXX compiler ABI info
[0.389s] -- Detecting CXX compiler ABI info - done
[0.395s] -- Check for working CXX compiler: /usr/bin/c++ - skipped
[0.395s] -- Detecting CXX compile features
[0.396s] -- Detecting CXX compile features - done
[0.398s] -- Found ament_cmake: 1.3.11 (/opt/ros/humble/share/ament_cmake/cmake)
[0.673s] -- Found Python3: /usr/bin/python3 (found version "3.10.12") found components: Interpreter 
[0.741s] -- Override CMake install command with custom implementation using symlinks instead of copying resources
[0.771s] -- Found rclcpp: 16.0.11 (/opt/ros/humble/share/rclcpp/cmake)
[0.801s] -- Found rosidl_generator_c: 3.1.6 (/opt/ros/humble/share/rosidl_generator_c/cmake)
[0.804s] -- Found rosidl_adapter: 3.1.6 (/opt/ros/humble/share/rosidl_adapter/cmake)
[0.810s] -- Found rosidl_generator_cpp: 3.1.6 (/opt/ros/humble/share/rosidl_generator_cpp/cmake)
[0.820s] -- Using all available rosidl_typesupport_c: rosidl_typesupport_fastrtps_c;rosidl_typesupport_introspection_c
[0.839s] -- Using all available rosidl_typesupport_cpp: rosidl_typesupport_fastrtps_cpp;rosidl_typesupport_introspection_cpp
[0.888s] -- Found rmw_implementation_cmake: 6.1.2 (/opt/ros/humble/share/rmw_implementation_cmake/cmake)
[0.891s] -- Found rmw_fastrtps_cpp: 6.2.7 (/opt/ros/humble/share/rmw_fastrtps_cpp/cmake)
[1.001s] -- Found OpenSSL: /usr/lib/x86_64-linux-gnu/libcrypto.so (found version "3.0.2")  
[1.026s] -- Found FastRTPS: /opt/ros/humble/include  
[1.058s] -- Using RMW implementation 'rmw_fastrtps_cpp' as default
[1.065s] -- Looking for pthread.h
[1.136s] -- Looking for pthread.h - found
[1.136s] -- Performing Test CMAKE_HAVE_LIBC_PTHREAD
[1.199s] -- Performing Test CMAKE_HAVE_LIBC_PTHREAD - Success
[1.199s] -- Found Threads: TRUE  
[1.242s] [31mCMake Error at CMakeLists.txt:13 (find_package):
[1.243s]   By not providing "Findcommunication.cmake" in CMAKE_MODULE_PATH this
[1.243s]   project has asked CMake to find a package configuration file provided by
[1.243s]   "communication", but CMake did not find one.
[1.243s] 
[1.243s]   Could not find a package configuration file provided by "communication"
[1.243s]   with any of the following names:
[1.243s] 
[1.243s]     communicationConfig.cmake
[1.243s]     communication-config.cmake
[1.243s] 
[1.243s]   Add the installation prefix of "communication" to CMAKE_PREFIX_PATH or set
[1.243s]   "communication_DIR" to a directory containing one of the above files.  If
[1.243s]   "communication" provides a separate development package or SDK, be sure it
[1.243s]   has been installed.
[1.243s] 
[1.243s] [0m
[1.244s] -- Configuring incomplete, errors occurred!
[1.244s] See also "/home/santosh/sp_ws/build/ik_pkg/CMakeFiles/CMakeOutput.log".
[1.250s] Invoked command in '/home/santosh/sp_ws/build/ik_pkg' returned '1': CMAKE_PREFIX_PATH=${CMAKE_PREFIX_PATH}:/home/santosh/sp_ws/install/cartographer_slam:/opt/ros/humble /usr/bin/cmake /home/santosh/sp_ws/src/ik_pkg -DAMENT_CMAKE_SYMLINK_INSTALL=1 -DCMAKE_INSTALL_PREFIX=/home/santosh/sp_ws/install/ik_pkg
