[0.212s] Invoking command in '/home/santosh/sp_ws/build/navigation': CMAKE_PREFIX_PATH=${CMAKE_PREFIX_PATH}:/home/santosh/sp_ws/install/cartographer_slam:/opt/ros/humble /usr/bin/cmake --build /home/santosh/sp_ws/build/navigation -- -j12 -l12
[0.283s] [ 33%] Built target single_goal
[0.285s] [ 66%] Built target multi_goal
[0.285s] [100%] Built target tf_node
[0.332s] Invoked command in '/home/santosh/sp_ws/build/navigation' returned '0': CMAKE_PREFIX_PATH=${CMAKE_PREFIX_PATH}:/home/santosh/sp_ws/install/cartographer_slam:/opt/ros/humble /usr/bin/cmake --build /home/santosh/sp_ws/build/navigation -- -j12 -l12
[0.333s] Invoking command in '/home/santosh/sp_ws/build/navigation': CMAKE_PREFIX_PATH=${CMAKE_PREFIX_PATH}:/home/santosh/sp_ws/install/cartographer_slam:/opt/ros/humble /usr/bin/cmake --install /home/santosh/sp_ws/build/navigation
[0.341s] -- Install configuration: ""
[0.342s] -- Execute custom install script
[0.342s] -- Up-to-date symlink: /home/santosh/sp_ws/install/navigation/share/navigation/launch/bringup.launch.py
[0.342s] -- Up-to-date symlink: /home/santosh/sp_ws/install/navigation/share/navigation/launch/bringup_real_robo.launch.py
[0.342s] -- Up-to-date symlink: /home/santosh/sp_ws/install/navigation/share/navigation/launch/ekf.launch.py
[0.343s] -- Up-to-date symlink: /home/santosh/sp_ws/install/navigation/share/navigation/launch/navigation.launch.py
[0.343s] -- Up-to-date symlink: /home/santosh/sp_ws/install/navigation/share/navigation/launch/wd_world.launch.py
[0.343s] -- Up-to-date symlink: /home/santosh/sp_ws/install/navigation/share/navigation/scripts/four_point_nav.py
[0.343s] -- Up-to-date symlink: /home/santosh/sp_ws/install/navigation/share/navigation/scripts/robot_runner.cpp
[0.343s] -- Up-to-date symlink: /home/santosh/sp_ws/install/navigation/share/navigation/scripts/robot_runner_single_goal.cpp
[0.343s] -- Up-to-date symlink: /home/santosh/sp_ws/install/navigation/share/navigation/scripts/tf_pub.cpp
[0.343s] -- Up-to-date symlink: /home/santosh/sp_ws/install/navigation/share/navigation/worlds/mv_world.world
[0.343s] -- Up-to-date symlink: /home/santosh/sp_ws/install/navigation/share/navigation/worlds/my_world/main_boundry/Untitled/model.config
[0.344s] -- Up-to-date symlink: /home/santosh/sp_ws/install/navigation/share/navigation/worlds/my_world/main_boundry/Untitled/model.sdf
[0.344s] -- Up-to-date symlink: /home/santosh/sp_ws/install/navigation/share/navigation/worlds/my_world/main_boundry/model.config
[0.344s] -- Up-to-date symlink: /home/santosh/sp_ws/install/navigation/share/navigation/worlds/my_world/main_boundry/model.sdf
[0.344s] -- Up-to-date symlink: /home/santosh/sp_ws/install/navigation/share/navigation/worlds/my_world/model.config
[0.344s] -- Up-to-date symlink: /home/santosh/sp_ws/install/navigation/share/navigation/worlds/my_world/model.sdf
[0.344s] -- Up-to-date symlink: /home/santosh/sp_ws/install/navigation/share/navigation/worlds/new2_world.world
[0.345s] -- Up-to-date symlink: /home/santosh/sp_ws/install/navigation/share/navigation/worlds/new3_world.world
[0.345s] -- Up-to-date symlink: /home/santosh/sp_ws/install/navigation/share/navigation/worlds/new4_world.world
[0.345s] -- Up-to-date symlink: /home/santosh/sp_ws/install/navigation/share/navigation/worlds/new5_world.world
[0.345s] -- Up-to-date symlink: /home/santosh/sp_ws/install/navigation/share/navigation/worlds/new_world.world
[0.346s] -- Up-to-date symlink: /home/santosh/sp_ws/install/navigation/share/navigation/config/ekf.yaml
[0.346s] -- Up-to-date symlink: /home/santosh/sp_ws/install/navigation/share/navigation/config/params.yaml
[0.346s] -- Up-to-date symlink: /home/santosh/sp_ws/install/navigation/share/navigation/map/nv7_map.pgm
[0.346s] -- Up-to-date symlink: /home/santosh/sp_ws/install/navigation/share/navigation/map/nv7_map.yaml
[0.346s] -- Up-to-date symlink: /home/santosh/sp_ws/install/navigation/lib/navigation/tf_node
[0.346s] -- Up-to-date symlink: /home/santosh/sp_ws/install/navigation/lib/navigation/single_goal
[0.347s] -- Up-to-date symlink: /home/santosh/sp_ws/install/navigation/lib/navigation/multi_goal
[0.347s] -- Up-to-date symlink: /home/santosh/sp_ws/install/navigation/share/ament_index/resource_index/package_run_dependencies/navigation
[0.347s] -- Up-to-date symlink: /home/santosh/sp_ws/install/navigation/share/ament_index/resource_index/parent_prefix_path/navigation
[0.347s] -- Up-to-date symlink: /home/santosh/sp_ws/install/navigation/share/navigation/environment/ament_prefix_path.sh
[0.347s] -- Up-to-date symlink: /home/santosh/sp_ws/install/navigation/share/navigation/environment/ament_prefix_path.dsv
[0.348s] -- Up-to-date symlink: /home/santosh/sp_ws/install/navigation/share/navigation/environment/path.sh
[0.348s] -- Up-to-date symlink: /home/santosh/sp_ws/install/navigation/share/navigation/environment/path.dsv
[0.348s] -- Up-to-date symlink: /home/santosh/sp_ws/install/navigation/share/navigation/local_setup.bash
[0.348s] -- Up-to-date symlink: /home/santosh/sp_ws/install/navigation/share/navigation/local_setup.sh
[0.348s] -- Up-to-date symlink: /home/santosh/sp_ws/install/navigation/share/navigation/local_setup.zsh
[0.348s] -- Up-to-date symlink: /home/santosh/sp_ws/install/navigation/share/navigation/local_setup.dsv
[0.348s] -- Symlinking: /home/santosh/sp_ws/install/navigation/share/navigation/package.dsv
[0.355s] -- Up-to-date symlink: /home/santosh/sp_ws/install/navigation/share/ament_index/resource_index/packages/navigation
[0.356s] -- Up-to-date symlink: /home/santosh/sp_ws/install/navigation/share/navigation/cmake/navigationConfig.cmake
[0.356s] -- Up-to-date symlink: /home/santosh/sp_ws/install/navigation/share/navigation/cmake/navigationConfig-version.cmake
[0.356s] -- Up-to-date symlink: /home/santosh/sp_ws/install/navigation/share/navigation/package.xml
[0.359s] Invoked command in '/home/santosh/sp_ws/build/navigation' returned '0': CMAKE_PREFIX_PATH=${CMAKE_PREFIX_PATH}:/home/santosh/sp_ws/install/cartographer_slam:/opt/ros/humble /usr/bin/cmake --install /home/santosh/sp_ws/build/navigation
