[0.059s] DEBUG:colcon:Command line arguments: ['/usr/bin/colcon', 'build', '--symlink-install']
[0.059s] DEBUG:colcon:Parsed command line arguments: Namespace(log_base=None, log_level=None, verb_name='build', build_base='build', install_base='install', merge_install=False, symlink_install=True, test_result_base=None, continue_on_error=False, executor='parallel', parallel_workers=12, event_handlers=None, ignore_user_meta=False, metas=['./colcon.meta'], base_paths=['.'], packages_ignore=None, packages_ignore_regex=None, paths=None, packages_up_to=None, packages_up_to_regex=None, packages_above=None, packages_above_and_dependencies=None, packages_above_depth=None, packages_select_by_dep=None, packages_skip_by_dep=None, packages_skip_up_to=None, packages_select_build_failed=False, packages_skip_build_finished=False, packages_select_test_failures=False, packages_skip_test_passed=False, packages_select=None, packages_skip=None, packages_select_regex=None, packages_skip_regex=None, packages_start=None, packages_end=None, allow_overriding=[], cmake_args=None, cmake_target=None, cmake_target_skip_unavailable=False, cmake_clean_cache=False, cmake_clean_first=False, cmake_force_configure=False, ament_cmake_args=None, catkin_cmake_args=None, catkin_skip_building_tests=False, verb_parser=<colcon_defaults.argument_parser.defaults.DefaultArgumentsDecorator object at 0x77777ee6f700>, verb_extension=<colcon_core.verb.build.BuildVerb object at 0x77777ee6f130>, main=<bound method BuildVerb.main of <colcon_core.verb.build.BuildVerb object at 0x77777ee6f130>>)
[0.081s] Level 1:colcon.colcon_core.package_discovery:discover_packages(colcon_meta) check parameters
[0.081s] Level 1:colcon.colcon_core.package_discovery:discover_packages(recursive) check parameters
[0.081s] Level 1:colcon.colcon_core.package_discovery:discover_packages(ignore) check parameters
[0.081s] Level 1:colcon.colcon_core.package_discovery:discover_packages(path) check parameters
[0.082s] Level 1:colcon.colcon_core.package_discovery:discover_packages(colcon_meta) discover
[0.082s] Level 1:colcon.colcon_core.package_discovery:discover_packages(recursive) discover
[0.082s] INFO:colcon.colcon_core.package_discovery:Crawling recursively for packages in '/home/santosh/sp_ws'
[0.082s] Level 1:colcon.colcon_core.package_identification:_identify(.) by extensions ['ignore', 'ignore_ament_install']
[0.082s] Level 1:colcon.colcon_core.package_identification:_identify(.) by extension 'ignore'
[0.082s] Level 1:colcon.colcon_core.package_identification:_identify(.) by extension 'ignore_ament_install'
[0.082s] Level 1:colcon.colcon_core.package_identification:_identify(.) by extensions ['colcon_pkg']
[0.082s] Level 1:colcon.colcon_core.package_identification:_identify(.) by extension 'colcon_pkg'
[0.082s] Level 1:colcon.colcon_core.package_identification:_identify(.) by extensions ['colcon_meta']
[0.082s] Level 1:colcon.colcon_core.package_identification:_identify(.) by extension 'colcon_meta'
[0.082s] Level 1:colcon.colcon_core.package_identification:_identify(.) by extensions ['ros']
[0.082s] Level 1:colcon.colcon_core.package_identification:_identify(.) by extension 'ros'
[0.091s] Level 1:colcon.colcon_core.package_identification:_identify(.) by extensions ['cmake', 'python']
[0.091s] Level 1:colcon.colcon_core.package_identification:_identify(.) by extension 'cmake'
[0.091s] Level 1:colcon.colcon_core.package_identification:_identify(.) by extension 'python'
[0.091s] Level 1:colcon.colcon_core.package_identification:_identify(.) by extensions ['python_setup_py']
[0.091s] Level 1:colcon.colcon_core.package_identification:_identify(.) by extension 'python_setup_py'
[0.091s] Level 1:colcon.colcon_core.package_identification:_identify(build) by extensions ['ignore', 'ignore_ament_install']
[0.091s] Level 1:colcon.colcon_core.package_identification:_identify(build) by extension 'ignore'
[0.091s] Level 1:colcon.colcon_core.package_identification:_identify(build) ignored
[0.091s] Level 1:colcon.colcon_core.package_identification:_identify(install) by extensions ['ignore', 'ignore_ament_install']
[0.091s] Level 1:colcon.colcon_core.package_identification:_identify(install) by extension 'ignore'
[0.091s] Level 1:colcon.colcon_core.package_identification:_identify(install) ignored
[0.091s] Level 1:colcon.colcon_core.package_identification:_identify(log) by extensions ['ignore', 'ignore_ament_install']
[0.091s] Level 1:colcon.colcon_core.package_identification:_identify(log) by extension 'ignore'
[0.091s] Level 1:colcon.colcon_core.package_identification:_identify(log) ignored
[0.092s] Level 1:colcon.colcon_core.package_identification:_identify(src) by extensions ['ignore', 'ignore_ament_install']
[0.092s] Level 1:colcon.colcon_core.package_identification:_identify(src) by extension 'ignore'
[0.092s] Level 1:colcon.colcon_core.package_identification:_identify(src) by extension 'ignore_ament_install'
[0.092s] Level 1:colcon.colcon_core.package_identification:_identify(src) by extensions ['colcon_pkg']
[0.092s] Level 1:colcon.colcon_core.package_identification:_identify(src) by extension 'colcon_pkg'
[0.092s] Level 1:colcon.colcon_core.package_identification:_identify(src) by extensions ['colcon_meta']
[0.092s] Level 1:colcon.colcon_core.package_identification:_identify(src) by extension 'colcon_meta'
[0.092s] Level 1:colcon.colcon_core.package_identification:_identify(src) by extensions ['ros']
[0.092s] Level 1:colcon.colcon_core.package_identification:_identify(src) by extension 'ros'
[0.092s] Level 1:colcon.colcon_core.package_identification:_identify(src) by extensions ['cmake', 'python']
[0.092s] Level 1:colcon.colcon_core.package_identification:_identify(src) by extension 'cmake'
[0.092s] Level 1:colcon.colcon_core.package_identification:_identify(src) by extension 'python'
[0.092s] Level 1:colcon.colcon_core.package_identification:_identify(src) by extensions ['python_setup_py']
[0.092s] Level 1:colcon.colcon_core.package_identification:_identify(src) by extension 'python_setup_py'
[0.092s] Level 1:colcon.colcon_core.package_identification:_identify(src/cartographer_slam) by extensions ['ignore', 'ignore_ament_install']
[0.092s] Level 1:colcon.colcon_core.package_identification:_identify(src/cartographer_slam) by extension 'ignore'
[0.092s] Level 1:colcon.colcon_core.package_identification:_identify(src/cartographer_slam) by extension 'ignore_ament_install'
[0.092s] Level 1:colcon.colcon_core.package_identification:_identify(src/cartographer_slam) by extensions ['colcon_pkg']
[0.092s] Level 1:colcon.colcon_core.package_identification:_identify(src/cartographer_slam) by extension 'colcon_pkg'
[0.092s] Level 1:colcon.colcon_core.package_identification:_identify(src/cartographer_slam) by extensions ['colcon_meta']
[0.092s] Level 1:colcon.colcon_core.package_identification:_identify(src/cartographer_slam) by extension 'colcon_meta'
[0.092s] Level 1:colcon.colcon_core.package_identification:_identify(src/cartographer_slam) by extensions ['ros']
[0.092s] Level 1:colcon.colcon_core.package_identification:_identify(src/cartographer_slam) by extension 'ros'
[0.094s] DEBUG:colcon.colcon_core.package_identification:Package 'src/cartographer_slam' with type 'ros.ament_python' and name 'cartographer_slam'
[0.094s] Level 1:colcon.colcon_core.package_identification:_identify(src/communication) by extensions ['ignore', 'ignore_ament_install']
[0.094s] Level 1:colcon.colcon_core.package_identification:_identify(src/communication) by extension 'ignore'
[0.094s] Level 1:colcon.colcon_core.package_identification:_identify(src/communication) by extension 'ignore_ament_install'
[0.094s] Level 1:colcon.colcon_core.package_identification:_identify(src/communication) by extensions ['colcon_pkg']
[0.094s] Level 1:colcon.colcon_core.package_identification:_identify(src/communication) by extension 'colcon_pkg'
[0.094s] Level 1:colcon.colcon_core.package_identification:_identify(src/communication) by extensions ['colcon_meta']
[0.094s] Level 1:colcon.colcon_core.package_identification:_identify(src/communication) by extension 'colcon_meta'
[0.094s] Level 1:colcon.colcon_core.package_identification:_identify(src/communication) by extensions ['ros']
[0.094s] Level 1:colcon.colcon_core.package_identification:_identify(src/communication) by extension 'ros'
[0.094s] DEBUG:colcon.colcon_core.package_identification:Package 'src/communication' with type 'ros.ament_cmake' and name 'communication'
[0.094s] Level 1:colcon.colcon_core.package_identification:_identify(src/control_robo) by extensions ['ignore', 'ignore_ament_install']
[0.094s] Level 1:colcon.colcon_core.package_identification:_identify(src/control_robo) by extension 'ignore'
[0.094s] Level 1:colcon.colcon_core.package_identification:_identify(src/control_robo) by extension 'ignore_ament_install'
[0.094s] Level 1:colcon.colcon_core.package_identification:_identify(src/control_robo) by extensions ['colcon_pkg']
[0.094s] Level 1:colcon.colcon_core.package_identification:_identify(src/control_robo) by extension 'colcon_pkg'
[0.094s] Level 1:colcon.colcon_core.package_identification:_identify(src/control_robo) by extensions ['colcon_meta']
[0.094s] Level 1:colcon.colcon_core.package_identification:_identify(src/control_robo) by extension 'colcon_meta'
[0.094s] Level 1:colcon.colcon_core.package_identification:_identify(src/control_robo) by extensions ['ros']
[0.094s] Level 1:colcon.colcon_core.package_identification:_identify(src/control_robo) by extension 'ros'
[0.095s] DEBUG:colcon.colcon_core.package_identification:Package 'src/control_robo' with type 'ros.ament_cmake' and name 'control_robo'
[0.095s] Level 1:colcon.colcon_core.package_identification:_identify(src/core) by extensions ['ignore', 'ignore_ament_install']
[0.095s] Level 1:colcon.colcon_core.package_identification:_identify(src/core) by extension 'ignore'
[0.095s] Level 1:colcon.colcon_core.package_identification:_identify(src/core) by extension 'ignore_ament_install'
[0.095s] Level 1:colcon.colcon_core.package_identification:_identify(src/core) by extensions ['colcon_pkg']
[0.095s] Level 1:colcon.colcon_core.package_identification:_identify(src/core) by extension 'colcon_pkg'
[0.095s] Level 1:colcon.colcon_core.package_identification:_identify(src/core) by extensions ['colcon_meta']
[0.095s] Level 1:colcon.colcon_core.package_identification:_identify(src/core) by extension 'colcon_meta'
[0.095s] Level 1:colcon.colcon_core.package_identification:_identify(src/core) by extensions ['ros']
[0.095s] Level 1:colcon.colcon_core.package_identification:_identify(src/core) by extension 'ros'
[0.095s] DEBUG:colcon.colcon_core.package_identification:Package 'src/core' with type 'ros.ament_cmake' and name 'core'
[0.096s] Level 1:colcon.colcon_core.package_identification:_identify(src/description) by extensions ['ignore', 'ignore_ament_install']
[0.096s] Level 1:colcon.colcon_core.package_identification:_identify(src/description) by extension 'ignore'
[0.096s] Level 1:colcon.colcon_core.package_identification:_identify(src/description) by extension 'ignore_ament_install'
[0.096s] Level 1:colcon.colcon_core.package_identification:_identify(src/description) by extensions ['colcon_pkg']
[0.096s] Level 1:colcon.colcon_core.package_identification:_identify(src/description) by extension 'colcon_pkg'
[0.096s] Level 1:colcon.colcon_core.package_identification:_identify(src/description) by extensions ['colcon_meta']
[0.096s] Level 1:colcon.colcon_core.package_identification:_identify(src/description) by extension 'colcon_meta'
[0.096s] Level 1:colcon.colcon_core.package_identification:_identify(src/description) by extensions ['ros']
[0.096s] Level 1:colcon.colcon_core.package_identification:_identify(src/description) by extension 'ros'
[0.096s] DEBUG:colcon.colcon_core.package_identification:Package 'src/description' with type 'ros.ament_cmake' and name 'description'
[0.096s] Level 1:colcon.colcon_core.package_identification:_identify(src/ik_pkg) by extensions ['ignore', 'ignore_ament_install']
[0.096s] Level 1:colcon.colcon_core.package_identification:_identify(src/ik_pkg) by extension 'ignore'
[0.096s] Level 1:colcon.colcon_core.package_identification:_identify(src/ik_pkg) by extension 'ignore_ament_install'
[0.096s] Level 1:colcon.colcon_core.package_identification:_identify(src/ik_pkg) by extensions ['colcon_pkg']
[0.096s] Level 1:colcon.colcon_core.package_identification:_identify(src/ik_pkg) by extension 'colcon_pkg'
[0.096s] Level 1:colcon.colcon_core.package_identification:_identify(src/ik_pkg) by extensions ['colcon_meta']
[0.096s] Level 1:colcon.colcon_core.package_identification:_identify(src/ik_pkg) by extension 'colcon_meta'
[0.096s] Level 1:colcon.colcon_core.package_identification:_identify(src/ik_pkg) by extensions ['ros']
[0.096s] Level 1:colcon.colcon_core.package_identification:_identify(src/ik_pkg) by extension 'ros'
[0.097s] DEBUG:colcon.colcon_core.package_identification:Package 'src/ik_pkg' with type 'ros.ament_cmake' and name 'ik_pkg'
[0.097s] Level 1:colcon.colcon_core.package_identification:_identify(src/navigation) by extensions ['ignore', 'ignore_ament_install']
[0.097s] Level 1:colcon.colcon_core.package_identification:_identify(src/navigation) by extension 'ignore'
[0.097s] Level 1:colcon.colcon_core.package_identification:_identify(src/navigation) by extension 'ignore_ament_install'
[0.097s] Level 1:colcon.colcon_core.package_identification:_identify(src/navigation) by extensions ['colcon_pkg']
[0.097s] Level 1:colcon.colcon_core.package_identification:_identify(src/navigation) by extension 'colcon_pkg'
[0.097s] Level 1:colcon.colcon_core.package_identification:_identify(src/navigation) by extensions ['colcon_meta']
[0.097s] Level 1:colcon.colcon_core.package_identification:_identify(src/navigation) by extension 'colcon_meta'
[0.097s] Level 1:colcon.colcon_core.package_identification:_identify(src/navigation) by extensions ['ros']
[0.097s] Level 1:colcon.colcon_core.package_identification:_identify(src/navigation) by extension 'ros'
[0.097s] DEBUG:colcon.colcon_core.package_identification:Package 'src/navigation' with type 'ros.ament_cmake' and name 'navigation'
[0.097s] Level 1:colcon.colcon_core.package_identification:_identify(src/simulation) by extensions ['ignore', 'ignore_ament_install']
[0.097s] Level 1:colcon.colcon_core.package_identification:_identify(src/simulation) by extension 'ignore'
[0.097s] Level 1:colcon.colcon_core.package_identification:_identify(src/simulation) by extension 'ignore_ament_install'
[0.097s] Level 1:colcon.colcon_core.package_identification:_identify(src/simulation) by extensions ['colcon_pkg']
[0.097s] Level 1:colcon.colcon_core.package_identification:_identify(src/simulation) by extension 'colcon_pkg'
[0.097s] Level 1:colcon.colcon_core.package_identification:_identify(src/simulation) by extensions ['colcon_meta']
[0.097s] Level 1:colcon.colcon_core.package_identification:_identify(src/simulation) by extension 'colcon_meta'
[0.097s] Level 1:colcon.colcon_core.package_identification:_identify(src/simulation) by extensions ['ros']
[0.097s] Level 1:colcon.colcon_core.package_identification:_identify(src/simulation) by extension 'ros'
[0.097s] Level 1:colcon.colcon_core.package_identification:_identify(src/simulation) by extensions ['cmake', 'python']
[0.097s] Level 1:colcon.colcon_core.package_identification:_identify(src/simulation) by extension 'cmake'
[0.098s] Level 1:colcon.colcon_core.package_identification:_identify(src/simulation) by extension 'python'
[0.098s] Level 1:colcon.colcon_core.package_identification:_identify(src/simulation) by extensions ['python_setup_py']
[0.098s] Level 1:colcon.colcon_core.package_identification:_identify(src/simulation) by extension 'python_setup_py'
[0.098s] Level 1:colcon.colcon_core.package_identification:_identify(src/simulation/mujoco) by extensions ['ignore', 'ignore_ament_install']
[0.098s] Level 1:colcon.colcon_core.package_identification:_identify(src/simulation/mujoco) by extension 'ignore'
[0.098s] Level 1:colcon.colcon_core.package_identification:_identify(src/simulation/mujoco) by extension 'ignore_ament_install'
[0.098s] Level 1:colcon.colcon_core.package_identification:_identify(src/simulation/mujoco) by extensions ['colcon_pkg']
[0.098s] Level 1:colcon.colcon_core.package_identification:_identify(src/simulation/mujoco) by extension 'colcon_pkg'
[0.098s] Level 1:colcon.colcon_core.package_identification:_identify(src/simulation/mujoco) by extensions ['colcon_meta']
[0.098s] Level 1:colcon.colcon_core.package_identification:_identify(src/simulation/mujoco) by extension 'colcon_meta'
[0.098s] Level 1:colcon.colcon_core.package_identification:_identify(src/simulation/mujoco) by extensions ['ros']
[0.098s] Level 1:colcon.colcon_core.package_identification:_identify(src/simulation/mujoco) by extension 'ros'
[0.098s] DEBUG:colcon.colcon_core.package_identification:Package 'src/simulation/mujoco' with type 'ros.ament_cmake' and name 'mujoco'
[0.098s] Level 1:colcon.colcon_core.package_discovery:discover_packages(recursive) using defaults
[0.098s] Level 1:colcon.colcon_core.package_discovery:discover_packages(ignore) discover
[0.098s] Level 1:colcon.colcon_core.package_discovery:discover_packages(ignore) using defaults
[0.098s] Level 1:colcon.colcon_core.package_discovery:discover_packages(path) discover
[0.098s] Level 1:colcon.colcon_core.package_discovery:discover_packages(path) using defaults
[0.111s] Level 1:colcon.colcon_core.package_discovery:discover_packages(prefix_path) check parameters
[0.111s] Level 1:colcon.colcon_core.package_discovery:discover_packages(prefix_path) discover
[0.112s] WARNING:colcon.colcon_ros.prefix_path.ament:The path '/home/santosh/sp_ws/install/navigation' in the environment variable AMENT_PREFIX_PATH doesn't exist
[0.112s] WARNING:colcon.colcon_ros.prefix_path.ament:The path '/home/santosh/sp_ws/install/ik_pkg' in the environment variable AMENT_PREFIX_PATH doesn't exist
[0.112s] WARNING:colcon.colcon_ros.prefix_path.ament:The path '/home/santosh/sp_ws/install/description' in the environment variable AMENT_PREFIX_PATH doesn't exist
[0.112s] WARNING:colcon.colcon_ros.prefix_path.ament:The path '/home/santosh/sp_ws/install/control_robo' in the environment variable AMENT_PREFIX_PATH doesn't exist
[0.112s] WARNING:colcon.colcon_ros.prefix_path.ament:The path '/home/santosh/sp_ws/install/communication' in the environment variable AMENT_PREFIX_PATH doesn't exist
[0.112s] WARNING:colcon.colcon_ros.prefix_path.ament:The path '/home/santosh/sp_ws/install/cartographer_slam' in the environment variable AMENT_PREFIX_PATH doesn't exist
[0.112s] WARNING:colcon.colcon_ros.prefix_path.catkin:The path '/home/santosh/sp_ws/install/navigation' in the environment variable CMAKE_PREFIX_PATH doesn't exist
[0.112s] WARNING:colcon.colcon_ros.prefix_path.catkin:The path '/home/santosh/sp_ws/install/ik_pkg' in the environment variable CMAKE_PREFIX_PATH doesn't exist
[0.112s] WARNING:colcon.colcon_ros.prefix_path.catkin:The path '/home/santosh/sp_ws/install/description' in the environment variable CMAKE_PREFIX_PATH doesn't exist
[0.112s] WARNING:colcon.colcon_ros.prefix_path.catkin:The path '/home/santosh/sp_ws/install/control_robo' in the environment variable CMAKE_PREFIX_PATH doesn't exist
[0.112s] WARNING:colcon.colcon_ros.prefix_path.catkin:The path '/home/santosh/sp_ws/install/communication' in the environment variable CMAKE_PREFIX_PATH doesn't exist
[0.112s] DEBUG:colcon.colcon_installed_package_information.package_discovery:Found 2 installed packages in /home/santosh/sp_ws/install
[0.113s] DEBUG:colcon.colcon_installed_package_information.package_discovery:Found 428 installed packages in /opt/ros/humble
[0.114s] Level 1:colcon.colcon_core.package_discovery:discover_packages(prefix_path) using defaults
[0.140s] Level 5:colcon.colcon_core.verb:set package 'cartographer_slam' build argument 'cmake_args' from command line to 'None'
[0.140s] Level 5:colcon.colcon_core.verb:set package 'cartographer_slam' build argument 'cmake_target' from command line to 'None'
[0.140s] Level 5:colcon.colcon_core.verb:set package 'cartographer_slam' build argument 'cmake_target_skip_unavailable' from command line to 'False'
[0.140s] Level 5:colcon.colcon_core.verb:set package 'cartographer_slam' build argument 'cmake_clean_cache' from command line to 'False'
[0.140s] Level 5:colcon.colcon_core.verb:set package 'cartographer_slam' build argument 'cmake_clean_first' from command line to 'False'
[0.140s] Level 5:colcon.colcon_core.verb:set package 'cartographer_slam' build argument 'cmake_force_configure' from command line to 'False'
[0.140s] Level 5:colcon.colcon_core.verb:set package 'cartographer_slam' build argument 'ament_cmake_args' from command line to 'None'
[0.140s] Level 5:colcon.colcon_core.verb:set package 'cartographer_slam' build argument 'catkin_cmake_args' from command line to 'None'
[0.140s] Level 5:colcon.colcon_core.verb:set package 'cartographer_slam' build argument 'catkin_skip_building_tests' from command line to 'False'
[0.140s] DEBUG:colcon.colcon_core.verb:Building package 'cartographer_slam' with the following arguments: {'ament_cmake_args': None, 'build_base': '/home/santosh/sp_ws/build/cartographer_slam', 'catkin_cmake_args': None, 'catkin_skip_building_tests': False, 'cmake_args': None, 'cmake_clean_cache': False, 'cmake_clean_first': False, 'cmake_force_configure': False, 'cmake_target': None, 'cmake_target_skip_unavailable': False, 'install_base': '/home/santosh/sp_ws/install/cartographer_slam', 'merge_install': False, 'path': '/home/santosh/sp_ws/src/cartographer_slam', 'symlink_install': True, 'test_result_base': None}
[0.140s] Level 5:colcon.colcon_core.verb:set package 'communication' build argument 'cmake_args' from command line to 'None'
[0.141s] Level 5:colcon.colcon_core.verb:set package 'communication' build argument 'cmake_target' from command line to 'None'
[0.141s] Level 5:colcon.colcon_core.verb:set package 'communication' build argument 'cmake_target_skip_unavailable' from command line to 'False'
[0.141s] Level 5:colcon.colcon_core.verb:set package 'communication' build argument 'cmake_clean_cache' from command line to 'False'
[0.141s] Level 5:colcon.colcon_core.verb:set package 'communication' build argument 'cmake_clean_first' from command line to 'False'
[0.141s] Level 5:colcon.colcon_core.verb:set package 'communication' build argument 'cmake_force_configure' from command line to 'False'
[0.141s] Level 5:colcon.colcon_core.verb:set package 'communication' build argument 'ament_cmake_args' from command line to 'None'
[0.141s] Level 5:colcon.colcon_core.verb:set package 'communication' build argument 'catkin_cmake_args' from command line to 'None'
[0.141s] Level 5:colcon.colcon_core.verb:set package 'communication' build argument 'catkin_skip_building_tests' from command line to 'False'
[0.141s] DEBUG:colcon.colcon_core.verb:Building package 'communication' with the following arguments: {'ament_cmake_args': None, 'build_base': '/home/santosh/sp_ws/build/communication', 'catkin_cmake_args': None, 'catkin_skip_building_tests': False, 'cmake_args': None, 'cmake_clean_cache': False, 'cmake_clean_first': False, 'cmake_force_configure': False, 'cmake_target': None, 'cmake_target_skip_unavailable': False, 'install_base': '/home/santosh/sp_ws/install/communication', 'merge_install': False, 'path': '/home/santosh/sp_ws/src/communication', 'symlink_install': True, 'test_result_base': None}
[0.141s] Level 5:colcon.colcon_core.verb:set package 'control_robo' build argument 'cmake_args' from command line to 'None'
[0.141s] Level 5:colcon.colcon_core.verb:set package 'control_robo' build argument 'cmake_target' from command line to 'None'
[0.141s] Level 5:colcon.colcon_core.verb:set package 'control_robo' build argument 'cmake_target_skip_unavailable' from command line to 'False'
[0.141s] Level 5:colcon.colcon_core.verb:set package 'control_robo' build argument 'cmake_clean_cache' from command line to 'False'
[0.141s] Level 5:colcon.colcon_core.verb:set package 'control_robo' build argument 'cmake_clean_first' from command line to 'False'
[0.141s] Level 5:colcon.colcon_core.verb:set package 'control_robo' build argument 'cmake_force_configure' from command line to 'False'
[0.141s] Level 5:colcon.colcon_core.verb:set package 'control_robo' build argument 'ament_cmake_args' from command line to 'None'
[0.141s] Level 5:colcon.colcon_core.verb:set package 'control_robo' build argument 'catkin_cmake_args' from command line to 'None'
[0.141s] Level 5:colcon.colcon_core.verb:set package 'control_robo' build argument 'catkin_skip_building_tests' from command line to 'False'
[0.141s] DEBUG:colcon.colcon_core.verb:Building package 'control_robo' with the following arguments: {'ament_cmake_args': None, 'build_base': '/home/santosh/sp_ws/build/control_robo', 'catkin_cmake_args': None, 'catkin_skip_building_tests': False, 'cmake_args': None, 'cmake_clean_cache': False, 'cmake_clean_first': False, 'cmake_force_configure': False, 'cmake_target': None, 'cmake_target_skip_unavailable': False, 'install_base': '/home/santosh/sp_ws/install/control_robo', 'merge_install': False, 'path': '/home/santosh/sp_ws/src/control_robo', 'symlink_install': True, 'test_result_base': None}
[0.141s] Level 5:colcon.colcon_core.verb:set package 'core' build argument 'cmake_args' from command line to 'None'
[0.141s] Level 5:colcon.colcon_core.verb:set package 'core' build argument 'cmake_target' from command line to 'None'
[0.141s] Level 5:colcon.colcon_core.verb:set package 'core' build argument 'cmake_target_skip_unavailable' from command line to 'False'
[0.141s] Level 5:colcon.colcon_core.verb:set package 'core' build argument 'cmake_clean_cache' from command line to 'False'
[0.141s] Level 5:colcon.colcon_core.verb:set package 'core' build argument 'cmake_clean_first' from command line to 'False'
[0.141s] Level 5:colcon.colcon_core.verb:set package 'core' build argument 'cmake_force_configure' from command line to 'False'
[0.141s] Level 5:colcon.colcon_core.verb:set package 'core' build argument 'ament_cmake_args' from command line to 'None'
[0.141s] Level 5:colcon.colcon_core.verb:set package 'core' build argument 'catkin_cmake_args' from command line to 'None'
[0.141s] Level 5:colcon.colcon_core.verb:set package 'core' build argument 'catkin_skip_building_tests' from command line to 'False'
[0.141s] DEBUG:colcon.colcon_core.verb:Building package 'core' with the following arguments: {'ament_cmake_args': None, 'build_base': '/home/santosh/sp_ws/build/core', 'catkin_cmake_args': None, 'catkin_skip_building_tests': False, 'cmake_args': None, 'cmake_clean_cache': False, 'cmake_clean_first': False, 'cmake_force_configure': False, 'cmake_target': None, 'cmake_target_skip_unavailable': False, 'install_base': '/home/santosh/sp_ws/install/core', 'merge_install': False, 'path': '/home/santosh/sp_ws/src/core', 'symlink_install': True, 'test_result_base': None}
[0.141s] Level 5:colcon.colcon_core.verb:set package 'description' build argument 'cmake_args' from command line to 'None'
[0.141s] Level 5:colcon.colcon_core.verb:set package 'description' build argument 'cmake_target' from command line to 'None'
[0.141s] Level 5:colcon.colcon_core.verb:set package 'description' build argument 'cmake_target_skip_unavailable' from command line to 'False'
[0.141s] Level 5:colcon.colcon_core.verb:set package 'description' build argument 'cmake_clean_cache' from command line to 'False'
[0.141s] Level 5:colcon.colcon_core.verb:set package 'description' build argument 'cmake_clean_first' from command line to 'False'
[0.141s] Level 5:colcon.colcon_core.verb:set package 'description' build argument 'cmake_force_configure' from command line to 'False'
[0.141s] Level 5:colcon.colcon_core.verb:set package 'description' build argument 'ament_cmake_args' from command line to 'None'
[0.141s] Level 5:colcon.colcon_core.verb:set package 'description' build argument 'catkin_cmake_args' from command line to 'None'
[0.141s] Level 5:colcon.colcon_core.verb:set package 'description' build argument 'catkin_skip_building_tests' from command line to 'False'
[0.142s] DEBUG:colcon.colcon_core.verb:Building package 'description' with the following arguments: {'ament_cmake_args': None, 'build_base': '/home/santosh/sp_ws/build/description', 'catkin_cmake_args': None, 'catkin_skip_building_tests': False, 'cmake_args': None, 'cmake_clean_cache': False, 'cmake_clean_first': False, 'cmake_force_configure': False, 'cmake_target': None, 'cmake_target_skip_unavailable': False, 'install_base': '/home/santosh/sp_ws/install/description', 'merge_install': False, 'path': '/home/santosh/sp_ws/src/description', 'symlink_install': True, 'test_result_base': None}
[0.142s] Level 5:colcon.colcon_core.verb:set package 'ik_pkg' build argument 'cmake_args' from command line to 'None'
[0.142s] Level 5:colcon.colcon_core.verb:set package 'ik_pkg' build argument 'cmake_target' from command line to 'None'
[0.142s] Level 5:colcon.colcon_core.verb:set package 'ik_pkg' build argument 'cmake_target_skip_unavailable' from command line to 'False'
[0.142s] Level 5:colcon.colcon_core.verb:set package 'ik_pkg' build argument 'cmake_clean_cache' from command line to 'False'
[0.142s] Level 5:colcon.colcon_core.verb:set package 'ik_pkg' build argument 'cmake_clean_first' from command line to 'False'
[0.142s] Level 5:colcon.colcon_core.verb:set package 'ik_pkg' build argument 'cmake_force_configure' from command line to 'False'
[0.142s] Level 5:colcon.colcon_core.verb:set package 'ik_pkg' build argument 'ament_cmake_args' from command line to 'None'
[0.142s] Level 5:colcon.colcon_core.verb:set package 'ik_pkg' build argument 'catkin_cmake_args' from command line to 'None'
[0.142s] Level 5:colcon.colcon_core.verb:set package 'ik_pkg' build argument 'catkin_skip_building_tests' from command line to 'False'
[0.142s] DEBUG:colcon.colcon_core.verb:Building package 'ik_pkg' with the following arguments: {'ament_cmake_args': None, 'build_base': '/home/santosh/sp_ws/build/ik_pkg', 'catkin_cmake_args': None, 'catkin_skip_building_tests': False, 'cmake_args': None, 'cmake_clean_cache': False, 'cmake_clean_first': False, 'cmake_force_configure': False, 'cmake_target': None, 'cmake_target_skip_unavailable': False, 'install_base': '/home/santosh/sp_ws/install/ik_pkg', 'merge_install': False, 'path': '/home/santosh/sp_ws/src/ik_pkg', 'symlink_install': True, 'test_result_base': None}
[0.142s] Level 5:colcon.colcon_core.verb:set package 'navigation' build argument 'cmake_args' from command line to 'None'
[0.142s] Level 5:colcon.colcon_core.verb:set package 'navigation' build argument 'cmake_target' from command line to 'None'
[0.142s] Level 5:colcon.colcon_core.verb:set package 'navigation' build argument 'cmake_target_skip_unavailable' from command line to 'False'
[0.142s] Level 5:colcon.colcon_core.verb:set package 'navigation' build argument 'cmake_clean_cache' from command line to 'False'
[0.142s] Level 5:colcon.colcon_core.verb:set package 'navigation' build argument 'cmake_clean_first' from command line to 'False'
[0.142s] Level 5:colcon.colcon_core.verb:set package 'navigation' build argument 'cmake_force_configure' from command line to 'False'
[0.142s] Level 5:colcon.colcon_core.verb:set package 'navigation' build argument 'ament_cmake_args' from command line to 'None'
[0.142s] Level 5:colcon.colcon_core.verb:set package 'navigation' build argument 'catkin_cmake_args' from command line to 'None'
[0.142s] Level 5:colcon.colcon_core.verb:set package 'navigation' build argument 'catkin_skip_building_tests' from command line to 'False'
[0.142s] DEBUG:colcon.colcon_core.verb:Building package 'navigation' with the following arguments: {'ament_cmake_args': None, 'build_base': '/home/santosh/sp_ws/build/navigation', 'catkin_cmake_args': None, 'catkin_skip_building_tests': False, 'cmake_args': None, 'cmake_clean_cache': False, 'cmake_clean_first': False, 'cmake_force_configure': False, 'cmake_target': None, 'cmake_target_skip_unavailable': False, 'install_base': '/home/santosh/sp_ws/install/navigation', 'merge_install': False, 'path': '/home/santosh/sp_ws/src/navigation', 'symlink_install': True, 'test_result_base': None}
[0.142s] Level 5:colcon.colcon_core.verb:set package 'mujoco' build argument 'cmake_args' from command line to 'None'
[0.142s] Level 5:colcon.colcon_core.verb:set package 'mujoco' build argument 'cmake_target' from command line to 'None'
[0.142s] Level 5:colcon.colcon_core.verb:set package 'mujoco' build argument 'cmake_target_skip_unavailable' from command line to 'False'
[0.142s] Level 5:colcon.colcon_core.verb:set package 'mujoco' build argument 'cmake_clean_cache' from command line to 'False'
[0.142s] Level 5:colcon.colcon_core.verb:set package 'mujoco' build argument 'cmake_clean_first' from command line to 'False'
[0.142s] Level 5:colcon.colcon_core.verb:set package 'mujoco' build argument 'cmake_force_configure' from command line to 'False'
[0.142s] Level 5:colcon.colcon_core.verb:set package 'mujoco' build argument 'ament_cmake_args' from command line to 'None'
[0.142s] Level 5:colcon.colcon_core.verb:set package 'mujoco' build argument 'catkin_cmake_args' from command line to 'None'
[0.142s] Level 5:colcon.colcon_core.verb:set package 'mujoco' build argument 'catkin_skip_building_tests' from command line to 'False'
[0.142s] DEBUG:colcon.colcon_core.verb:Building package 'mujoco' with the following arguments: {'ament_cmake_args': None, 'build_base': '/home/santosh/sp_ws/build/mujoco', 'catkin_cmake_args': None, 'catkin_skip_building_tests': False, 'cmake_args': None, 'cmake_clean_cache': False, 'cmake_clean_first': False, 'cmake_force_configure': False, 'cmake_target': None, 'cmake_target_skip_unavailable': False, 'install_base': '/home/santosh/sp_ws/install/mujoco', 'merge_install': False, 'path': '/home/santosh/sp_ws/src/simulation/mujoco', 'symlink_install': True, 'test_result_base': None}
[0.142s] INFO:colcon.colcon_core.executor:Executing jobs using 'parallel' executor
[0.143s] DEBUG:colcon.colcon_parallel_executor.executor.parallel:run_until_complete
[0.143s] INFO:colcon.colcon_ros.task.ament_cmake.build:Building ROS package in '/home/santosh/sp_ws/src/communication' with build type 'ament_cmake'
[0.143s] INFO:colcon.colcon_cmake.task.cmake.build:Building CMake package in '/home/santosh/sp_ws/src/communication'
[0.145s] INFO:colcon.colcon_core.plugin_system:Skipping extension 'colcon_core.shell.bat': Not used on non-Windows systems
[0.145s] INFO:colcon.colcon_core.shell:Skip shell extension 'powershell' for command environment: Not usable outside of PowerShell
[0.145s] DEBUG:colcon.colcon_core.shell:Skip shell extension 'dsv' for command environment
[0.147s] INFO:colcon.colcon_ros.task.ament_python.build:Building ROS package in '/home/santosh/sp_ws/src/cartographer_slam' with build type 'ament_python'
[0.147s] Level 1:colcon.colcon_core.shell:create_environment_hook('cartographer_slam', 'ament_prefix_path')
[0.147s] INFO:colcon.colcon_core.shell:Creating environment hook '/home/santosh/sp_ws/install/cartographer_slam/share/cartographer_slam/hook/ament_prefix_path.ps1'
[0.148s] INFO:colcon.colcon_core.shell:Creating environment descriptor '/home/santosh/sp_ws/install/cartographer_slam/share/cartographer_slam/hook/ament_prefix_path.dsv'
[0.148s] INFO:colcon.colcon_core.shell:Creating environment hook '/home/santosh/sp_ws/install/cartographer_slam/share/cartographer_slam/hook/ament_prefix_path.sh'
[0.148s] INFO:colcon.colcon_core.shell:Skip shell extension 'powershell' for command environment: Not usable outside of PowerShell
[0.148s] DEBUG:colcon.colcon_core.shell:Skip shell extension 'dsv' for command environment
[0.150s] INFO:colcon.colcon_ros.task.ament_cmake.build:Building ROS package in '/home/santosh/sp_ws/src/control_robo' with build type 'ament_cmake'
[0.150s] INFO:colcon.colcon_cmake.task.cmake.build:Building CMake package in '/home/santosh/sp_ws/src/control_robo'
[0.150s] INFO:colcon.colcon_core.shell:Skip shell extension 'powershell' for command environment: Not usable outside of PowerShell
[0.150s] DEBUG:colcon.colcon_core.shell:Skip shell extension 'dsv' for command environment
[0.152s] INFO:colcon.colcon_ros.task.ament_cmake.build:Building ROS package in '/home/santosh/sp_ws/src/core' with build type 'ament_cmake'
[0.153s] INFO:colcon.colcon_cmake.task.cmake.build:Building CMake package in '/home/santosh/sp_ws/src/core'
[0.153s] INFO:colcon.colcon_core.shell:Skip shell extension 'powershell' for command environment: Not usable outside of PowerShell
[0.153s] DEBUG:colcon.colcon_core.shell:Skip shell extension 'dsv' for command environment
[0.155s] INFO:colcon.colcon_ros.task.ament_cmake.build:Building ROS package in '/home/santosh/sp_ws/src/description' with build type 'ament_cmake'
[0.155s] INFO:colcon.colcon_cmake.task.cmake.build:Building CMake package in '/home/santosh/sp_ws/src/description'
[0.155s] INFO:colcon.colcon_core.shell:Skip shell extension 'powershell' for command environment: Not usable outside of PowerShell
[0.155s] DEBUG:colcon.colcon_core.shell:Skip shell extension 'dsv' for command environment
[0.157s] INFO:colcon.colcon_ros.task.ament_cmake.build:Building ROS package in '/home/santosh/sp_ws/src/ik_pkg' with build type 'ament_cmake'
[0.157s] INFO:colcon.colcon_cmake.task.cmake.build:Building CMake package in '/home/santosh/sp_ws/src/ik_pkg'
[0.157s] INFO:colcon.colcon_core.shell:Skip shell extension 'powershell' for command environment: Not usable outside of PowerShell
[0.157s] DEBUG:colcon.colcon_core.shell:Skip shell extension 'dsv' for command environment
[0.160s] INFO:colcon.colcon_ros.task.ament_cmake.build:Building ROS package in '/home/santosh/sp_ws/src/navigation' with build type 'ament_cmake'
[0.160s] INFO:colcon.colcon_cmake.task.cmake.build:Building CMake package in '/home/santosh/sp_ws/src/navigation'
[0.160s] INFO:colcon.colcon_core.shell:Skip shell extension 'powershell' for command environment: Not usable outside of PowerShell
[0.160s] DEBUG:colcon.colcon_core.shell:Skip shell extension 'dsv' for command environment
[0.167s] DEBUG:colcon.colcon_core.event_handler.log_command:Invoking command in '/home/santosh/sp_ws/build/communication': CMAKE_PREFIX_PATH=${CMAKE_PREFIX_PATH}:/home/santosh/sp_ws/install/cartographer_slam:/opt/ros/humble /usr/bin/cmake /home/santosh/sp_ws/src/communication -DAMENT_CMAKE_SYMLINK_INSTALL=1 -DCMAKE_INSTALL_PREFIX=/home/santosh/sp_ws/install/communication
[0.286s] INFO:colcon.colcon_core.task.python.build:Building Python package in '/home/santosh/sp_ws/src/cartographer_slam'
[0.286s] INFO:colcon.colcon_core.shell:Skip shell extension 'powershell' for command environment: Not usable outside of PowerShell
[0.286s] DEBUG:colcon.colcon_core.shell:Skip shell extension 'dsv' for command environment
[0.291s] DEBUG:colcon.colcon_core.event_handler.log_command:Invoking command in '/home/santosh/sp_ws/build/control_robo': CMAKE_PREFIX_PATH=${CMAKE_PREFIX_PATH}:/home/santosh/sp_ws/install/cartographer_slam:/opt/ros/humble /usr/bin/cmake /home/santosh/sp_ws/src/control_robo -DAMENT_CMAKE_SYMLINK_INSTALL=1 -DCMAKE_INSTALL_PREFIX=/home/santosh/sp_ws/install/control_robo
[0.292s] DEBUG:colcon.colcon_core.event_handler.log_command:Invoking command in '/home/santosh/sp_ws/build/core': CMAKE_PREFIX_PATH=${CMAKE_PREFIX_PATH}:/home/santosh/sp_ws/install/cartographer_slam:/opt/ros/humble /usr/bin/cmake --build /home/santosh/sp_ws/build/core -- -j12 -l12
[0.293s] DEBUG:colcon.colcon_core.event_handler.log_command:Invoking command in '/home/santosh/sp_ws/build/description': CMAKE_PREFIX_PATH=${CMAKE_PREFIX_PATH}:/home/santosh/sp_ws/install/cartographer_slam:/opt/ros/humble /usr/bin/cmake /home/santosh/sp_ws/src/description -DAMENT_CMAKE_SYMLINK_INSTALL=1 -DCMAKE_INSTALL_PREFIX=/home/santosh/sp_ws/install/description
[0.296s] DEBUG:colcon.colcon_core.event_handler.log_command:Invoking command in '/home/santosh/sp_ws/build/ik_pkg': CMAKE_PREFIX_PATH=${CMAKE_PREFIX_PATH}:/home/santosh/sp_ws/install/cartographer_slam:/opt/ros/humble /usr/bin/cmake /home/santosh/sp_ws/src/ik_pkg -DAMENT_CMAKE_SYMLINK_INSTALL=1 -DCMAKE_INSTALL_PREFIX=/home/santosh/sp_ws/install/ik_pkg
[0.310s] DEBUG:colcon.colcon_core.event_handler.log_command:Invoking command in '/home/santosh/sp_ws/build/navigation': CMAKE_PREFIX_PATH=${CMAKE_PREFIX_PATH}:/home/santosh/sp_ws/install/cartographer_slam:/opt/ros/humble /usr/bin/cmake /home/santosh/sp_ws/src/navigation -DAMENT_CMAKE_SYMLINK_INSTALL=1 -DCMAKE_INSTALL_PREFIX=/home/santosh/sp_ws/install/navigation
[0.351s] DEBUG:colcon.colcon_core.event_handler.log_command:Invoked command in '/home/santosh/sp_ws/build/core' returned '0': CMAKE_PREFIX_PATH=${CMAKE_PREFIX_PATH}:/home/santosh/sp_ws/install/cartographer_slam:/opt/ros/humble /usr/bin/cmake --build /home/santosh/sp_ws/build/core -- -j12 -l12
[0.360s] DEBUG:colcon.colcon_core.event_handler.log_command:Invoking command in '/home/santosh/sp_ws/build/core': CMAKE_PREFIX_PATH=${CMAKE_PREFIX_PATH}:/home/santosh/sp_ws/install/cartographer_slam:/opt/ros/humble /usr/bin/cmake --install /home/santosh/sp_ws/build/core
[0.382s] Level 1:colcon.colcon_core.environment:create_environment_scripts_only(core)
[0.383s] DEBUG:colcon.colcon_core.event_handler.log_command:Invoked command in '/home/santosh/sp_ws/build/core' returned '0': CMAKE_PREFIX_PATH=${CMAKE_PREFIX_PATH}:/home/santosh/sp_ws/install/cartographer_slam:/opt/ros/humble /usr/bin/cmake --install /home/santosh/sp_ws/build/core
[0.385s] Level 1:colcon.colcon_core.environment:checking '/home/santosh/sp_ws/install/core' for CMake module files
[0.386s] Level 1:colcon.colcon_core.environment:checking '/home/santosh/sp_ws/install/core' for CMake config files
[0.387s] Level 1:colcon.colcon_core.shell:create_environment_hook('core', 'cmake_prefix_path')
[0.387s] INFO:colcon.colcon_core.shell:Creating environment hook '/home/santosh/sp_ws/install/core/share/core/hook/cmake_prefix_path.ps1'
[0.388s] INFO:colcon.colcon_core.shell:Creating environment descriptor '/home/santosh/sp_ws/install/core/share/core/hook/cmake_prefix_path.dsv'
[0.388s] INFO:colcon.colcon_core.shell:Creating environment hook '/home/santosh/sp_ws/install/core/share/core/hook/cmake_prefix_path.sh'
[0.389s] Level 1:colcon.colcon_core.environment:checking '/home/santosh/sp_ws/install/core/lib'
[0.389s] Level 1:colcon.colcon_core.shell:create_environment_hook('core', 'ld_library_path_lib')
[0.389s] INFO:colcon.colcon_core.shell:Creating environment hook '/home/santosh/sp_ws/install/core/share/core/hook/ld_library_path_lib.ps1'
[0.390s] INFO:colcon.colcon_core.shell:Creating environment descriptor '/home/santosh/sp_ws/install/core/share/core/hook/ld_library_path_lib.dsv'
[0.390s] INFO:colcon.colcon_core.shell:Creating environment hook '/home/santosh/sp_ws/install/core/share/core/hook/ld_library_path_lib.sh'
[0.391s] Level 1:colcon.colcon_core.environment:checking '/home/santosh/sp_ws/install/core/bin'
[0.391s] Level 1:colcon.colcon_core.environment:checking '/home/santosh/sp_ws/install/core/lib/pkgconfig/core.pc'
[0.391s] Level 1:colcon.colcon_core.environment:checking '/home/santosh/sp_ws/install/core/lib/python3.10/site-packages'
[0.391s] Level 1:colcon.colcon_core.environment:checking '/home/santosh/sp_ws/install/core/bin'
[0.392s] INFO:colcon.colcon_core.shell:Creating package script '/home/santosh/sp_ws/install/core/share/core/package.ps1'
[0.393s] INFO:colcon.colcon_core.shell:Creating package descriptor '/home/santosh/sp_ws/install/core/share/core/package.dsv'
[0.393s] INFO:colcon.colcon_core.shell:Creating package script '/home/santosh/sp_ws/install/core/share/core/package.sh'
[0.394s] INFO:colcon.colcon_core.shell:Creating package script '/home/santosh/sp_ws/install/core/share/core/package.bash'
[0.395s] INFO:colcon.colcon_core.shell:Creating package script '/home/santosh/sp_ws/install/core/share/core/package.zsh'
[0.396s] Level 1:colcon.colcon_core.environment:create_file_with_runtime_dependencies(/home/santosh/sp_ws/install/core/share/colcon-core/packages/core)
[0.397s] Level 1:colcon.colcon_core.environment:create_environment_scripts_only(core)
[0.397s] Level 1:colcon.colcon_core.environment:checking '/home/santosh/sp_ws/install/core' for CMake module files
[0.398s] Level 1:colcon.colcon_core.environment:checking '/home/santosh/sp_ws/install/core' for CMake config files
[0.398s] Level 1:colcon.colcon_core.shell:create_environment_hook('core', 'cmake_prefix_path')
[0.399s] INFO:colcon.colcon_core.shell:Creating environment hook '/home/santosh/sp_ws/install/core/share/core/hook/cmake_prefix_path.ps1'
[0.399s] INFO:colcon.colcon_core.shell:Creating environment descriptor '/home/santosh/sp_ws/install/core/share/core/hook/cmake_prefix_path.dsv'
[0.400s] INFO:colcon.colcon_core.shell:Creating environment hook '/home/santosh/sp_ws/install/core/share/core/hook/cmake_prefix_path.sh'
[0.400s] Level 1:colcon.colcon_core.environment:checking '/home/santosh/sp_ws/install/core/lib'
[0.400s] Level 1:colcon.colcon_core.shell:create_environment_hook('core', 'ld_library_path_lib')
[0.401s] INFO:colcon.colcon_core.shell:Creating environment hook '/home/santosh/sp_ws/install/core/share/core/hook/ld_library_path_lib.ps1'
[0.401s] INFO:colcon.colcon_core.shell:Creating environment descriptor '/home/santosh/sp_ws/install/core/share/core/hook/ld_library_path_lib.dsv'
[0.401s] INFO:colcon.colcon_core.shell:Creating environment hook '/home/santosh/sp_ws/install/core/share/core/hook/ld_library_path_lib.sh'
[0.401s] Level 1:colcon.colcon_core.environment:checking '/home/santosh/sp_ws/install/core/bin'
[0.401s] Level 1:colcon.colcon_core.environment:checking '/home/santosh/sp_ws/install/core/lib/pkgconfig/core.pc'
[0.402s] Level 1:colcon.colcon_core.environment:checking '/home/santosh/sp_ws/install/core/lib/python3.10/site-packages'
[0.402s] Level 1:colcon.colcon_core.environment:checking '/home/santosh/sp_ws/install/core/bin'
[0.402s] INFO:colcon.colcon_core.shell:Creating package script '/home/santosh/sp_ws/install/core/share/core/package.ps1'
[0.402s] INFO:colcon.colcon_core.shell:Creating package descriptor '/home/santosh/sp_ws/install/core/share/core/package.dsv'
[0.403s] INFO:colcon.colcon_core.shell:Creating package script '/home/santosh/sp_ws/install/core/share/core/package.sh'
[0.403s] INFO:colcon.colcon_core.shell:Creating package script '/home/santosh/sp_ws/install/core/share/core/package.bash'
[0.403s] INFO:colcon.colcon_core.shell:Creating package script '/home/santosh/sp_ws/install/core/share/core/package.zsh'
[0.404s] Level 1:colcon.colcon_core.environment:create_file_with_runtime_dependencies(/home/santosh/sp_ws/install/core/share/colcon-core/packages/core)
[0.703s] DEBUG:colcon.colcon_core.event_handler.log_command:Invoking command in '/home/santosh/sp_ws/build/cartographer_slam': PYTHONPATH=/home/santosh/sp_ws/build/cartographer_slam/prefix_override:/usr/lib/python3/dist-packages/colcon_core/task/python/colcon_distutils_commands:/home/santosh/sp_ws/install/cartographer_slam/lib/python3.10/site-packages:${PYTHONPATH} /usr/bin/python3 -W ignore:setup.py install is deprecated -W ignore:easy_install command is deprecated setup.py develop --editable --build-directory /home/santosh/sp_ws/build/cartographer_slam/build --no-deps symlink_data
[1.039s] DEBUG:colcon.colcon_core.event_handler.log_command:Invoked command in '/home/santosh/sp_ws/build/description' returned '0': CMAKE_PREFIX_PATH=${CMAKE_PREFIX_PATH}:/home/santosh/sp_ws/install/cartographer_slam:/opt/ros/humble /usr/bin/cmake /home/santosh/sp_ws/src/description -DAMENT_CMAKE_SYMLINK_INSTALL=1 -DCMAKE_INSTALL_PREFIX=/home/santosh/sp_ws/install/description
[1.041s] DEBUG:colcon.colcon_core.event_handler.log_command:Invoking command in '/home/santosh/sp_ws/build/description': CMAKE_PREFIX_PATH=${CMAKE_PREFIX_PATH}:/home/santosh/sp_ws/install/cartographer_slam:/opt/ros/humble /usr/bin/cmake --build /home/santosh/sp_ws/build/description -- -j12 -l12
[1.079s] DEBUG:colcon.colcon_core.event_handler.log_command:Invoked command in '/home/santosh/sp_ws/build/description' returned '0': CMAKE_PREFIX_PATH=${CMAKE_PREFIX_PATH}:/home/santosh/sp_ws/install/cartographer_slam:/opt/ros/humble /usr/bin/cmake --build /home/santosh/sp_ws/build/description -- -j12 -l12
[1.081s] DEBUG:colcon.colcon_core.event_handler.log_command:Invoking command in '/home/santosh/sp_ws/build/description': CMAKE_PREFIX_PATH=${CMAKE_PREFIX_PATH}:/home/santosh/sp_ws/install/cartographer_slam:/opt/ros/humble /usr/bin/cmake --install /home/santosh/sp_ws/build/description
[1.099s] DEBUG:colcon.colcon_core.event_handler.log_command:Invoked command in '/home/santosh/sp_ws/build/control_robo' returned '0': CMAKE_PREFIX_PATH=${CMAKE_PREFIX_PATH}:/home/santosh/sp_ws/install/cartographer_slam:/opt/ros/humble /usr/bin/cmake /home/santosh/sp_ws/src/control_robo -DAMENT_CMAKE_SYMLINK_INSTALL=1 -DCMAKE_INSTALL_PREFIX=/home/santosh/sp_ws/install/control_robo
[1.100s] DEBUG:colcon.colcon_core.event_handler.log_command:Invoking command in '/home/santosh/sp_ws/build/control_robo': CMAKE_PREFIX_PATH=${CMAKE_PREFIX_PATH}:/home/santosh/sp_ws/install/cartographer_slam:/opt/ros/humble /usr/bin/cmake --build /home/santosh/sp_ws/build/control_robo -- -j12 -l12
[1.135s] DEBUG:colcon.colcon_core.event_handler.log_command:Invoked command in '/home/santosh/sp_ws/build/control_robo' returned '0': CMAKE_PREFIX_PATH=${CMAKE_PREFIX_PATH}:/home/santosh/sp_ws/install/cartographer_slam:/opt/ros/humble /usr/bin/cmake --build /home/santosh/sp_ws/build/control_robo -- -j12 -l12
[1.137s] DEBUG:colcon.colcon_core.event_handler.log_command:Invoking command in '/home/santosh/sp_ws/build/control_robo': CMAKE_PREFIX_PATH=${CMAKE_PREFIX_PATH}:/home/santosh/sp_ws/install/cartographer_slam:/opt/ros/humble /usr/bin/cmake --install /home/santosh/sp_ws/build/control_robo
[1.158s] Level 1:colcon.colcon_core.shell:create_environment_hook('cartographer_slam', 'pythonpath_develop')
[1.158s] INFO:colcon.colcon_core.shell:Creating environment hook '/home/santosh/sp_ws/build/cartographer_slam/share/cartographer_slam/hook/pythonpath_develop.ps1'
[1.159s] DEBUG:colcon.colcon_core.event_handler.log_command:Invoked command in '/home/santosh/sp_ws/build/cartographer_slam' returned '0': PYTHONPATH=/home/santosh/sp_ws/build/cartographer_slam/prefix_override:/usr/lib/python3/dist-packages/colcon_core/task/python/colcon_distutils_commands:/home/santosh/sp_ws/install/cartographer_slam/lib/python3.10/site-packages:${PYTHONPATH} /usr/bin/python3 -W ignore:setup.py install is deprecated -W ignore:easy_install command is deprecated setup.py develop --editable --build-directory /home/santosh/sp_ws/build/cartographer_slam/build --no-deps symlink_data
[1.159s] INFO:colcon.colcon_core.shell:Creating environment descriptor '/home/santosh/sp_ws/build/cartographer_slam/share/cartographer_slam/hook/pythonpath_develop.dsv'
[1.160s] INFO:colcon.colcon_core.shell:Creating environment hook '/home/santosh/sp_ws/build/cartographer_slam/share/cartographer_slam/hook/pythonpath_develop.sh'
[1.160s] Level 1:colcon.colcon_core.environment:checking '/home/santosh/sp_ws/install/cartographer_slam' for CMake module files
[1.160s] Level 1:colcon.colcon_core.environment:checking '/home/santosh/sp_ws/install/cartographer_slam' for CMake config files
[1.161s] Level 1:colcon.colcon_core.environment:checking '/home/santosh/sp_ws/install/cartographer_slam/lib'
[1.161s] Level 1:colcon.colcon_core.environment:checking '/home/santosh/sp_ws/install/cartographer_slam/bin'
[1.161s] Level 1:colcon.colcon_core.environment:checking '/home/santosh/sp_ws/install/cartographer_slam/lib/pkgconfig/cartographer_slam.pc'
[1.161s] Level 1:colcon.colcon_core.environment:checking '/home/santosh/sp_ws/install/cartographer_slam/lib/python3.10/site-packages'
[1.161s] Level 1:colcon.colcon_core.shell:create_environment_hook('cartographer_slam', 'pythonpath')
[1.161s] INFO:colcon.colcon_core.shell:Creating environment hook '/home/santosh/sp_ws/install/cartographer_slam/share/cartographer_slam/hook/pythonpath.ps1'
[1.162s] INFO:colcon.colcon_core.shell:Creating environment descriptor '/home/santosh/sp_ws/install/cartographer_slam/share/cartographer_slam/hook/pythonpath.dsv'
[1.162s] INFO:colcon.colcon_core.shell:Creating environment hook '/home/santosh/sp_ws/install/cartographer_slam/share/cartographer_slam/hook/pythonpath.sh'
[1.162s] Level 1:colcon.colcon_core.environment:checking '/home/santosh/sp_ws/install/cartographer_slam/bin'
[1.162s] Level 1:colcon.colcon_core.environment:create_environment_scripts_only(cartographer_slam)
[1.162s] INFO:colcon.colcon_core.shell:Creating package script '/home/santosh/sp_ws/install/cartographer_slam/share/cartographer_slam/package.ps1'
[1.163s] INFO:colcon.colcon_core.shell:Creating package descriptor '/home/santosh/sp_ws/install/cartographer_slam/share/cartographer_slam/package.dsv'
[1.163s] INFO:colcon.colcon_core.shell:Creating package script '/home/santosh/sp_ws/install/cartographer_slam/share/cartographer_slam/package.sh'
[1.163s] INFO:colcon.colcon_core.shell:Creating package script '/home/santosh/sp_ws/install/cartographer_slam/share/cartographer_slam/package.bash'
[1.163s] INFO:colcon.colcon_core.shell:Creating package script '/home/santosh/sp_ws/install/cartographer_slam/share/cartographer_slam/package.zsh'
[1.164s] Level 1:colcon.colcon_core.environment:create_file_with_runtime_dependencies(/home/santosh/sp_ws/install/cartographer_slam/share/colcon-core/packages/cartographer_slam)
[1.269s] Level 1:colcon.colcon_core.environment:create_environment_scripts_only(control_robo)
[1.269s] Level 1:colcon.colcon_core.environment:checking '/home/santosh/sp_ws/install/control_robo' for CMake module files
[1.270s] DEBUG:colcon.colcon_core.event_handler.log_command:Invoked command in '/home/santosh/sp_ws/build/control_robo' returned '0': CMAKE_PREFIX_PATH=${CMAKE_PREFIX_PATH}:/home/santosh/sp_ws/install/cartographer_slam:/opt/ros/humble /usr/bin/cmake --install /home/santosh/sp_ws/build/control_robo
[1.270s] Level 1:colcon.colcon_core.environment:checking '/home/santosh/sp_ws/install/control_robo' for CMake config files
[1.270s] Level 1:colcon.colcon_core.shell:create_environment_hook('control_robo', 'cmake_prefix_path')
[1.271s] INFO:colcon.colcon_core.shell:Creating environment hook '/home/santosh/sp_ws/install/control_robo/share/control_robo/hook/cmake_prefix_path.ps1'
[1.271s] INFO:colcon.colcon_core.shell:Creating environment descriptor '/home/santosh/sp_ws/install/control_robo/share/control_robo/hook/cmake_prefix_path.dsv'
[1.272s] INFO:colcon.colcon_core.shell:Creating environment hook '/home/santosh/sp_ws/install/control_robo/share/control_robo/hook/cmake_prefix_path.sh'
[1.272s] Level 1:colcon.colcon_core.environment:checking '/home/santosh/sp_ws/install/control_robo/bin'
[1.272s] Level 1:colcon.colcon_core.environment:checking '/home/santosh/sp_ws/install/control_robo/lib/pkgconfig/control_robo.pc'
[1.272s] Level 1:colcon.colcon_core.environment:checking '/home/santosh/sp_ws/install/control_robo/lib/python3.10/site-packages'
[1.272s] Level 1:colcon.colcon_core.environment:checking '/home/santosh/sp_ws/install/control_robo/bin'
[1.273s] INFO:colcon.colcon_core.shell:Creating package script '/home/santosh/sp_ws/install/control_robo/share/control_robo/package.ps1'
[1.273s] INFO:colcon.colcon_core.shell:Creating package descriptor '/home/santosh/sp_ws/install/control_robo/share/control_robo/package.dsv'
[1.274s] INFO:colcon.colcon_core.shell:Creating package script '/home/santosh/sp_ws/install/control_robo/share/control_robo/package.sh'
[1.274s] INFO:colcon.colcon_core.shell:Creating package script '/home/santosh/sp_ws/install/control_robo/share/control_robo/package.bash'
[1.275s] INFO:colcon.colcon_core.shell:Creating package script '/home/santosh/sp_ws/install/control_robo/share/control_robo/package.zsh'
[1.275s] Level 1:colcon.colcon_core.environment:create_file_with_runtime_dependencies(/home/santosh/sp_ws/install/control_robo/share/colcon-core/packages/control_robo)
[1.275s] Level 1:colcon.colcon_core.environment:create_environment_scripts_only(control_robo)
[1.276s] Level 1:colcon.colcon_core.environment:checking '/home/santosh/sp_ws/install/control_robo' for CMake module files
[1.276s] Level 1:colcon.colcon_core.environment:checking '/home/santosh/sp_ws/install/control_robo' for CMake config files
[1.276s] Level 1:colcon.colcon_core.shell:create_environment_hook('control_robo', 'cmake_prefix_path')
[1.277s] INFO:colcon.colcon_core.shell:Creating environment hook '/home/santosh/sp_ws/install/control_robo/share/control_robo/hook/cmake_prefix_path.ps1'
[1.278s] INFO:colcon.colcon_core.shell:Creating environment descriptor '/home/santosh/sp_ws/install/control_robo/share/control_robo/hook/cmake_prefix_path.dsv'
[1.278s] INFO:colcon.colcon_core.shell:Creating environment hook '/home/santosh/sp_ws/install/control_robo/share/control_robo/hook/cmake_prefix_path.sh'
[1.278s] Level 1:colcon.colcon_core.environment:checking '/home/santosh/sp_ws/install/control_robo/bin'
[1.278s] Level 1:colcon.colcon_core.environment:checking '/home/santosh/sp_ws/install/control_robo/lib/pkgconfig/control_robo.pc'
[1.278s] Level 1:colcon.colcon_core.environment:checking '/home/santosh/sp_ws/install/control_robo/lib/python3.10/site-packages'
[1.279s] Level 1:colcon.colcon_core.environment:checking '/home/santosh/sp_ws/install/control_robo/bin'
[1.279s] INFO:colcon.colcon_core.shell:Creating package script '/home/santosh/sp_ws/install/control_robo/share/control_robo/package.ps1'
[1.279s] INFO:colcon.colcon_core.shell:Creating package descriptor '/home/santosh/sp_ws/install/control_robo/share/control_robo/package.dsv'
[1.279s] INFO:colcon.colcon_core.shell:Creating package script '/home/santosh/sp_ws/install/control_robo/share/control_robo/package.sh'
[1.280s] INFO:colcon.colcon_core.shell:Creating package script '/home/santosh/sp_ws/install/control_robo/share/control_robo/package.bash'
[1.280s] INFO:colcon.colcon_core.shell:Creating package script '/home/santosh/sp_ws/install/control_robo/share/control_robo/package.zsh'
[1.280s] Level 1:colcon.colcon_core.environment:create_file_with_runtime_dependencies(/home/santosh/sp_ws/install/control_robo/share/colcon-core/packages/control_robo)
[1.408s] DEBUG:colcon.colcon_core.event_handler.log_command:Invoked command in '/home/santosh/sp_ws/build/ik_pkg' returned '1': CMAKE_PREFIX_PATH=${CMAKE_PREFIX_PATH}:/home/santosh/sp_ws/install/cartographer_slam:/opt/ros/humble /usr/bin/cmake /home/santosh/sp_ws/src/ik_pkg -DAMENT_CMAKE_SYMLINK_INSTALL=1 -DCMAKE_INSTALL_PREFIX=/home/santosh/sp_ws/install/ik_pkg
[1.418s] Level 1:colcon.colcon_core.environment:create_environment_scripts_only(ik_pkg)
[1.418s] Level 1:colcon.colcon_core.environment:checking '/home/santosh/sp_ws/install/ik_pkg' for CMake module files
[1.419s] Level 1:colcon.colcon_core.environment:checking '/home/santosh/sp_ws/install/ik_pkg' for CMake config files
[1.419s] Level 1:colcon.colcon_core.environment:checking '/home/santosh/sp_ws/install/ik_pkg/bin'
[1.419s] Level 1:colcon.colcon_core.environment:checking '/home/santosh/sp_ws/install/ik_pkg/lib/pkgconfig/ik_pkg.pc'
[1.419s] Level 1:colcon.colcon_core.environment:checking '/home/santosh/sp_ws/install/ik_pkg/lib/python3.10/site-packages'
[1.419s] Level 1:colcon.colcon_core.environment:checking '/home/santosh/sp_ws/install/ik_pkg/bin'
[1.420s] INFO:colcon.colcon_core.shell:Creating package script '/home/santosh/sp_ws/install/ik_pkg/share/ik_pkg/package.ps1'
[1.420s] INFO:colcon.colcon_core.shell:Creating package descriptor '/home/santosh/sp_ws/install/ik_pkg/share/ik_pkg/package.dsv'
[1.420s] INFO:colcon.colcon_core.shell:Creating package script '/home/santosh/sp_ws/install/ik_pkg/share/ik_pkg/package.sh'
[1.421s] INFO:colcon.colcon_core.shell:Creating package script '/home/santosh/sp_ws/install/ik_pkg/share/ik_pkg/package.bash'
[1.421s] INFO:colcon.colcon_core.shell:Creating package script '/home/santosh/sp_ws/install/ik_pkg/share/ik_pkg/package.zsh'
[1.421s] Level 1:colcon.colcon_core.environment:create_file_with_runtime_dependencies(/home/santosh/sp_ws/install/ik_pkg/share/colcon-core/packages/ik_pkg)
[1.873s] DEBUG:colcon.colcon_parallel_executor.executor.parallel:closing loop
[1.873s] DEBUG:colcon.colcon_parallel_executor.executor.parallel:loop closed
[1.873s] DEBUG:colcon.colcon_parallel_executor.executor.parallel:run_until_complete finished with '1'
[1.873s] DEBUG:colcon.colcon_core.event_reactor:joining thread
[1.879s] INFO:colcon.colcon_core.plugin_system:Skipping extension 'colcon_notification.desktop_notification.terminal_notifier': Not used on non-Darwin systems
[1.879s] INFO:colcon.colcon_core.plugin_system:Skipping extension 'colcon_notification.desktop_notification.win32': Not used on non-Windows systems
[1.879s] INFO:colcon.colcon_notification.desktop_notification:Sending desktop notification using 'notify2'
[1.887s] DEBUG:colcon.colcon_core.event_reactor:joined thread
[1.887s] INFO:colcon.colcon_core.shell:Creating prefix script '/home/santosh/sp_ws/install/local_setup.ps1'
[1.888s] INFO:colcon.colcon_core.shell:Creating prefix util module '/home/santosh/sp_ws/install/_local_setup_util_ps1.py'
[1.889s] INFO:colcon.colcon_core.shell:Creating prefix chain script '/home/santosh/sp_ws/install/setup.ps1'
[1.890s] INFO:colcon.colcon_core.shell:Creating prefix script '/home/santosh/sp_ws/install/local_setup.sh'
[1.891s] INFO:colcon.colcon_core.shell:Creating prefix util module '/home/santosh/sp_ws/install/_local_setup_util_sh.py'
[1.891s] INFO:colcon.colcon_core.shell:Creating prefix chain script '/home/santosh/sp_ws/install/setup.sh'
[1.892s] INFO:colcon.colcon_core.shell:Creating prefix script '/home/santosh/sp_ws/install/local_setup.bash'
[1.892s] INFO:colcon.colcon_core.shell:Creating prefix chain script '/home/santosh/sp_ws/install/setup.bash'
[1.893s] INFO:colcon.colcon_core.shell:Creating prefix script '/home/santosh/sp_ws/install/local_setup.zsh'
[1.893s] INFO:colcon.colcon_core.shell:Creating prefix chain script '/home/santosh/sp_ws/install/setup.zsh'
