[0.185s] Invoking command in '/home/santosh/sp_ws/build/core': CMAKE_PREFIX_PATH=${CMAKE_PREFIX_PATH}:/home/santosh/sp_ws/install/cartographer_slam:/opt/ros/humble /usr/bin/cmake --build /home/santosh/sp_ws/build/core -- -j12 -l12
[0.251s] [100%] Built target core
[0.273s] Invoked command in '/home/santosh/sp_ws/build/core' returned '0': CMAKE_PREFIX_PATH=${CMAKE_PREFIX_PATH}:/home/santosh/sp_ws/install/cartographer_slam:/opt/ros/humble /usr/bin/cmake --build /home/santosh/sp_ws/build/core -- -j12 -l12
[0.277s] Invoking command in '/home/santosh/sp_ws/build/core': CMAKE_PREFIX_PATH=${CMAKE_PREFIX_PATH}:/home/santosh/sp_ws/install/cartographer_slam:/opt/ros/humble /usr/bin/cmake --install /home/santosh/sp_ws/build/core
[0.285s] -- Install configuration: ""
[0.287s] -- Execute custom install script
[0.287s] -- Up-to-date symlink: /home/santosh/sp_ws/install/core/share/core/environment/library_path.sh
[0.287s] -- Up-to-date symlink: /home/santosh/sp_ws/install/core/share/core/environment/library_path.dsv
[0.287s] -- Up-to-date symlink: /home/santosh/sp_ws/install/core/include/core/Types.h
[0.287s] -- Up-to-date symlink: /home/santosh/sp_ws/install/core/include/core/misc/Benchmark.h
[0.287s] -- Up-to-date symlink: /home/santosh/sp_ws/install/core/include/core/misc/Buffer.h
[0.288s] -- Up-to-date symlink: /home/santosh/sp_ws/install/core/include/core/misc/LinearAlgebra.h
[0.288s] -- Up-to-date symlink: /home/santosh/sp_ws/install/core/include/core/misc/LoadData.h
[0.289s] -- Up-to-date symlink: /home/santosh/sp_ws/install/core/include/core/misc/Lookup.h
[0.289s] -- Up-to-date symlink: /home/santosh/sp_ws/install/core/include/core/misc/NumericTraits.h
[0.289s] -- Up-to-date symlink: /home/santosh/sp_ws/install/core/include/core/misc/Numerics.h
[0.290s] -- Up-to-date symlink: /home/santosh/sp_ws/install/core/share/ament_index/resource_index/package_run_dependencies/core
[0.291s] -- Up-to-date symlink: /home/santosh/sp_ws/install/core/share/ament_index/resource_index/parent_prefix_path/core
[0.291s] -- Up-to-date symlink: /home/santosh/sp_ws/install/core/share/core/environment/ament_prefix_path.sh
[0.291s] -- Up-to-date symlink: /home/santosh/sp_ws/install/core/share/core/environment/ament_prefix_path.dsv
[0.291s] -- Up-to-date symlink: /home/santosh/sp_ws/install/core/share/core/environment/path.sh
[0.291s] -- Up-to-date symlink: /home/santosh/sp_ws/install/core/share/core/environment/path.dsv
[0.291s] -- Up-to-date symlink: /home/santosh/sp_ws/install/core/share/core/local_setup.bash
[0.291s] -- Up-to-date symlink: /home/santosh/sp_ws/install/core/share/core/local_setup.sh
[0.291s] -- Up-to-date symlink: /home/santosh/sp_ws/install/core/share/core/local_setup.zsh
[0.291s] -- Up-to-date symlink: /home/santosh/sp_ws/install/core/share/core/local_setup.dsv
[0.291s] -- Symlinking: /home/santosh/sp_ws/install/core/share/core/package.dsv
[0.298s] -- Up-to-date symlink: /home/santosh/sp_ws/install/core/share/ament_index/resource_index/packages/core
[0.298s] -- Up-to-date symlink: /home/santosh/sp_ws/install/core/share/core/cmake/ament_cmake_export_targets-extras.cmake
[0.298s] -- Up-to-date symlink: /home/santosh/sp_ws/install/core/share/core/cmake/ament_cmake_export_dependencies-extras.cmake
[0.298s] -- Up-to-date symlink: /home/santosh/sp_ws/install/core/share/core/cmake/coreConfig.cmake
[0.298s] -- Up-to-date symlink: /home/santosh/sp_ws/install/core/share/core/cmake/coreConfig-version.cmake
[0.299s] -- Up-to-date symlink: /home/santosh/sp_ws/install/core/share/core/package.xml
[0.299s] -- Up-to-date: /home/santosh/sp_ws/install/core/lib/libcore.so
[0.299s] -- Up-to-date: /home/santosh/sp_ws/install/core/share/core/cmake/core_TargetsExport.cmake
[0.299s] -- Up-to-date: /home/santosh/sp_ws/install/core/share/core/cmake/core_TargetsExport-noconfig.cmake
[0.323s] Invoked command in '/home/santosh/sp_ws/build/core' returned '0': CMAKE_PREFIX_PATH=${CMAKE_PREFIX_PATH}:/home/santosh/sp_ws/install/cartographer_slam:/opt/ros/humble /usr/bin/cmake --install /home/santosh/sp_ws/build/core
