[100%] Built target core
-- Install configuration: ""
-- Execute custom install script
-- Up-to-date symlink: /home/santosh/sp_ws/install/core/share/core/environment/library_path.sh
-- Up-to-date symlink: /home/santosh/sp_ws/install/core/share/core/environment/library_path.dsv
-- Up-to-date symlink: /home/santosh/sp_ws/install/core/include/core/Types.h
-- Up-to-date symlink: /home/santosh/sp_ws/install/core/include/core/misc/Benchmark.h
-- Up-to-date symlink: /home/santosh/sp_ws/install/core/include/core/misc/Buffer.h
-- Up-to-date symlink: /home/santosh/sp_ws/install/core/include/core/misc/LinearAlgebra.h
-- Up-to-date symlink: /home/santosh/sp_ws/install/core/include/core/misc/LoadData.h
-- Up-to-date symlink: /home/santosh/sp_ws/install/core/include/core/misc/Lookup.h
-- Up-to-date symlink: /home/santosh/sp_ws/install/core/include/core/misc/NumericTraits.h
-- Up-to-date symlink: /home/santosh/sp_ws/install/core/include/core/misc/Numerics.h
-- Up-to-date symlink: /home/santosh/sp_ws/install/core/share/ament_index/resource_index/package_run_dependencies/core
-- Up-to-date symlink: /home/santosh/sp_ws/install/core/share/ament_index/resource_index/parent_prefix_path/core
-- Up-to-date symlink: /home/santosh/sp_ws/install/core/share/core/environment/ament_prefix_path.sh
-- Up-to-date symlink: /home/santosh/sp_ws/install/core/share/core/environment/ament_prefix_path.dsv
-- Up-to-date symlink: /home/santosh/sp_ws/install/core/share/core/environment/path.sh
-- Up-to-date symlink: /home/santosh/sp_ws/install/core/share/core/environment/path.dsv
-- Up-to-date symlink: /home/santosh/sp_ws/install/core/share/core/local_setup.bash
-- Up-to-date symlink: /home/santosh/sp_ws/install/core/share/core/local_setup.sh
-- Up-to-date symlink: /home/santosh/sp_ws/install/core/share/core/local_setup.zsh
-- Up-to-date symlink: /home/santosh/sp_ws/install/core/share/core/local_setup.dsv
-- Symlinking: /home/santosh/sp_ws/install/core/share/core/package.dsv
-- Up-to-date symlink: /home/santosh/sp_ws/install/core/share/ament_index/resource_index/packages/core
-- Up-to-date symlink: /home/santosh/sp_ws/install/core/share/core/cmake/ament_cmake_export_targets-extras.cmake
-- Up-to-date symlink: /home/santosh/sp_ws/install/core/share/core/cmake/ament_cmake_export_dependencies-extras.cmake
-- Up-to-date symlink: /home/santosh/sp_ws/install/core/share/core/cmake/coreConfig.cmake
-- Up-to-date symlink: /home/santosh/sp_ws/install/core/share/core/cmake/coreConfig-version.cmake
-- Up-to-date symlink: /home/santosh/sp_ws/install/core/share/core/package.xml
-- Up-to-date: /home/santosh/sp_ws/install/core/lib/libcore.so
-- Up-to-date: /home/santosh/sp_ws/install/core/share/core/cmake/core_TargetsExport.cmake
-- Up-to-date: /home/santosh/sp_ws/install/core/share/core/cmake/core_TargetsExport-noconfig.cmake
