[0.010s] Invoking command in '/home/santosh/sp_ws/build/communication': CMAKE_PREFIX_PATH=${CMAKE_PREFIX_PATH}:/home/santosh/sp_ws/install/cartographer_slam:/opt/ros/humble /usr/bin/cmake --build /home/santosh/sp_ws/build/communication -- -j12 -l12
[0.045s] [35m[1mConsolidate compiler generated dependencies of target communication__rosidl_generator_c[0m
[0.056s] [ 11%] Built target communication__rosidl_generator_c
[0.057s] [ 12%] Built target communication__cpp
[0.065s] [ 12%] Built target ament_cmake_python_symlink_communication
[0.067s] [35m[1mConsolidate compiler generated dependencies of target communication__rosidl_typesupport_c[0m
[0.067s] [35m[1mConsolidate compiler generated dependencies of target communication__rosidl_typesupport_introspection_c[0m
[0.069s] [35m[1mConsolidate compiler generated dependencies of target communication__rosidl_typesupport_fastrtps_cpp[0m
[0.069s] [35m[1mConsolidate compiler generated dependencies of target communication__rosidl_typesupport_fastrtps_c[0m
[0.075s] [35m[1mConsolidate compiler generated dependencies of target communication__rosidl_typesupport_cpp[0m
[0.075s] [35m[1mConsolidate compiler generated dependencies of target communication__rosidl_typesupport_introspection_cpp[0m
[0.077s] [ 23%] Built target communication__rosidl_typesupport_c
[0.079s] [ 34%] Built target communication__rosidl_typesupport_introspection_c
[0.082s] [ 55%] Built target communication__rosidl_typesupport_fastrtps_c
[0.082s] [ 57%] Built target communication__rosidl_typesupport_fastrtps_cpp
[0.088s] [ 68%] Built target communication__rosidl_typesupport_cpp
[0.092s] [ 79%] Built target communication__rosidl_typesupport_introspection_cpp
[0.115s] [ 79%] Built target communication
[0.141s] [ 80%] Built target communication__py
[0.155s] [35m[1mConsolidate compiler generated dependencies of target communication__rosidl_generator_py[0m
[0.169s] [ 90%] Built target communication__rosidl_generator_py
[0.179s] [35m[1mConsolidate compiler generated dependencies of target communication__rosidl_typesupport_c__pyext[0m
[0.180s] [35m[1mConsolidate compiler generated dependencies of target communication__rosidl_typesupport_fastrtps_c__pyext[0m
[0.182s] [35m[1mConsolidate compiler generated dependencies of target communication__rosidl_typesupport_introspection_c__pyext[0m
[0.191s] [ 93%] Built target communication__rosidl_typesupport_fastrtps_c__pyext
[0.193s] [ 96%] Built target communication__rosidl_typesupport_c__pyext
[0.195s] running egg_info
[0.198s] [100%] Built target communication__rosidl_typesupport_introspection_c__pyext
[0.205s] writing communication.egg-info/PKG-INFO
[0.205s] writing dependency_links to communication.egg-info/dependency_links.txt
[0.206s] writing top-level names to communication.egg-info/top_level.txt
[0.231s] reading manifest file 'communication.egg-info/SOURCES.txt'
[0.232s] writing manifest file 'communication.egg-info/SOURCES.txt'
[0.252s] [100%] Built target ament_cmake_python_build_communication_egg
[0.263s] Invoked command in '/home/santosh/sp_ws/build/communication' returned '0': CMAKE_PREFIX_PATH=${CMAKE_PREFIX_PATH}:/home/santosh/sp_ws/install/cartographer_slam:/opt/ros/humble /usr/bin/cmake --build /home/santosh/sp_ws/build/communication -- -j12 -l12
[0.273s] Invoking command in '/home/santosh/sp_ws/build/communication': CMAKE_PREFIX_PATH=${CMAKE_PREFIX_PATH}:/home/santosh/sp_ws/install/cartographer_slam:/opt/ros/humble /usr/bin/cmake --install /home/santosh/sp_ws/build/communication
[0.280s] -- Install configuration: ""
[0.280s] -- Execute custom install script
[0.280s] -- Symlinking: /home/santosh/sp_ws/install/communication/share/ament_index/resource_index/rosidl_interfaces/communication
[0.288s] -- Symlinking: /home/santosh/sp_ws/install/communication/include/communication/communication/msg/actuator_cmds.h
[0.296s] -- Symlinking: /home/santosh/sp_ws/install/communication/include/communication/communication/msg/detail/actuator_cmds__functions.h
[0.305s] -- Symlinking: /home/santosh/sp_ws/install/communication/include/communication/communication/msg/detail/actuator_cmds__struct.h
[0.312s] -- Symlinking: /home/santosh/sp_ws/install/communication/include/communication/communication/msg/detail/actuator_cmds__type_support.h
[0.318s] -- Symlinking: /home/santosh/sp_ws/install/communication/include/communication/communication/msg/detail/motion_commands__functions.h
[0.325s] -- Symlinking: /home/santosh/sp_ws/install/communication/include/communication/communication/msg/detail/motion_commands__struct.h
[0.333s] -- Symlinking: /home/santosh/sp_ws/install/communication/include/communication/communication/msg/detail/motion_commands__type_support.h
[0.338s] -- Symlinking: /home/santosh/sp_ws/install/communication/include/communication/communication/msg/detail/touch_sensor__functions.h
[0.346s] -- Symlinking: /home/santosh/sp_ws/install/communication/include/communication/communication/msg/detail/touch_sensor__struct.h
[0.355s] -- Symlinking: /home/santosh/sp_ws/install/communication/include/communication/communication/msg/detail/touch_sensor__type_support.h
[0.361s] -- Symlinking: /home/santosh/sp_ws/install/communication/include/communication/communication/msg/motion_commands.h
[0.367s] -- Symlinking: /home/santosh/sp_ws/install/communication/include/communication/communication/msg/rosidl_generator_c__visibility_control.h
[0.374s] -- Symlinking: /home/santosh/sp_ws/install/communication/include/communication/communication/msg/touch_sensor.h
[0.382s] -- Symlinking: /home/santosh/sp_ws/install/communication/include/communication/communication/srv/detail/gait_switch__functions.h
[0.390s] -- Symlinking: /home/santosh/sp_ws/install/communication/include/communication/communication/srv/detail/gait_switch__struct.h
[0.397s] -- Symlinking: /home/santosh/sp_ws/install/communication/include/communication/communication/srv/detail/gait_switch__type_support.h
[0.404s] -- Symlinking: /home/santosh/sp_ws/install/communication/include/communication/communication/srv/detail/simulation_reset__functions.h
[0.410s] -- Symlinking: /home/santosh/sp_ws/install/communication/include/communication/communication/srv/detail/simulation_reset__struct.h
[0.416s] -- Symlinking: /home/santosh/sp_ws/install/communication/include/communication/communication/srv/detail/simulation_reset__type_support.h
[0.423s] -- Symlinking: /home/santosh/sp_ws/install/communication/include/communication/communication/srv/gait_switch.h
[0.429s] -- Symlinking: /home/santosh/sp_ws/install/communication/include/communication/communication/srv/simulation_reset.h
[0.435s] -- Symlinking: /home/santosh/sp_ws/install/communication/share/communication/environment/library_path.sh
[0.441s] -- Symlinking: /home/santosh/sp_ws/install/communication/share/communication/environment/library_path.dsv
[0.448s] -- Symlinking: /home/santosh/sp_ws/install/communication/include/communication/communication/msg/detail/actuator_cmds__rosidl_typesupport_fastrtps_c.h
[0.454s] -- Symlinking: /home/santosh/sp_ws/install/communication/include/communication/communication/msg/detail/motion_commands__rosidl_typesupport_fastrtps_c.h
[0.463s] -- Symlinking: /home/santosh/sp_ws/install/communication/include/communication/communication/msg/detail/touch_sensor__rosidl_typesupport_fastrtps_c.h
[0.472s] -- Symlinking: /home/santosh/sp_ws/install/communication/include/communication/communication/msg/rosidl_typesupport_fastrtps_c__visibility_control.h
[0.480s] -- Symlinking: /home/santosh/sp_ws/install/communication/include/communication/communication/srv/detail/gait_switch__rosidl_typesupport_fastrtps_c.h
[0.488s] -- Symlinking: /home/santosh/sp_ws/install/communication/include/communication/communication/srv/detail/simulation_reset__rosidl_typesupport_fastrtps_c.h
[0.495s] -- Symlinking: /home/santosh/sp_ws/install/communication/include/communication/communication/msg/actuator_cmds.hpp
[0.504s] -- Symlinking: /home/santosh/sp_ws/install/communication/include/communication/communication/msg/detail/actuator_cmds__builder.hpp
[0.512s] -- Symlinking: /home/santosh/sp_ws/install/communication/include/communication/communication/msg/detail/actuator_cmds__struct.hpp
[0.521s] -- Symlinking: /home/santosh/sp_ws/install/communication/include/communication/communication/msg/detail/actuator_cmds__traits.hpp
[0.529s] -- Symlinking: /home/santosh/sp_ws/install/communication/include/communication/communication/msg/detail/actuator_cmds__type_support.hpp
[0.537s] -- Symlinking: /home/santosh/sp_ws/install/communication/include/communication/communication/msg/detail/motion_commands__builder.hpp
[0.546s] -- Symlinking: /home/santosh/sp_ws/install/communication/include/communication/communication/msg/detail/motion_commands__struct.hpp
[0.554s] -- Symlinking: /home/santosh/sp_ws/install/communication/include/communication/communication/msg/detail/motion_commands__traits.hpp
[0.562s] -- Symlinking: /home/santosh/sp_ws/install/communication/include/communication/communication/msg/detail/motion_commands__type_support.hpp
[0.569s] -- Symlinking: /home/santosh/sp_ws/install/communication/include/communication/communication/msg/detail/touch_sensor__builder.hpp
[0.576s] -- Symlinking: /home/santosh/sp_ws/install/communication/include/communication/communication/msg/detail/touch_sensor__struct.hpp
[0.583s] -- Symlinking: /home/santosh/sp_ws/install/communication/include/communication/communication/msg/detail/touch_sensor__traits.hpp
[0.592s] -- Symlinking: /home/santosh/sp_ws/install/communication/include/communication/communication/msg/detail/touch_sensor__type_support.hpp
[0.600s] -- Symlinking: /home/santosh/sp_ws/install/communication/include/communication/communication/msg/motion_commands.hpp
[0.607s] -- Symlinking: /home/santosh/sp_ws/install/communication/include/communication/communication/msg/rosidl_generator_cpp__visibility_control.hpp
[0.614s] -- Symlinking: /home/santosh/sp_ws/install/communication/include/communication/communication/msg/touch_sensor.hpp
[0.622s] -- Symlinking: /home/santosh/sp_ws/install/communication/include/communication/communication/srv/detail/gait_switch__builder.hpp
[0.629s] -- Symlinking: /home/santosh/sp_ws/install/communication/include/communication/communication/srv/detail/gait_switch__struct.hpp
[0.636s] -- Symlinking: /home/santosh/sp_ws/install/communication/include/communication/communication/srv/detail/gait_switch__traits.hpp
[0.645s] -- Symlinking: /home/santosh/sp_ws/install/communication/include/communication/communication/srv/detail/gait_switch__type_support.hpp
[0.654s] -- Symlinking: /home/santosh/sp_ws/install/communication/include/communication/communication/srv/detail/simulation_reset__builder.hpp
[0.661s] -- Symlinking: /home/santosh/sp_ws/install/communication/include/communication/communication/srv/detail/simulation_reset__struct.hpp
[0.669s] -- Symlinking: /home/santosh/sp_ws/install/communication/include/communication/communication/srv/detail/simulation_reset__traits.hpp
[0.675s] -- Symlinking: /home/santosh/sp_ws/install/communication/include/communication/communication/srv/detail/simulation_reset__type_support.hpp
[0.682s] -- Symlinking: /home/santosh/sp_ws/install/communication/include/communication/communication/srv/gait_switch.hpp
[0.691s] -- Symlinking: /home/santosh/sp_ws/install/communication/include/communication/communication/srv/simulation_reset.hpp
[0.698s] -- Symlinking: /home/santosh/sp_ws/install/communication/include/communication/communication/msg/detail/actuator_cmds__rosidl_typesupport_fastrtps_cpp.hpp
[0.704s] -- Symlinking: /home/santosh/sp_ws/install/communication/include/communication/communication/msg/detail/motion_commands__rosidl_typesupport_fastrtps_cpp.hpp
[0.711s] -- Symlinking: /home/santosh/sp_ws/install/communication/include/communication/communication/msg/detail/touch_sensor__rosidl_typesupport_fastrtps_cpp.hpp
[0.720s] -- Symlinking: /home/santosh/sp_ws/install/communication/include/communication/communication/msg/rosidl_typesupport_fastrtps_cpp__visibility_control.h
[0.725s] -- Symlinking: /home/santosh/sp_ws/install/communication/include/communication/communication/srv/detail/gait_switch__rosidl_typesupport_fastrtps_cpp.hpp
[0.733s] -- Symlinking: /home/santosh/sp_ws/install/communication/include/communication/communication/srv/detail/simulation_reset__rosidl_typesupport_fastrtps_cpp.hpp
[0.741s] -- Symlinking: /home/santosh/sp_ws/install/communication/include/communication/communication/msg/detail/actuator_cmds__rosidl_typesupport_introspection_c.h
[0.747s] -- Symlinking: /home/santosh/sp_ws/install/communication/include/communication/communication/msg/detail/motion_commands__rosidl_typesupport_introspection_c.h
[0.753s] -- Symlinking: /home/santosh/sp_ws/install/communication/include/communication/communication/msg/detail/touch_sensor__rosidl_typesupport_introspection_c.h
[0.758s] -- Symlinking: /home/santosh/sp_ws/install/communication/include/communication/communication/msg/rosidl_typesupport_introspection_c__visibility_control.h
[0.765s] -- Symlinking: /home/santosh/sp_ws/install/communication/include/communication/communication/srv/detail/gait_switch__rosidl_typesupport_introspection_c.h
[0.773s] -- Symlinking: /home/santosh/sp_ws/install/communication/include/communication/communication/srv/detail/simulation_reset__rosidl_typesupport_introspection_c.h
[0.782s] -- Symlinking: /home/santosh/sp_ws/install/communication/include/communication/communication/msg/detail/actuator_cmds__rosidl_typesupport_introspection_cpp.hpp
[0.788s] -- Symlinking: /home/santosh/sp_ws/install/communication/include/communication/communication/msg/detail/motion_commands__rosidl_typesupport_introspection_cpp.hpp
[0.796s] -- Symlinking: /home/santosh/sp_ws/install/communication/include/communication/communication/msg/detail/touch_sensor__rosidl_typesupport_introspection_cpp.hpp
[0.803s] -- Symlinking: /home/santosh/sp_ws/install/communication/include/communication/communication/srv/detail/gait_switch__rosidl_typesupport_introspection_cpp.hpp
[0.812s] -- Symlinking: /home/santosh/sp_ws/install/communication/include/communication/communication/srv/detail/simulation_reset__rosidl_typesupport_introspection_cpp.hpp
[0.821s] -- Symlinking: /home/santosh/sp_ws/install/communication/share/communication/environment/pythonpath.sh
[0.829s] -- Symlinking: /home/santosh/sp_ws/install/communication/share/communication/environment/pythonpath.dsv
[0.837s] -- Symlinking: /home/santosh/sp_ws/install/communication/local/lib/python3.10/dist-packages/communication-0.0.0-py3.10.egg-info/PKG-INFO
[0.845s] -- Symlinking: /home/santosh/sp_ws/install/communication/local/lib/python3.10/dist-packages/communication-0.0.0-py3.10.egg-info/SOURCES.txt
[0.851s] -- Symlinking: /home/santosh/sp_ws/install/communication/local/lib/python3.10/dist-packages/communication-0.0.0-py3.10.egg-info/dependency_links.txt
[0.857s] -- Symlinking: /home/santosh/sp_ws/install/communication/local/lib/python3.10/dist-packages/communication-0.0.0-py3.10.egg-info/top_level.txt
[0.866s] -- Symlinking: /home/santosh/sp_ws/install/communication/local/lib/python3.10/dist-packages/communication/__init__.py
[0.872s] -- Symlinking: /home/santosh/sp_ws/install/communication/local/lib/python3.10/dist-packages/communication/_communication_s.ep.rosidl_typesupport_c.c
[0.879s] -- Symlinking: /home/santosh/sp_ws/install/communication/local/lib/python3.10/dist-packages/communication/_communication_s.ep.rosidl_typesupport_fastrtps_c.c
[0.887s] -- Symlinking: /home/santosh/sp_ws/install/communication/local/lib/python3.10/dist-packages/communication/_communication_s.ep.rosidl_typesupport_introspection_c.c
[0.893s] -- Symlinking: /home/santosh/sp_ws/install/communication/local/lib/python3.10/dist-packages/communication/communication_s__rosidl_typesupport_c.cpython-310-x86_64-linux-gnu.so
[0.900s] -- Symlinking: /home/santosh/sp_ws/install/communication/local/lib/python3.10/dist-packages/communication/communication_s__rosidl_typesupport_fastrtps_c.cpython-310-x86_64-linux-gnu.so
[0.905s] -- Symlinking: /home/santosh/sp_ws/install/communication/local/lib/python3.10/dist-packages/communication/communication_s__rosidl_typesupport_introspection_c.cpython-310-x86_64-linux-gnu.so
[0.912s] -- Symlinking: /home/santosh/sp_ws/install/communication/local/lib/python3.10/dist-packages/communication/libcommunication__rosidl_generator_py.so
[0.919s] -- Symlinking: /home/santosh/sp_ws/install/communication/local/lib/python3.10/dist-packages/communication/msg/__init__.py
[0.925s] -- Symlinking: /home/santosh/sp_ws/install/communication/local/lib/python3.10/dist-packages/communication/msg/_actuator_cmds.py
[0.932s] -- Symlinking: /home/santosh/sp_ws/install/communication/local/lib/python3.10/dist-packages/communication/msg/_actuator_cmds_s.c
[0.939s] -- Symlinking: /home/santosh/sp_ws/install/communication/local/lib/python3.10/dist-packages/communication/msg/_motion_commands.py
[0.946s] -- Symlinking: /home/santosh/sp_ws/install/communication/local/lib/python3.10/dist-packages/communication/msg/_motion_commands_s.c
[0.952s] -- Symlinking: /home/santosh/sp_ws/install/communication/local/lib/python3.10/dist-packages/communication/msg/_touch_sensor.py
[0.958s] -- Symlinking: /home/santosh/sp_ws/install/communication/local/lib/python3.10/dist-packages/communication/msg/_touch_sensor_s.c
[0.965s] -- Symlinking: /home/santosh/sp_ws/install/communication/local/lib/python3.10/dist-packages/communication/srv/__init__.py
[0.973s] -- Symlinking: /home/santosh/sp_ws/install/communication/local/lib/python3.10/dist-packages/communication/srv/_gait_switch.py
[0.979s] -- Symlinking: /home/santosh/sp_ws/install/communication/local/lib/python3.10/dist-packages/communication/srv/_gait_switch_s.c
[0.985s] -- Symlinking: /home/santosh/sp_ws/install/communication/local/lib/python3.10/dist-packages/communication/srv/_simulation_reset.py
[0.993s] -- Symlinking: /home/santosh/sp_ws/install/communication/local/lib/python3.10/dist-packages/communication/srv/_simulation_reset_s.c
[1.000s] -- Up-to-date symlink: /home/santosh/sp_ws/install/communication/local/lib/python3.10/dist-packages/communication/communication_s__rosidl_typesupport_fastrtps_c.cpython-310-x86_64-linux-gnu.so
[1.000s] -- Up-to-date symlink: /home/santosh/sp_ws/install/communication/local/lib/python3.10/dist-packages/communication/communication_s__rosidl_typesupport_introspection_c.cpython-310-x86_64-linux-gnu.so
[1.000s] -- Up-to-date symlink: /home/santosh/sp_ws/install/communication/local/lib/python3.10/dist-packages/communication/communication_s__rosidl_typesupport_c.cpython-310-x86_64-linux-gnu.so
[1.000s] -- Symlinking: /home/santosh/sp_ws/install/communication/share/communication/msg/ActuatorCmds.idl
[1.008s] -- Symlinking: /home/santosh/sp_ws/install/communication/share/communication/msg/MotionCommands.idl
[1.019s] -- Symlinking: /home/santosh/sp_ws/install/communication/share/communication/msg/TouchSensor.idl
[1.029s] -- Symlinking: /home/santosh/sp_ws/install/communication/share/communication/srv/SimulationReset.idl
[1.039s] -- Symlinking: /home/santosh/sp_ws/install/communication/share/communication/srv/GaitSwitch.idl
[1.046s] -- Symlinking: /home/santosh/sp_ws/install/communication/share/communication/msg/ActuatorCmds.msg
[1.053s] -- Symlinking: /home/santosh/sp_ws/install/communication/share/communication/msg/MotionCommands.msg
[1.063s] -- Symlinking: /home/santosh/sp_ws/install/communication/share/communication/msg/TouchSensor.msg
[1.070s] -- Symlinking: /home/santosh/sp_ws/install/communication/share/communication/srv/SimulationReset.srv
[1.079s] -- Symlinking: /home/santosh/sp_ws/install/communication/share/communication/srv/SimulationReset_Request.msg
[1.089s] -- Symlinking: /home/santosh/sp_ws/install/communication/share/communication/srv/SimulationReset_Response.msg
[1.096s] -- Symlinking: /home/santosh/sp_ws/install/communication/share/communication/srv/GaitSwitch.srv
[1.103s] -- Symlinking: /home/santosh/sp_ws/install/communication/share/communication/srv/GaitSwitch_Request.msg
[1.110s] -- Symlinking: /home/santosh/sp_ws/install/communication/share/communication/srv/GaitSwitch_Response.msg
[1.117s] -- Symlinking: /home/santosh/sp_ws/install/communication/share/ament_index/resource_index/package_run_dependencies/communication
[1.124s] -- Symlinking: /home/santosh/sp_ws/install/communication/share/ament_index/resource_index/parent_prefix_path/communication
[1.131s] -- Symlinking: /home/santosh/sp_ws/install/communication/share/communication/environment/ament_prefix_path.sh
[1.138s] -- Symlinking: /home/santosh/sp_ws/install/communication/share/communication/environment/ament_prefix_path.dsv
[1.145s] -- Symlinking: /home/santosh/sp_ws/install/communication/share/communication/environment/path.sh
[1.155s] -- Symlinking: /home/santosh/sp_ws/install/communication/share/communication/environment/path.dsv
[1.162s] -- Symlinking: /home/santosh/sp_ws/install/communication/share/communication/local_setup.bash
[1.170s] -- Symlinking: /home/santosh/sp_ws/install/communication/share/communication/local_setup.sh
[1.179s] -- Symlinking: /home/santosh/sp_ws/install/communication/share/communication/local_setup.zsh
[1.187s] -- Symlinking: /home/santosh/sp_ws/install/communication/share/communication/local_setup.dsv
[1.194s] -- Symlinking: /home/santosh/sp_ws/install/communication/share/communication/package.dsv
[1.201s] -- Symlinking: /home/santosh/sp_ws/install/communication/share/ament_index/resource_index/packages/communication
[1.212s] -- Symlinking: /home/santosh/sp_ws/install/communication/share/communication/cmake/rosidl_cmake-extras.cmake
[1.221s] -- Symlinking: /home/santosh/sp_ws/install/communication/share/communication/cmake/ament_cmake_export_dependencies-extras.cmake
[1.232s] -- Symlinking: /home/santosh/sp_ws/install/communication/share/communication/cmake/ament_cmake_export_include_directories-extras.cmake
[1.242s] -- Symlinking: /home/santosh/sp_ws/install/communication/share/communication/cmake/ament_cmake_export_libraries-extras.cmake
[1.253s] -- Symlinking: /home/santosh/sp_ws/install/communication/share/communication/cmake/ament_cmake_export_targets-extras.cmake
[1.262s] -- Symlinking: /home/santosh/sp_ws/install/communication/share/communication/cmake/rosidl_cmake_export_typesupport_targets-extras.cmake
[1.272s] -- Symlinking: /home/santosh/sp_ws/install/communication/share/communication/cmake/rosidl_cmake_export_typesupport_libraries-extras.cmake
[1.282s] -- Symlinking: /home/santosh/sp_ws/install/communication/share/communication/cmake/communicationConfig.cmake
[1.290s] -- Symlinking: /home/santosh/sp_ws/install/communication/share/communication/cmake/communicationConfig-version.cmake
[1.300s] -- Symlinking: /home/santosh/sp_ws/install/communication/share/communication/package.xml
[1.310s] -- Installing: /home/santosh/sp_ws/install/communication/lib/libcommunication__rosidl_generator_c.so
[1.310s] -- Set runtime path of "/home/santosh/sp_ws/install/communication/lib/libcommunication__rosidl_generator_c.so" to ""
[1.310s] -- Installing: /home/santosh/sp_ws/install/communication/lib/libcommunication__rosidl_typesupport_fastrtps_c.so
[1.310s] -- Set runtime path of "/home/santosh/sp_ws/install/communication/lib/libcommunication__rosidl_typesupport_fastrtps_c.so" to ""
[1.310s] -- Installing: /home/santosh/sp_ws/install/communication/lib/libcommunication__rosidl_typesupport_fastrtps_cpp.so
[1.310s] -- Set runtime path of "/home/santosh/sp_ws/install/communication/lib/libcommunication__rosidl_typesupport_fastrtps_cpp.so" to ""
[1.310s] -- Installing: /home/santosh/sp_ws/install/communication/lib/libcommunication__rosidl_typesupport_introspection_c.so
[1.310s] -- Set runtime path of "/home/santosh/sp_ws/install/communication/lib/libcommunication__rosidl_typesupport_introspection_c.so" to ""
[1.310s] -- Installing: /home/santosh/sp_ws/install/communication/lib/libcommunication__rosidl_typesupport_c.so
[1.310s] -- Set runtime path of "/home/santosh/sp_ws/install/communication/lib/libcommunication__rosidl_typesupport_c.so" to ""
[1.310s] -- Installing: /home/santosh/sp_ws/install/communication/lib/libcommunication__rosidl_typesupport_introspection_cpp.so
[1.311s] -- Set runtime path of "/home/santosh/sp_ws/install/communication/lib/libcommunication__rosidl_typesupport_introspection_cpp.so" to ""
[1.311s] -- Installing: /home/santosh/sp_ws/install/communication/lib/libcommunication__rosidl_typesupport_cpp.so
[1.311s] -- Set runtime path of "/home/santosh/sp_ws/install/communication/lib/libcommunication__rosidl_typesupport_cpp.so" to ""
[1.346s] Listing '/home/santosh/sp_ws/install/communication/local/lib/python3.10/dist-packages/communication'...
[1.346s] Compiling '/home/santosh/sp_ws/install/communication/local/lib/python3.10/dist-packages/communication/__init__.py'...
[1.346s] Listing '/home/santosh/sp_ws/install/communication/local/lib/python3.10/dist-packages/communication/msg'...
[1.346s] Compiling '/home/santosh/sp_ws/install/communication/local/lib/python3.10/dist-packages/communication/msg/__init__.py'...
[1.346s] Compiling '/home/santosh/sp_ws/install/communication/local/lib/python3.10/dist-packages/communication/msg/_actuator_cmds.py'...
[1.346s] Compiling '/home/santosh/sp_ws/install/communication/local/lib/python3.10/dist-packages/communication/msg/_motion_commands.py'...
[1.346s] Compiling '/home/santosh/sp_ws/install/communication/local/lib/python3.10/dist-packages/communication/msg/_touch_sensor.py'...
[1.347s] Listing '/home/santosh/sp_ws/install/communication/local/lib/python3.10/dist-packages/communication/srv'...
[1.347s] Compiling '/home/santosh/sp_ws/install/communication/local/lib/python3.10/dist-packages/communication/srv/__init__.py'...
[1.347s] Compiling '/home/santosh/sp_ws/install/communication/local/lib/python3.10/dist-packages/communication/srv/_gait_switch.py'...
[1.347s] Compiling '/home/santosh/sp_ws/install/communication/local/lib/python3.10/dist-packages/communication/srv/_simulation_reset.py'...
[1.351s] -- Installing: /home/santosh/sp_ws/install/communication/lib/libcommunication__rosidl_generator_py.so
[1.351s] -- Set runtime path of "/home/santosh/sp_ws/install/communication/lib/libcommunication__rosidl_generator_py.so" to ""
[1.351s] -- Installing: /home/santosh/sp_ws/install/communication/share/communication/cmake/export_communication__rosidl_generator_cExport.cmake
[1.351s] -- Installing: /home/santosh/sp_ws/install/communication/share/communication/cmake/export_communication__rosidl_generator_cExport-noconfig.cmake
[1.351s] -- Installing: /home/santosh/sp_ws/install/communication/share/communication/cmake/export_communication__rosidl_typesupport_fastrtps_cExport.cmake
[1.351s] -- Installing: /home/santosh/sp_ws/install/communication/share/communication/cmake/export_communication__rosidl_typesupport_fastrtps_cExport-noconfig.cmake
[1.351s] -- Installing: /home/santosh/sp_ws/install/communication/share/communication/cmake/export_communication__rosidl_generator_cppExport.cmake
[1.351s] -- Installing: /home/santosh/sp_ws/install/communication/share/communication/cmake/export_communication__rosidl_typesupport_fastrtps_cppExport.cmake
[1.351s] -- Installing: /home/santosh/sp_ws/install/communication/share/communication/cmake/export_communication__rosidl_typesupport_fastrtps_cppExport-noconfig.cmake
[1.351s] -- Installing: /home/santosh/sp_ws/install/communication/share/communication/cmake/communication__rosidl_typesupport_introspection_cExport.cmake
[1.351s] -- Installing: /home/santosh/sp_ws/install/communication/share/communication/cmake/communication__rosidl_typesupport_introspection_cExport-noconfig.cmake
[1.351s] -- Installing: /home/santosh/sp_ws/install/communication/share/communication/cmake/communication__rosidl_typesupport_cExport.cmake
[1.351s] -- Installing: /home/santosh/sp_ws/install/communication/share/communication/cmake/communication__rosidl_typesupport_cExport-noconfig.cmake
[1.351s] -- Installing: /home/santosh/sp_ws/install/communication/share/communication/cmake/communication__rosidl_typesupport_introspection_cppExport.cmake
[1.351s] -- Installing: /home/santosh/sp_ws/install/communication/share/communication/cmake/communication__rosidl_typesupport_introspection_cppExport-noconfig.cmake
[1.351s] -- Installing: /home/santosh/sp_ws/install/communication/share/communication/cmake/communication__rosidl_typesupport_cppExport.cmake
[1.351s] -- Installing: /home/santosh/sp_ws/install/communication/share/communication/cmake/communication__rosidl_typesupport_cppExport-noconfig.cmake
[1.351s] -- Installing: /home/santosh/sp_ws/install/communication/share/communication/cmake/export_communication__rosidl_generator_pyExport.cmake
[1.352s] -- Installing: /home/santosh/sp_ws/install/communication/share/communication/cmake/export_communication__rosidl_generator_pyExport-noconfig.cmake
[1.353s] Invoked command in '/home/santosh/sp_ws/build/communication' returned '0': CMAKE_PREFIX_PATH=${CMAKE_PREFIX_PATH}:/home/santosh/sp_ws/install/cartographer_slam:/opt/ros/humble /usr/bin/cmake --install /home/santosh/sp_ws/build/communication
