[0.060s] DEBUG:colcon:Command line arguments: ['/usr/bin/colcon', 'build', '--symlink-install', '--packages-select', 'core']
[0.060s] DEBUG:colcon:Parsed command line arguments: Namespace(log_base=None, log_level=None, verb_name='build', build_base='build', install_base='install', merge_install=False, symlink_install=True, test_result_base=None, continue_on_error=False, executor='parallel', parallel_workers=12, event_handlers=None, ignore_user_meta=False, metas=['./colcon.meta'], base_paths=['.'], packages_ignore=None, packages_ignore_regex=None, paths=None, packages_up_to=None, packages_up_to_regex=None, packages_above=None, packages_above_and_dependencies=None, packages_above_depth=None, packages_select_by_dep=None, packages_skip_by_dep=None, packages_skip_up_to=None, packages_select_build_failed=False, packages_skip_build_finished=False, packages_select_test_failures=False, packages_skip_test_passed=False, packages_select=['core'], packages_skip=None, packages_select_regex=None, packages_skip_regex=None, packages_start=None, packages_end=None, allow_overriding=[], cmake_args=None, cmake_target=None, cmake_target_skip_unavailable=False, cmake_clean_cache=False, cmake_clean_first=False, cmake_force_configure=False, ament_cmake_args=None, catkin_cmake_args=None, catkin_skip_building_tests=False, verb_parser=<colcon_defaults.argument_parser.defaults.DefaultArgumentsDecorator object at 0x7e2851473760>, verb_extension=<colcon_core.verb.build.BuildVerb object at 0x7e2851473190>, main=<bound method BuildVerb.main of <colcon_core.verb.build.BuildVerb object at 0x7e2851473190>>)
[0.082s] Level 1:colcon.colcon_core.package_discovery:discover_packages(colcon_meta) check parameters
[0.082s] Level 1:colcon.colcon_core.package_discovery:discover_packages(recursive) check parameters
[0.082s] Level 1:colcon.colcon_core.package_discovery:discover_packages(ignore) check parameters
[0.082s] Level 1:colcon.colcon_core.package_discovery:discover_packages(path) check parameters
[0.082s] Level 1:colcon.colcon_core.package_discovery:discover_packages(colcon_meta) discover
[0.082s] Level 1:colcon.colcon_core.package_discovery:discover_packages(recursive) discover
[0.082s] INFO:colcon.colcon_core.package_discovery:Crawling recursively for packages in '/home/santosh/sp_ws'
[0.082s] Level 1:colcon.colcon_core.package_identification:_identify(.) by extensions ['ignore', 'ignore_ament_install']
[0.082s] Level 1:colcon.colcon_core.package_identification:_identify(.) by extension 'ignore'
[0.082s] Level 1:colcon.colcon_core.package_identification:_identify(.) by extension 'ignore_ament_install'
[0.082s] Level 1:colcon.colcon_core.package_identification:_identify(.) by extensions ['colcon_pkg']
[0.082s] Level 1:colcon.colcon_core.package_identification:_identify(.) by extension 'colcon_pkg'
[0.082s] Level 1:colcon.colcon_core.package_identification:_identify(.) by extensions ['colcon_meta']
[0.082s] Level 1:colcon.colcon_core.package_identification:_identify(.) by extension 'colcon_meta'
[0.082s] Level 1:colcon.colcon_core.package_identification:_identify(.) by extensions ['ros']
[0.082s] Level 1:colcon.colcon_core.package_identification:_identify(.) by extension 'ros'
[0.092s] Level 1:colcon.colcon_core.package_identification:_identify(.) by extensions ['cmake', 'python']
[0.092s] Level 1:colcon.colcon_core.package_identification:_identify(.) by extension 'cmake'
[0.092s] Level 1:colcon.colcon_core.package_identification:_identify(.) by extension 'python'
[0.092s] Level 1:colcon.colcon_core.package_identification:_identify(.) by extensions ['python_setup_py']
[0.092s] Level 1:colcon.colcon_core.package_identification:_identify(.) by extension 'python_setup_py'
[0.092s] Level 1:colcon.colcon_core.package_identification:_identify(build) by extensions ['ignore', 'ignore_ament_install']
[0.092s] Level 1:colcon.colcon_core.package_identification:_identify(build) by extension 'ignore'
[0.092s] Level 1:colcon.colcon_core.package_identification:_identify(build) ignored
[0.092s] Level 1:colcon.colcon_core.package_identification:_identify(install) by extensions ['ignore', 'ignore_ament_install']
[0.092s] Level 1:colcon.colcon_core.package_identification:_identify(install) by extension 'ignore'
[0.092s] Level 1:colcon.colcon_core.package_identification:_identify(install) ignored
[0.092s] Level 1:colcon.colcon_core.package_identification:_identify(log) by extensions ['ignore', 'ignore_ament_install']
[0.092s] Level 1:colcon.colcon_core.package_identification:_identify(log) by extension 'ignore'
[0.092s] Level 1:colcon.colcon_core.package_identification:_identify(log) ignored
[0.092s] Level 1:colcon.colcon_core.package_identification:_identify(src) by extensions ['ignore', 'ignore_ament_install']
[0.092s] Level 1:colcon.colcon_core.package_identification:_identify(src) by extension 'ignore'
[0.092s] Level 1:colcon.colcon_core.package_identification:_identify(src) by extension 'ignore_ament_install'
[0.092s] Level 1:colcon.colcon_core.package_identification:_identify(src) by extensions ['colcon_pkg']
[0.092s] Level 1:colcon.colcon_core.package_identification:_identify(src) by extension 'colcon_pkg'
[0.092s] Level 1:colcon.colcon_core.package_identification:_identify(src) by extensions ['colcon_meta']
[0.092s] Level 1:colcon.colcon_core.package_identification:_identify(src) by extension 'colcon_meta'
[0.092s] Level 1:colcon.colcon_core.package_identification:_identify(src) by extensions ['ros']
[0.092s] Level 1:colcon.colcon_core.package_identification:_identify(src) by extension 'ros'
[0.092s] Level 1:colcon.colcon_core.package_identification:_identify(src) by extensions ['cmake', 'python']
[0.092s] Level 1:colcon.colcon_core.package_identification:_identify(src) by extension 'cmake'
[0.092s] Level 1:colcon.colcon_core.package_identification:_identify(src) by extension 'python'
[0.092s] Level 1:colcon.colcon_core.package_identification:_identify(src) by extensions ['python_setup_py']
[0.092s] Level 1:colcon.colcon_core.package_identification:_identify(src) by extension 'python_setup_py'
[0.092s] Level 1:colcon.colcon_core.package_identification:_identify(src/cartographer_slam) by extensions ['ignore', 'ignore_ament_install']
[0.092s] Level 1:colcon.colcon_core.package_identification:_identify(src/cartographer_slam) by extension 'ignore'
[0.092s] Level 1:colcon.colcon_core.package_identification:_identify(src/cartographer_slam) by extension 'ignore_ament_install'
[0.092s] Level 1:colcon.colcon_core.package_identification:_identify(src/cartographer_slam) by extensions ['colcon_pkg']
[0.092s] Level 1:colcon.colcon_core.package_identification:_identify(src/cartographer_slam) by extension 'colcon_pkg'
[0.092s] Level 1:colcon.colcon_core.package_identification:_identify(src/cartographer_slam) by extensions ['colcon_meta']
[0.092s] Level 1:colcon.colcon_core.package_identification:_identify(src/cartographer_slam) by extension 'colcon_meta'
[0.093s] Level 1:colcon.colcon_core.package_identification:_identify(src/cartographer_slam) by extensions ['ros']
[0.093s] Level 1:colcon.colcon_core.package_identification:_identify(src/cartographer_slam) by extension 'ros'
[0.094s] DEBUG:colcon.colcon_core.package_identification:Package 'src/cartographer_slam' with type 'ros.ament_python' and name 'cartographer_slam'
[0.094s] Level 1:colcon.colcon_core.package_identification:_identify(src/communication) by extensions ['ignore', 'ignore_ament_install']
[0.094s] Level 1:colcon.colcon_core.package_identification:_identify(src/communication) by extension 'ignore'
[0.094s] Level 1:colcon.colcon_core.package_identification:_identify(src/communication) by extension 'ignore_ament_install'
[0.094s] Level 1:colcon.colcon_core.package_identification:_identify(src/communication) by extensions ['colcon_pkg']
[0.094s] Level 1:colcon.colcon_core.package_identification:_identify(src/communication) by extension 'colcon_pkg'
[0.094s] Level 1:colcon.colcon_core.package_identification:_identify(src/communication) by extensions ['colcon_meta']
[0.094s] Level 1:colcon.colcon_core.package_identification:_identify(src/communication) by extension 'colcon_meta'
[0.094s] Level 1:colcon.colcon_core.package_identification:_identify(src/communication) by extensions ['ros']
[0.094s] Level 1:colcon.colcon_core.package_identification:_identify(src/communication) by extension 'ros'
[0.095s] DEBUG:colcon.colcon_core.package_identification:Package 'src/communication' with type 'ros.ament_cmake' and name 'communication'
[0.095s] Level 1:colcon.colcon_core.package_identification:_identify(src/control_robo) by extensions ['ignore', 'ignore_ament_install']
[0.095s] Level 1:colcon.colcon_core.package_identification:_identify(src/control_robo) by extension 'ignore'
[0.095s] Level 1:colcon.colcon_core.package_identification:_identify(src/control_robo) by extension 'ignore_ament_install'
[0.095s] Level 1:colcon.colcon_core.package_identification:_identify(src/control_robo) by extensions ['colcon_pkg']
[0.095s] Level 1:colcon.colcon_core.package_identification:_identify(src/control_robo) by extension 'colcon_pkg'
[0.095s] Level 1:colcon.colcon_core.package_identification:_identify(src/control_robo) by extensions ['colcon_meta']
[0.095s] Level 1:colcon.colcon_core.package_identification:_identify(src/control_robo) by extension 'colcon_meta'
[0.095s] Level 1:colcon.colcon_core.package_identification:_identify(src/control_robo) by extensions ['ros']
[0.095s] Level 1:colcon.colcon_core.package_identification:_identify(src/control_robo) by extension 'ros'
[0.095s] DEBUG:colcon.colcon_core.package_identification:Package 'src/control_robo' with type 'ros.ament_cmake' and name 'control_robo'
[0.095s] Level 1:colcon.colcon_core.package_identification:_identify(src/core) by extensions ['ignore', 'ignore_ament_install']
[0.095s] Level 1:colcon.colcon_core.package_identification:_identify(src/core) by extension 'ignore'
[0.095s] Level 1:colcon.colcon_core.package_identification:_identify(src/core) by extension 'ignore_ament_install'
[0.095s] Level 1:colcon.colcon_core.package_identification:_identify(src/core) by extensions ['colcon_pkg']
[0.095s] Level 1:colcon.colcon_core.package_identification:_identify(src/core) by extension 'colcon_pkg'
[0.095s] Level 1:colcon.colcon_core.package_identification:_identify(src/core) by extensions ['colcon_meta']
[0.095s] Level 1:colcon.colcon_core.package_identification:_identify(src/core) by extension 'colcon_meta'
[0.095s] Level 1:colcon.colcon_core.package_identification:_identify(src/core) by extensions ['ros']
[0.095s] Level 1:colcon.colcon_core.package_identification:_identify(src/core) by extension 'ros'
[0.096s] DEBUG:colcon.colcon_core.package_identification:Package 'src/core' with type 'ros.ament_cmake' and name 'core'
[0.096s] Level 1:colcon.colcon_core.package_identification:_identify(src/description) by extensions ['ignore', 'ignore_ament_install']
[0.096s] Level 1:colcon.colcon_core.package_identification:_identify(src/description) by extension 'ignore'
[0.096s] Level 1:colcon.colcon_core.package_identification:_identify(src/description) by extension 'ignore_ament_install'
[0.096s] Level 1:colcon.colcon_core.package_identification:_identify(src/description) by extensions ['colcon_pkg']
[0.096s] Level 1:colcon.colcon_core.package_identification:_identify(src/description) by extension 'colcon_pkg'
[0.096s] Level 1:colcon.colcon_core.package_identification:_identify(src/description) by extensions ['colcon_meta']
[0.096s] Level 1:colcon.colcon_core.package_identification:_identify(src/description) by extension 'colcon_meta'
[0.096s] Level 1:colcon.colcon_core.package_identification:_identify(src/description) by extensions ['ros']
[0.096s] Level 1:colcon.colcon_core.package_identification:_identify(src/description) by extension 'ros'
[0.096s] DEBUG:colcon.colcon_core.package_identification:Package 'src/description' with type 'ros.ament_cmake' and name 'description'
[0.096s] Level 1:colcon.colcon_core.package_identification:_identify(src/ik_pkg) by extensions ['ignore', 'ignore_ament_install']
[0.096s] Level 1:colcon.colcon_core.package_identification:_identify(src/ik_pkg) by extension 'ignore'
[0.096s] Level 1:colcon.colcon_core.package_identification:_identify(src/ik_pkg) by extension 'ignore_ament_install'
[0.096s] Level 1:colcon.colcon_core.package_identification:_identify(src/ik_pkg) by extensions ['colcon_pkg']
[0.096s] Level 1:colcon.colcon_core.package_identification:_identify(src/ik_pkg) by extension 'colcon_pkg'
[0.096s] Level 1:colcon.colcon_core.package_identification:_identify(src/ik_pkg) by extensions ['colcon_meta']
[0.096s] Level 1:colcon.colcon_core.package_identification:_identify(src/ik_pkg) by extension 'colcon_meta'
[0.096s] Level 1:colcon.colcon_core.package_identification:_identify(src/ik_pkg) by extensions ['ros']
[0.097s] Level 1:colcon.colcon_core.package_identification:_identify(src/ik_pkg) by extension 'ros'
[0.097s] DEBUG:colcon.colcon_core.package_identification:Package 'src/ik_pkg' with type 'ros.ament_cmake' and name 'ik_pkg'
[0.097s] Level 1:colcon.colcon_core.package_identification:_identify(src/navigation) by extensions ['ignore', 'ignore_ament_install']
[0.097s] Level 1:colcon.colcon_core.package_identification:_identify(src/navigation) by extension 'ignore'
[0.097s] Level 1:colcon.colcon_core.package_identification:_identify(src/navigation) by extension 'ignore_ament_install'
[0.097s] Level 1:colcon.colcon_core.package_identification:_identify(src/navigation) by extensions ['colcon_pkg']
[0.097s] Level 1:colcon.colcon_core.package_identification:_identify(src/navigation) by extension 'colcon_pkg'
[0.097s] Level 1:colcon.colcon_core.package_identification:_identify(src/navigation) by extensions ['colcon_meta']
[0.097s] Level 1:colcon.colcon_core.package_identification:_identify(src/navigation) by extension 'colcon_meta'
[0.097s] Level 1:colcon.colcon_core.package_identification:_identify(src/navigation) by extensions ['ros']
[0.097s] Level 1:colcon.colcon_core.package_identification:_identify(src/navigation) by extension 'ros'
[0.097s] DEBUG:colcon.colcon_core.package_identification:Package 'src/navigation' with type 'ros.ament_cmake' and name 'navigation'
[0.097s] Level 1:colcon.colcon_core.package_identification:_identify(src/simulation) by extensions ['ignore', 'ignore_ament_install']
[0.097s] Level 1:colcon.colcon_core.package_identification:_identify(src/simulation) by extension 'ignore'
[0.098s] Level 1:colcon.colcon_core.package_identification:_identify(src/simulation) by extension 'ignore_ament_install'
[0.098s] Level 1:colcon.colcon_core.package_identification:_identify(src/simulation) by extensions ['colcon_pkg']
[0.098s] Level 1:colcon.colcon_core.package_identification:_identify(src/simulation) by extension 'colcon_pkg'
[0.098s] Level 1:colcon.colcon_core.package_identification:_identify(src/simulation) by extensions ['colcon_meta']
[0.098s] Level 1:colcon.colcon_core.package_identification:_identify(src/simulation) by extension 'colcon_meta'
[0.098s] Level 1:colcon.colcon_core.package_identification:_identify(src/simulation) by extensions ['ros']
[0.098s] Level 1:colcon.colcon_core.package_identification:_identify(src/simulation) by extension 'ros'
[0.098s] Level 1:colcon.colcon_core.package_identification:_identify(src/simulation) by extensions ['cmake', 'python']
[0.098s] Level 1:colcon.colcon_core.package_identification:_identify(src/simulation) by extension 'cmake'
[0.098s] Level 1:colcon.colcon_core.package_identification:_identify(src/simulation) by extension 'python'
[0.098s] Level 1:colcon.colcon_core.package_identification:_identify(src/simulation) by extensions ['python_setup_py']
[0.098s] Level 1:colcon.colcon_core.package_identification:_identify(src/simulation) by extension 'python_setup_py'
[0.098s] Level 1:colcon.colcon_core.package_identification:_identify(src/simulation/mujoco) by extensions ['ignore', 'ignore_ament_install']
[0.098s] Level 1:colcon.colcon_core.package_identification:_identify(src/simulation/mujoco) by extension 'ignore'
[0.098s] Level 1:colcon.colcon_core.package_identification:_identify(src/simulation/mujoco) by extension 'ignore_ament_install'
[0.098s] Level 1:colcon.colcon_core.package_identification:_identify(src/simulation/mujoco) by extensions ['colcon_pkg']
[0.098s] Level 1:colcon.colcon_core.package_identification:_identify(src/simulation/mujoco) by extension 'colcon_pkg'
[0.098s] Level 1:colcon.colcon_core.package_identification:_identify(src/simulation/mujoco) by extensions ['colcon_meta']
[0.098s] Level 1:colcon.colcon_core.package_identification:_identify(src/simulation/mujoco) by extension 'colcon_meta'
[0.098s] Level 1:colcon.colcon_core.package_identification:_identify(src/simulation/mujoco) by extensions ['ros']
[0.098s] Level 1:colcon.colcon_core.package_identification:_identify(src/simulation/mujoco) by extension 'ros'
[0.098s] DEBUG:colcon.colcon_core.package_identification:Package 'src/simulation/mujoco' with type 'ros.ament_cmake' and name 'mujoco'
[0.099s] Level 1:colcon.colcon_core.package_discovery:discover_packages(recursive) using defaults
[0.099s] Level 1:colcon.colcon_core.package_discovery:discover_packages(ignore) discover
[0.099s] Level 1:colcon.colcon_core.package_discovery:discover_packages(ignore) using defaults
[0.099s] Level 1:colcon.colcon_core.package_discovery:discover_packages(path) discover
[0.099s] Level 1:colcon.colcon_core.package_discovery:discover_packages(path) using defaults
[0.110s] INFO:colcon.colcon_core.package_selection:Skipping not selected package 'cartographer_slam' in 'src/cartographer_slam'
[0.110s] INFO:colcon.colcon_core.package_selection:Skipping not selected package 'communication' in 'src/communication'
[0.110s] INFO:colcon.colcon_core.package_selection:Skipping not selected package 'control_robo' in 'src/control_robo'
[0.110s] INFO:colcon.colcon_core.package_selection:Skipping not selected package 'description' in 'src/description'
[0.110s] INFO:colcon.colcon_core.package_selection:Skipping not selected package 'ik_pkg' in 'src/ik_pkg'
[0.110s] INFO:colcon.colcon_core.package_selection:Skipping not selected package 'navigation' in 'src/navigation'
[0.110s] INFO:colcon.colcon_core.package_selection:Skipping not selected package 'mujoco' in 'src/simulation/mujoco'
[0.111s] Level 1:colcon.colcon_core.package_discovery:discover_packages(prefix_path) check parameters
[0.111s] Level 1:colcon.colcon_core.package_discovery:discover_packages(prefix_path) discover
[0.111s] WARNING:colcon.colcon_ros.prefix_path.ament:The path '/home/santosh/sp_ws/install/navigation' in the environment variable AMENT_PREFIX_PATH doesn't exist
[0.111s] WARNING:colcon.colcon_ros.prefix_path.ament:The path '/home/santosh/sp_ws/install/mujoco' in the environment variable AMENT_PREFIX_PATH doesn't exist
[0.111s] WARNING:colcon.colcon_ros.prefix_path.ament:The path '/home/santosh/sp_ws/install/ik_pkg' in the environment variable AMENT_PREFIX_PATH doesn't exist
[0.111s] WARNING:colcon.colcon_ros.prefix_path.ament:The path '/home/santosh/sp_ws/install/description' in the environment variable AMENT_PREFIX_PATH doesn't exist
[0.111s] WARNING:colcon.colcon_ros.prefix_path.ament:The path '/home/santosh/sp_ws/install/core' in the environment variable AMENT_PREFIX_PATH doesn't exist
[0.111s] WARNING:colcon.colcon_ros.prefix_path.ament:The path '/home/santosh/sp_ws/install/control_robo' in the environment variable AMENT_PREFIX_PATH doesn't exist
[0.111s] WARNING:colcon.colcon_ros.prefix_path.ament:The path '/home/santosh/sp_ws/install/communication' in the environment variable AMENT_PREFIX_PATH doesn't exist
[0.111s] WARNING:colcon.colcon_ros.prefix_path.ament:The path '/home/santosh/sp_ws/install/cartographer_slam' in the environment variable AMENT_PREFIX_PATH doesn't exist
[0.111s] WARNING:colcon.colcon_ros.prefix_path.catkin:The path '/home/santosh/sp_ws/install/navigation' in the environment variable CMAKE_PREFIX_PATH doesn't exist
[0.111s] WARNING:colcon.colcon_ros.prefix_path.catkin:The path '/home/santosh/sp_ws/install/mujoco' in the environment variable CMAKE_PREFIX_PATH doesn't exist
[0.111s] WARNING:colcon.colcon_ros.prefix_path.catkin:The path '/home/santosh/sp_ws/install/ik_pkg' in the environment variable CMAKE_PREFIX_PATH doesn't exist
[0.111s] WARNING:colcon.colcon_ros.prefix_path.catkin:The path '/home/santosh/sp_ws/install/description' in the environment variable CMAKE_PREFIX_PATH doesn't exist
[0.111s] WARNING:colcon.colcon_ros.prefix_path.catkin:The path '/home/santosh/sp_ws/install/core' in the environment variable CMAKE_PREFIX_PATH doesn't exist
[0.111s] WARNING:colcon.colcon_ros.prefix_path.catkin:The path '/home/santosh/sp_ws/install/control_robo' in the environment variable CMAKE_PREFIX_PATH doesn't exist
[0.111s] WARNING:colcon.colcon_ros.prefix_path.catkin:The path '/home/santosh/sp_ws/install/communication' in the environment variable CMAKE_PREFIX_PATH doesn't exist
[0.112s] DEBUG:colcon.colcon_installed_package_information.package_discovery:Found 0 installed packages in /home/santosh/sp_ws/install
[0.113s] DEBUG:colcon.colcon_installed_package_information.package_discovery:Found 428 installed packages in /opt/ros/humble
[0.114s] Level 1:colcon.colcon_core.package_discovery:discover_packages(prefix_path) using defaults
[0.139s] Level 5:colcon.colcon_core.verb:set package 'core' build argument 'cmake_args' from command line to 'None'
[0.139s] Level 5:colcon.colcon_core.verb:set package 'core' build argument 'cmake_target' from command line to 'None'
[0.139s] Level 5:colcon.colcon_core.verb:set package 'core' build argument 'cmake_target_skip_unavailable' from command line to 'False'
[0.139s] Level 5:colcon.colcon_core.verb:set package 'core' build argument 'cmake_clean_cache' from command line to 'False'
[0.139s] Level 5:colcon.colcon_core.verb:set package 'core' build argument 'cmake_clean_first' from command line to 'False'
[0.139s] Level 5:colcon.colcon_core.verb:set package 'core' build argument 'cmake_force_configure' from command line to 'False'
[0.139s] Level 5:colcon.colcon_core.verb:set package 'core' build argument 'ament_cmake_args' from command line to 'None'
[0.139s] Level 5:colcon.colcon_core.verb:set package 'core' build argument 'catkin_cmake_args' from command line to 'None'
[0.139s] Level 5:colcon.colcon_core.verb:set package 'core' build argument 'catkin_skip_building_tests' from command line to 'False'
[0.139s] DEBUG:colcon.colcon_core.verb:Building package 'core' with the following arguments: {'ament_cmake_args': None, 'build_base': '/home/santosh/sp_ws/build/core', 'catkin_cmake_args': None, 'catkin_skip_building_tests': False, 'cmake_args': None, 'cmake_clean_cache': False, 'cmake_clean_first': False, 'cmake_force_configure': False, 'cmake_target': None, 'cmake_target_skip_unavailable': False, 'install_base': '/home/santosh/sp_ws/install/core', 'merge_install': False, 'path': '/home/santosh/sp_ws/src/core', 'symlink_install': True, 'test_result_base': None}
[0.140s] INFO:colcon.colcon_core.executor:Executing jobs using 'parallel' executor
[0.140s] DEBUG:colcon.colcon_parallel_executor.executor.parallel:run_until_complete
[0.140s] INFO:colcon.colcon_ros.task.ament_cmake.build:Building ROS package in '/home/santosh/sp_ws/src/core' with build type 'ament_cmake'
[0.141s] INFO:colcon.colcon_cmake.task.cmake.build:Building CMake package in '/home/santosh/sp_ws/src/core'
[0.142s] INFO:colcon.colcon_core.plugin_system:Skipping extension 'colcon_core.shell.bat': Not used on non-Windows systems
[0.142s] INFO:colcon.colcon_core.shell:Skip shell extension 'powershell' for command environment: Not usable outside of PowerShell
[0.142s] DEBUG:colcon.colcon_core.shell:Skip shell extension 'dsv' for command environment
[0.150s] DEBUG:colcon.colcon_core.event_handler.log_command:Invoking command in '/home/santosh/sp_ws/build/core': CMAKE_PREFIX_PATH=${CMAKE_PREFIX_PATH}:/home/santosh/sp_ws/install/cartographer_slam:/opt/ros/humble /usr/bin/cmake /home/santosh/sp_ws/src/core -DAMENT_CMAKE_SYMLINK_INSTALL=1 -DCMAKE_INSTALL_PREFIX=/home/santosh/sp_ws/install/core
[0.861s] DEBUG:colcon.colcon_core.event_handler.log_command:Invoked command in '/home/santosh/sp_ws/build/core' returned '0': CMAKE_PREFIX_PATH=${CMAKE_PREFIX_PATH}:/home/santosh/sp_ws/install/cartographer_slam:/opt/ros/humble /usr/bin/cmake /home/santosh/sp_ws/src/core -DAMENT_CMAKE_SYMLINK_INSTALL=1 -DCMAKE_INSTALL_PREFIX=/home/santosh/sp_ws/install/core
[0.862s] DEBUG:colcon.colcon_core.event_handler.log_command:Invoking command in '/home/santosh/sp_ws/build/core': CMAKE_PREFIX_PATH=${CMAKE_PREFIX_PATH}:/home/santosh/sp_ws/install/cartographer_slam:/opt/ros/humble /usr/bin/cmake --build /home/santosh/sp_ws/build/core -- -j12 -l12
[14.105s] DEBUG:colcon.colcon_core.event_handler.log_command:Invoked command in '/home/santosh/sp_ws/build/core' returned '0': CMAKE_PREFIX_PATH=${CMAKE_PREFIX_PATH}:/home/santosh/sp_ws/install/cartographer_slam:/opt/ros/humble /usr/bin/cmake --build /home/santosh/sp_ws/build/core -- -j12 -l12
[14.113s] DEBUG:colcon.colcon_core.event_handler.log_command:Invoking command in '/home/santosh/sp_ws/build/core': CMAKE_PREFIX_PATH=${CMAKE_PREFIX_PATH}:/home/santosh/sp_ws/install/cartographer_slam:/opt/ros/humble /usr/bin/cmake --install /home/santosh/sp_ws/build/core
[14.301s] Level 1:colcon.colcon_core.environment:create_environment_scripts_only(core)
[14.301s] DEBUG:colcon.colcon_core.event_handler.log_command:Invoked command in '/home/santosh/sp_ws/build/core' returned '0': CMAKE_PREFIX_PATH=${CMAKE_PREFIX_PATH}:/home/santosh/sp_ws/install/cartographer_slam:/opt/ros/humble /usr/bin/cmake --install /home/santosh/sp_ws/build/core
[14.302s] Level 1:colcon.colcon_core.environment:checking '/home/santosh/sp_ws/install/core' for CMake module files
[14.302s] Level 1:colcon.colcon_core.environment:checking '/home/santosh/sp_ws/install/core' for CMake config files
[14.302s] Level 1:colcon.colcon_core.shell:create_environment_hook('core', 'cmake_prefix_path')
[14.303s] INFO:colcon.colcon_core.shell:Creating environment hook '/home/santosh/sp_ws/install/core/share/core/hook/cmake_prefix_path.ps1'
[14.303s] INFO:colcon.colcon_core.shell:Creating environment descriptor '/home/santosh/sp_ws/install/core/share/core/hook/cmake_prefix_path.dsv'
[14.303s] INFO:colcon.colcon_core.shell:Creating environment hook '/home/santosh/sp_ws/install/core/share/core/hook/cmake_prefix_path.sh'
[14.304s] Level 1:colcon.colcon_core.environment:checking '/home/santosh/sp_ws/install/core/lib'
[14.304s] Level 1:colcon.colcon_core.shell:create_environment_hook('core', 'ld_library_path_lib')
[14.304s] INFO:colcon.colcon_core.shell:Creating environment hook '/home/santosh/sp_ws/install/core/share/core/hook/ld_library_path_lib.ps1'
[14.304s] INFO:colcon.colcon_core.shell:Creating environment descriptor '/home/santosh/sp_ws/install/core/share/core/hook/ld_library_path_lib.dsv'
[14.304s] INFO:colcon.colcon_core.shell:Creating environment hook '/home/santosh/sp_ws/install/core/share/core/hook/ld_library_path_lib.sh'
[14.304s] Level 1:colcon.colcon_core.environment:checking '/home/santosh/sp_ws/install/core/bin'
[14.304s] Level 1:colcon.colcon_core.environment:checking '/home/santosh/sp_ws/install/core/lib/pkgconfig/core.pc'
[14.304s] Level 1:colcon.colcon_core.environment:checking '/home/santosh/sp_ws/install/core/lib/python3.10/site-packages'
[14.305s] Level 1:colcon.colcon_core.environment:checking '/home/santosh/sp_ws/install/core/bin'
[14.305s] INFO:colcon.colcon_core.shell:Creating package script '/home/santosh/sp_ws/install/core/share/core/package.ps1'
[14.305s] INFO:colcon.colcon_core.shell:Creating package descriptor '/home/santosh/sp_ws/install/core/share/core/package.dsv'
[14.305s] INFO:colcon.colcon_core.shell:Creating package script '/home/santosh/sp_ws/install/core/share/core/package.sh'
[14.306s] INFO:colcon.colcon_core.shell:Creating package script '/home/santosh/sp_ws/install/core/share/core/package.bash'
[14.306s] INFO:colcon.colcon_core.shell:Creating package script '/home/santosh/sp_ws/install/core/share/core/package.zsh'
[14.306s] Level 1:colcon.colcon_core.environment:create_file_with_runtime_dependencies(/home/santosh/sp_ws/install/core/share/colcon-core/packages/core)
[14.307s] Level 1:colcon.colcon_core.environment:create_environment_scripts_only(core)
[14.307s] Level 1:colcon.colcon_core.environment:checking '/home/santosh/sp_ws/install/core' for CMake module files
[14.307s] Level 1:colcon.colcon_core.environment:checking '/home/santosh/sp_ws/install/core' for CMake config files
[14.307s] Level 1:colcon.colcon_core.shell:create_environment_hook('core', 'cmake_prefix_path')
[14.307s] INFO:colcon.colcon_core.shell:Creating environment hook '/home/santosh/sp_ws/install/core/share/core/hook/cmake_prefix_path.ps1'
[14.307s] INFO:colcon.colcon_core.shell:Creating environment descriptor '/home/santosh/sp_ws/install/core/share/core/hook/cmake_prefix_path.dsv'
[14.308s] INFO:colcon.colcon_core.shell:Creating environment hook '/home/santosh/sp_ws/install/core/share/core/hook/cmake_prefix_path.sh'
[14.308s] Level 1:colcon.colcon_core.environment:checking '/home/santosh/sp_ws/install/core/lib'
[14.308s] Level 1:colcon.colcon_core.shell:create_environment_hook('core', 'ld_library_path_lib')
[14.308s] INFO:colcon.colcon_core.shell:Creating environment hook '/home/santosh/sp_ws/install/core/share/core/hook/ld_library_path_lib.ps1'
[14.308s] INFO:colcon.colcon_core.shell:Creating environment descriptor '/home/santosh/sp_ws/install/core/share/core/hook/ld_library_path_lib.dsv'
[14.308s] INFO:colcon.colcon_core.shell:Creating environment hook '/home/santosh/sp_ws/install/core/share/core/hook/ld_library_path_lib.sh'
[14.309s] Level 1:colcon.colcon_core.environment:checking '/home/santosh/sp_ws/install/core/bin'
[14.309s] Level 1:colcon.colcon_core.environment:checking '/home/santosh/sp_ws/install/core/lib/pkgconfig/core.pc'
[14.309s] Level 1:colcon.colcon_core.environment:checking '/home/santosh/sp_ws/install/core/lib/python3.10/site-packages'
[14.309s] Level 1:colcon.colcon_core.environment:checking '/home/santosh/sp_ws/install/core/bin'
[14.309s] INFO:colcon.colcon_core.shell:Creating package script '/home/santosh/sp_ws/install/core/share/core/package.ps1'
[14.309s] INFO:colcon.colcon_core.shell:Creating package descriptor '/home/santosh/sp_ws/install/core/share/core/package.dsv'
[14.309s] INFO:colcon.colcon_core.shell:Creating package script '/home/santosh/sp_ws/install/core/share/core/package.sh'
[14.310s] INFO:colcon.colcon_core.shell:Creating package script '/home/santosh/sp_ws/install/core/share/core/package.bash'
[14.310s] INFO:colcon.colcon_core.shell:Creating package script '/home/santosh/sp_ws/install/core/share/core/package.zsh'
[14.310s] Level 1:colcon.colcon_core.environment:create_file_with_runtime_dependencies(/home/santosh/sp_ws/install/core/share/colcon-core/packages/core)
[14.310s] DEBUG:colcon.colcon_parallel_executor.executor.parallel:closing loop
[14.310s] DEBUG:colcon.colcon_parallel_executor.executor.parallel:loop closed
[14.310s] DEBUG:colcon.colcon_parallel_executor.executor.parallel:run_until_complete finished with '0'
[14.310s] DEBUG:colcon.colcon_core.event_reactor:joining thread
[14.319s] INFO:colcon.colcon_core.plugin_system:Skipping extension 'colcon_notification.desktop_notification.terminal_notifier': Not used on non-Darwin systems
[14.319s] INFO:colcon.colcon_core.plugin_system:Skipping extension 'colcon_notification.desktop_notification.win32': Not used on non-Windows systems
[14.319s] INFO:colcon.colcon_notification.desktop_notification:Sending desktop notification using 'notify2'
[14.330s] DEBUG:colcon.colcon_core.event_reactor:joined thread
[14.330s] INFO:colcon.colcon_core.shell:Creating prefix script '/home/santosh/sp_ws/install/local_setup.ps1'
[14.331s] INFO:colcon.colcon_core.shell:Creating prefix util module '/home/santosh/sp_ws/install/_local_setup_util_ps1.py'
[14.331s] INFO:colcon.colcon_core.shell:Creating prefix chain script '/home/santosh/sp_ws/install/setup.ps1'
[14.332s] INFO:colcon.colcon_core.shell:Creating prefix script '/home/santosh/sp_ws/install/local_setup.sh'
[14.332s] INFO:colcon.colcon_core.shell:Creating prefix util module '/home/santosh/sp_ws/install/_local_setup_util_sh.py'
[14.332s] INFO:colcon.colcon_core.shell:Creating prefix chain script '/home/santosh/sp_ws/install/setup.sh'
[14.333s] INFO:colcon.colcon_core.shell:Creating prefix script '/home/santosh/sp_ws/install/local_setup.bash'
[14.333s] INFO:colcon.colcon_core.shell:Creating prefix chain script '/home/santosh/sp_ws/install/setup.bash'
[14.334s] INFO:colcon.colcon_core.shell:Creating prefix script '/home/santosh/sp_ws/install/local_setup.zsh'
[14.334s] INFO:colcon.colcon_core.shell:Creating prefix chain script '/home/santosh/sp_ws/install/setup.zsh'
