[0.021s] Invoking command in '/home/santosh/sp_ws/build/communication': CMAKE_PREFIX_PATH=${CMAKE_PREFIX_PATH}:/home/santosh/sp_ws/install/cartographer_slam:/opt/ros/humble /usr/bin/cmake --build /home/santosh/sp_ws/build/communication -- -j12 -l12
[0.156s] [  1%] [34m[1mGenerating C code for ROS interfaces[0m
[0.156s] [  3%] [34m[1mGenerating C++ code for ROS interfaces[0m
[0.156s] [  3%] Built target ament_cmake_python_symlink_communication
[0.234s] running egg_info
[0.235s] creating communication.egg-info
[0.255s] writing communication.egg-info/PKG-INFO
[0.255s] writing dependency_links to communication.egg-info/dependency_links.txt
[0.256s] writing top-level names to communication.egg-info/top_level.txt
[0.256s] writing manifest file 'communication.egg-info/SOURCES.txt'
[0.314s] reading manifest file 'communication.egg-info/SOURCES.txt'
[0.315s] writing manifest file 'communication.egg-info/SOURCES.txt'
[0.345s] [  3%] Built target ament_cmake_python_build_communication_egg
[0.443s] [  4%] [32mBuilding C object CMakeFiles/communication__rosidl_generator_c.dir/rosidl_generator_c/communication/msg/detail/motion_commands__functions.c.o[0m
[0.443s] [  6%] [32mBuilding C object CMakeFiles/communication__rosidl_generator_c.dir/rosidl_generator_c/communication/msg/detail/touch_sensor__functions.c.o[0m
[0.443s] [  9%] [32mBuilding C object CMakeFiles/communication__rosidl_generator_c.dir/rosidl_generator_c/communication/srv/detail/simulation_reset__functions.c.o[0m
[0.443s] [  9%] [32mBuilding C object CMakeFiles/communication__rosidl_generator_c.dir/rosidl_generator_c/communication/srv/detail/gait_switch__functions.c.o[0m
[0.445s] [ 11%] [32mBuilding C object CMakeFiles/communication__rosidl_generator_c.dir/rosidl_generator_c/communication/msg/detail/actuator_cmds__functions.c.o[0m
[0.534s] [ 12%] [32m[1mLinking C shared library libcommunication__rosidl_generator_c.so[0m
[0.534s] [ 12%] Built target communication__cpp
[0.549s] [ 17%] [34m[1mGenerating C++ type support for eProsima Fast-RTPS[0m
[0.549s] [ 17%] [34m[1mGenerating C++ introspection for ROS interfaces[0m
[0.549s] [ 17%] [34m[1mGenerating C++ type support dispatch for ROS interfaces[0m
[0.588s] [ 17%] Built target communication__rosidl_generator_c
[0.604s] [ 19%] [34m[1mGenerating C introspection for ROS interfaces[0m
[0.604s] [ 22%] [34m[1mGenerating C type support dispatch for ROS interfaces[0m
[0.605s] [ 22%] [34m[1mGenerating C type support for eProsima Fast-RTPS[0m
[0.909s] [ 23%] [32mBuilding CXX object CMakeFiles/communication__rosidl_typesupport_cpp.dir/rosidl_typesupport_cpp/communication/msg/motion_commands__type_support.cpp.o[0m
[0.909s] [ 25%] [32mBuilding CXX object CMakeFiles/communication__rosidl_typesupport_cpp.dir/rosidl_typesupport_cpp/communication/srv/gait_switch__type_support.cpp.o[0m
[0.909s] [ 26%] [32mBuilding CXX object CMakeFiles/communication__rosidl_typesupport_cpp.dir/rosidl_typesupport_cpp/communication/msg/touch_sensor__type_support.cpp.o[0m
[0.909s] [ 28%] [32mBuilding CXX object CMakeFiles/communication__rosidl_typesupport_cpp.dir/rosidl_typesupport_cpp/communication/srv/simulation_reset__type_support.cpp.o[0m
[0.914s] [ 30%] [32mBuilding CXX object CMakeFiles/communication__rosidl_typesupport_cpp.dir/rosidl_typesupport_cpp/communication/msg/actuator_cmds__type_support.cpp.o[0m
[1.088s] [ 31%] [32mBuilding CXX object CMakeFiles/communication__rosidl_typesupport_c.dir/rosidl_typesupport_c/communication/msg/actuator_cmds__type_support.cpp.o[0m
[1.093s] [ 33%] [32mBuilding CXX object CMakeFiles/communication__rosidl_typesupport_c.dir/rosidl_typesupport_c/communication/msg/motion_commands__type_support.cpp.o[0m
[1.100s] [ 34%] [32mBuilding CXX object CMakeFiles/communication__rosidl_typesupport_c.dir/rosidl_typesupport_c/communication/msg/touch_sensor__type_support.cpp.o[0m
[1.141s] [ 36%] [32mBuilding CXX object CMakeFiles/communication__rosidl_typesupport_introspection_cpp.dir/rosidl_typesupport_introspection_cpp/communication/msg/detail/actuator_cmds__type_support.cpp.o[0m
[1.153s] [ 38%] [32mBuilding CXX object CMakeFiles/communication__rosidl_typesupport_c.dir/rosidl_typesupport_c/communication/srv/simulation_reset__type_support.cpp.o[0m
[1.162s] [ 39%] [32mBuilding CXX object CMakeFiles/communication__rosidl_typesupport_introspection_cpp.dir/rosidl_typesupport_introspection_cpp/communication/msg/detail/motion_commands__type_support.cpp.o[0m
[1.189s] [ 41%] [32mBuilding CXX object CMakeFiles/communication__rosidl_typesupport_c.dir/rosidl_typesupport_c/communication/srv/gait_switch__type_support.cpp.o[0m
[1.189s] [ 42%] [32mBuilding CXX object CMakeFiles/communication__rosidl_typesupport_introspection_cpp.dir/rosidl_typesupport_introspection_cpp/communication/msg/detail/touch_sensor__type_support.cpp.o[0m
[1.203s] [ 44%] [32mBuilding CXX object CMakeFiles/communication__rosidl_typesupport_introspection_cpp.dir/rosidl_typesupport_introspection_cpp/communication/srv/detail/simulation_reset__type_support.cpp.o[0m
[1.211s] [ 46%] [32mBuilding CXX object CMakeFiles/communication__rosidl_typesupport_introspection_cpp.dir/rosidl_typesupport_introspection_cpp/communication/srv/detail/gait_switch__type_support.cpp.o[0m
[1.231s] [ 47%] [32m[1mLinking CXX shared library libcommunication__rosidl_typesupport_c.so[0m
[1.235s] [ 49%] [32mBuilding C object CMakeFiles/communication__rosidl_typesupport_introspection_c.dir/rosidl_typesupport_introspection_c/communication/msg/detail/actuator_cmds__type_support.c.o[0m
[1.245s] [ 50%] [32mBuilding C object CMakeFiles/communication__rosidl_typesupport_introspection_c.dir/rosidl_typesupport_introspection_c/communication/msg/detail/motion_commands__type_support.c.o[0m
[1.245s] [ 52%] [32mBuilding C object CMakeFiles/communication__rosidl_typesupport_introspection_c.dir/rosidl_typesupport_introspection_c/communication/msg/detail/touch_sensor__type_support.c.o[0m
[1.253s] [ 53%] [32mBuilding CXX object CMakeFiles/communication__rosidl_typesupport_fastrtps_cpp.dir/rosidl_typesupport_fastrtps_cpp/communication/msg/detail/dds_fastrtps/actuator_cmds__type_support.cpp.o[0m
[1.269s] [ 55%] [32mBuilding CXX object CMakeFiles/communication__rosidl_typesupport_fastrtps_c.dir/rosidl_typesupport_fastrtps_c/communication/msg/detail/actuator_cmds__type_support_c.cpp.o[0m
[1.291s] [ 57%] [32m[1mLinking CXX shared library libcommunication__rosidl_typesupport_cpp.so[0m
[1.318s] [ 58%] [32mBuilding CXX object CMakeFiles/communication__rosidl_typesupport_fastrtps_cpp.dir/rosidl_typesupport_fastrtps_cpp/communication/msg/detail/dds_fastrtps/motion_commands__type_support.cpp.o[0m
[1.327s] [ 60%] [32mBuilding CXX object CMakeFiles/communication__rosidl_typesupport_fastrtps_cpp.dir/rosidl_typesupport_fastrtps_cpp/communication/msg/detail/dds_fastrtps/touch_sensor__type_support.cpp.o[0m
[1.328s] [ 61%] [32mBuilding C object CMakeFiles/communication__rosidl_typesupport_introspection_c.dir/rosidl_typesupport_introspection_c/communication/srv/detail/simulation_reset__type_support.c.o[0m
[1.332s] [ 61%] Built target communication__rosidl_typesupport_c
[1.349s] [ 63%] [32mBuilding CXX object CMakeFiles/communication__rosidl_typesupport_fastrtps_c.dir/rosidl_typesupport_fastrtps_c/communication/msg/detail/motion_commands__type_support_c.cpp.o[0m
[1.387s] [ 63%] Built target communication__rosidl_typesupport_cpp
[1.408s] [ 65%] [32mBuilding C object CMakeFiles/communication__rosidl_typesupport_introspection_c.dir/rosidl_typesupport_introspection_c/communication/srv/detail/gait_switch__type_support.c.o[0m
[1.413s] [ 66%] [32mBuilding CXX object CMakeFiles/communication__rosidl_typesupport_fastrtps_c.dir/rosidl_typesupport_fastrtps_c/communication/msg/detail/touch_sensor__type_support_c.cpp.o[0m
[1.496s] [ 68%] [32m[1mLinking C shared library libcommunication__rosidl_typesupport_introspection_c.so[0m
[1.585s] [ 69%] [32mBuilding CXX object CMakeFiles/communication__rosidl_typesupport_fastrtps_cpp.dir/rosidl_typesupport_fastrtps_cpp/communication/srv/detail/dds_fastrtps/simulation_reset__type_support.cpp.o[0m
[1.598s] [ 69%] Built target communication__rosidl_typesupport_introspection_c
[1.617s] [ 71%] [32mBuilding CXX object CMakeFiles/communication__rosidl_typesupport_fastrtps_c.dir/rosidl_typesupport_fastrtps_c/communication/srv/detail/simulation_reset__type_support_c.cpp.o[0m
[1.625s] [ 73%] [32mBuilding CXX object CMakeFiles/communication__rosidl_typesupport_fastrtps_c.dir/rosidl_typesupport_fastrtps_c/communication/srv/detail/gait_switch__type_support_c.cpp.o[0m
[1.732s] [ 74%] [32mBuilding CXX object CMakeFiles/communication__rosidl_typesupport_fastrtps_cpp.dir/rosidl_typesupport_fastrtps_cpp/communication/srv/detail/dds_fastrtps/gait_switch__type_support.cpp.o[0m
[1.833s] [ 76%] [32m[1mLinking CXX shared library libcommunication__rosidl_typesupport_introspection_cpp.so[0m
[1.939s] [ 76%] Built target communication__rosidl_typesupport_introspection_cpp
[2.017s] [ 77%] [32m[1mLinking CXX shared library libcommunication__rosidl_typesupport_fastrtps_c.so[0m
[2.060s] [ 79%] [32m[1mLinking CXX shared library libcommunication__rosidl_typesupport_fastrtps_cpp.so[0m
[2.105s] [ 79%] Built target communication__rosidl_typesupport_fastrtps_c
[2.133s] [ 79%] Built target communication__rosidl_typesupport_fastrtps_cpp
[2.157s] [ 79%] Built target communication
[2.183s] [ 80%] [34m[1mGenerating Python code for ROS interfaces[0m
[2.672s] [ 80%] Built target communication__py
[2.696s] [ 82%] [32mBuilding C object CMakeFiles/communication__rosidl_generator_py.dir/rosidl_generator_py/communication/srv/_simulation_reset_s.c.o[0m
[2.696s] [ 84%] [32mBuilding C object CMakeFiles/communication__rosidl_generator_py.dir/rosidl_generator_py/communication/msg/_motion_commands_s.c.o[0m
[2.697s] [ 85%] [32mBuilding C object CMakeFiles/communication__rosidl_generator_py.dir/rosidl_generator_py/communication/msg/_touch_sensor_s.c.o[0m
[2.698s] [ 87%] [32mBuilding C object CMakeFiles/communication__rosidl_generator_py.dir/rosidl_generator_py/communication/srv/_gait_switch_s.c.o[0m
[2.698s] [ 88%] [32mBuilding C object CMakeFiles/communication__rosidl_generator_py.dir/rosidl_generator_py/communication/msg/_actuator_cmds_s.c.o[0m
[2.830s] [ 90%] [32m[1mLinking C shared library rosidl_generator_py/communication/libcommunication__rosidl_generator_py.so[0m
[2.880s] [ 90%] Built target communication__rosidl_generator_py
[2.903s] [ 92%] [32mBuilding C object CMakeFiles/communication__rosidl_typesupport_introspection_c__pyext.dir/rosidl_generator_py/communication/_communication_s.ep.rosidl_typesupport_introspection_c.c.o[0m
[2.904s] [ 93%] [32mBuilding C object CMakeFiles/communication__rosidl_typesupport_c__pyext.dir/rosidl_generator_py/communication/_communication_s.ep.rosidl_typesupport_c.c.o[0m
[2.906s] [ 95%] [32mBuilding C object CMakeFiles/communication__rosidl_typesupport_fastrtps_c__pyext.dir/rosidl_generator_py/communication/_communication_s.ep.rosidl_typesupport_fastrtps_c.c.o[0m
[2.999s] [ 96%] [32m[1mLinking C shared library rosidl_generator_py/communication/communication_s__rosidl_typesupport_introspection_c.cpython-310-x86_64-linux-gnu.so[0m
[3.001s] [ 98%] [32m[1mLinking C shared library rosidl_generator_py/communication/communication_s__rosidl_typesupport_fastrtps_c.cpython-310-x86_64-linux-gnu.so[0m
[3.025s] [100%] [32m[1mLinking C shared library rosidl_generator_py/communication/communication_s__rosidl_typesupport_c.cpython-310-x86_64-linux-gnu.so[0m
[3.036s] [100%] Built target communication__rosidl_typesupport_introspection_c__pyext
[3.042s] [100%] Built target communication__rosidl_typesupport_fastrtps_c__pyext
[3.061s] [100%] Built target communication__rosidl_typesupport_c__pyext
