[0.138s] Invoking command in '/home/santosh/sp_ws/build/description': CMAKE_PREFIX_PATH=${CMAKE_PREFIX_PATH}:/home/santosh/sp_ws/install/cartographer_slam:/opt/ros/humble /usr/bin/cmake /home/santosh/sp_ws/src/description -DAMENT_CMAKE_SYMLINK_INSTALL=1 -DCMAKE_INSTALL_PREFIX=/home/santosh/sp_ws/install/description
[0.197s] -- The C compiler identification is GNU 11.4.0
[0.245s] -- The CXX compiler identification is GNU 11.4.0
[0.253s] -- Detecting C compiler ABI info
[0.315s] -- Detecting C compiler ABI info - done
[0.320s] -- Check for working C compiler: /usr/bin/cc - skipped
[0.320s] -- Detecting C compile features
[0.320s] -- Detecting C compile features - done
[0.322s] -- Detecting CXX compiler ABI info
[0.400s] -- Detecting CXX compiler ABI info - done
[0.409s] -- Check for working CXX compiler: /usr/bin/c++ - skipped
[0.409s] -- Detecting CXX compile features
[0.409s] -- Detecting CXX compile features - done
[0.412s] -- Found ament_cmake: 1.3.11 (/opt/ros/humble/share/ament_cmake/cmake)
[0.722s] -- Found Python3: /usr/bin/python3 (found version "3.10.12") found components: Interpreter 
[0.767s] -- Override CMake install command with custom implementation using symlinks instead of copying resources
[0.794s] -- Found core: 0.0.0 (/home/santosh/sp_ws/install/core/share/core/cmake)
[0.818s] -- Found ament_lint_auto: 0.12.11 (/opt/ros/humble/share/ament_lint_auto/cmake)
[0.874s] -- Added test 'lint_cmake' to check CMake code style
[0.876s] -- Added test 'xmllint' to check XML markup files
[0.876s] -- Configuring done
[0.878s] -- Generating done
[0.879s] -- Build files have been written to: /home/santosh/sp_ws/build/description
[0.884s] Invoked command in '/home/santosh/sp_ws/build/description' returned '0': CMAKE_PREFIX_PATH=${CMAKE_PREFIX_PATH}:/home/santosh/sp_ws/install/cartographer_slam:/opt/ros/humble /usr/bin/cmake /home/santosh/sp_ws/src/description -DAMENT_CMAKE_SYMLINK_INSTALL=1 -DCMAKE_INSTALL_PREFIX=/home/santosh/sp_ws/install/description
[0.886s] Invoking command in '/home/santosh/sp_ws/build/description': CMAKE_PREFIX_PATH=${CMAKE_PREFIX_PATH}:/home/santosh/sp_ws/install/cartographer_slam:/opt/ros/humble /usr/bin/cmake --build /home/santosh/sp_ws/build/description -- -j12 -l12
[0.924s] Invoked command in '/home/santosh/sp_ws/build/description' returned '0': CMAKE_PREFIX_PATH=${CMAKE_PREFIX_PATH}:/home/santosh/sp_ws/install/cartographer_slam:/opt/ros/humble /usr/bin/cmake --build /home/santosh/sp_ws/build/description -- -j12 -l12
[0.926s] Invoking command in '/home/santosh/sp_ws/build/description': CMAKE_PREFIX_PATH=${CMAKE_PREFIX_PATH}:/home/santosh/sp_ws/install/cartographer_slam:/opt/ros/humble /usr/bin/cmake --install /home/santosh/sp_ws/build/description
[0.931s] -- Install configuration: ""
[0.931s] -- Execute custom install script
[0.932s] -- Symlinking: /home/santosh/sp_ws/install/description/share/description/model/urdf/spot_mini/meshes/base.obj
[0.942s] -- Symlinking: /home/santosh/sp_ws/install/description/share/description/model/urdf/spot_mini/meshes/body.dae
[0.951s] -- Symlinking: /home/santosh/sp_ws/install/description/share/description/model/urdf/spot_mini/meshes/body_collision.stl
[0.961s] -- Symlinking: /home/santosh/sp_ws/install/description/share/description/model/urdf/spot_mini/meshes/fl.hip.obj
[0.969s] -- Symlinking: /home/santosh/sp_ws/install/description/share/description/model/urdf/spot_mini/meshes/fl.lleg.obj
[0.978s] -- Symlinking: /home/santosh/sp_ws/install/description/share/description/model/urdf/spot_mini/meshes/fl.uleg.obj
[0.985s] -- Symlinking: /home/santosh/sp_ws/install/description/share/description/model/urdf/spot_mini/meshes/fr.hip.obj
[0.996s] -- Symlinking: /home/santosh/sp_ws/install/description/share/description/model/urdf/spot_mini/meshes/fr.lleg.obj
[1.004s] -- Symlinking: /home/santosh/sp_ws/install/description/share/description/model/urdf/spot_mini/meshes/fr.uleg.obj
[1.012s] -- Symlinking: /home/santosh/sp_ws/install/description/share/description/model/urdf/spot_mini/meshes/front_left_hip.dae
[1.019s] -- Symlinking: /home/santosh/sp_ws/install/description/share/description/model/urdf/spot_mini/meshes/front_left_hip_collision.stl
[1.030s] -- Symlinking: /home/santosh/sp_ws/install/description/share/description/model/urdf/spot_mini/meshes/front_left_lower_leg.dae
[1.040s] -- Symlinking: /home/santosh/sp_ws/install/description/share/description/model/urdf/spot_mini/meshes/front_left_lower_leg_collision.stl
[1.048s] -- Symlinking: /home/santosh/sp_ws/install/description/share/description/model/urdf/spot_mini/meshes/front_left_upper_leg.dae
[1.058s] -- Symlinking: /home/santosh/sp_ws/install/description/share/description/model/urdf/spot_mini/meshes/front_left_upper_leg_collision.stl
[1.068s] -- Symlinking: /home/santosh/sp_ws/install/description/share/description/model/urdf/spot_mini/meshes/front_right_hip.dae
[1.075s] -- Symlinking: /home/santosh/sp_ws/install/description/share/description/model/urdf/spot_mini/meshes/front_right_hip_collision.stl
[1.082s] -- Symlinking: /home/santosh/sp_ws/install/description/share/description/model/urdf/spot_mini/meshes/front_right_lower_leg.dae
[1.089s] -- Symlinking: /home/santosh/sp_ws/install/description/share/description/model/urdf/spot_mini/meshes/front_right_lower_leg_collision.stl
[1.097s] -- Symlinking: /home/santosh/sp_ws/install/description/share/description/model/urdf/spot_mini/meshes/front_right_upper_leg.dae
[1.104s] -- Symlinking: /home/santosh/sp_ws/install/description/share/description/model/urdf/spot_mini/meshes/front_right_upper_leg_collision.stl
[1.112s] -- Symlinking: /home/santosh/sp_ws/install/description/share/description/model/urdf/spot_mini/meshes/hl.hip.obj
[1.121s] -- Symlinking: /home/santosh/sp_ws/install/description/share/description/model/urdf/spot_mini/meshes/hl.lleg.obj
[1.129s] -- Symlinking: /home/santosh/sp_ws/install/description/share/description/model/urdf/spot_mini/meshes/hl.uleg.obj
[1.137s] -- Symlinking: /home/santosh/sp_ws/install/description/share/description/model/urdf/spot_mini/meshes/hr.hip.obj
[1.143s] -- Symlinking: /home/santosh/sp_ws/install/description/share/description/model/urdf/spot_mini/meshes/hr.lleg.obj
[1.153s] -- Symlinking: /home/santosh/sp_ws/install/description/share/description/model/urdf/spot_mini/meshes/hr.uleg.obj
[1.162s] -- Symlinking: /home/santosh/sp_ws/install/description/share/description/model/urdf/spot_mini/meshes/lidar_mount.dae
[1.171s] -- Symlinking: /home/santosh/sp_ws/install/description/share/description/model/urdf/spot_mini/meshes/lidar_mount_collision.stl
[1.177s] -- Symlinking: /home/santosh/sp_ws/install/description/share/description/model/urdf/spot_mini/meshes/my_world.world
[1.183s] -- Symlinking: /home/santosh/sp_ws/install/description/share/description/model/urdf/spot_mini/meshes/pack_body.dae
[1.192s] -- Symlinking: /home/santosh/sp_ws/install/description/share/description/model/urdf/spot_mini/meshes/pack_top.dae
[1.200s] -- Symlinking: /home/santosh/sp_ws/install/description/share/description/model/urdf/spot_mini/meshes/rear_left_hip.dae
[1.207s] -- Symlinking: /home/santosh/sp_ws/install/description/share/description/model/urdf/spot_mini/meshes/rear_left_hip_collision.stl
[1.213s] -- Symlinking: /home/santosh/sp_ws/install/description/share/description/model/urdf/spot_mini/meshes/rear_left_lower_leg.dae
[1.222s] -- Symlinking: /home/santosh/sp_ws/install/description/share/description/model/urdf/spot_mini/meshes/rear_left_lower_leg_collision.stl
[1.228s] -- Symlinking: /home/santosh/sp_ws/install/description/share/description/model/urdf/spot_mini/meshes/rear_left_upper_leg.dae
[1.235s] -- Symlinking: /home/santosh/sp_ws/install/description/share/description/model/urdf/spot_mini/meshes/rear_left_upper_leg_collision.stl
[1.241s] -- Symlinking: /home/santosh/sp_ws/install/description/share/description/model/urdf/spot_mini/meshes/rear_right_hip.dae
[1.248s] -- Symlinking: /home/santosh/sp_ws/install/description/share/description/model/urdf/spot_mini/meshes/rear_right_hip_collision.stl
[1.254s] -- Symlinking: /home/santosh/sp_ws/install/description/share/description/model/urdf/spot_mini/meshes/rear_right_lower_leg.dae
[1.260s] -- Symlinking: /home/santosh/sp_ws/install/description/share/description/model/urdf/spot_mini/meshes/rear_right_lower_leg_collision.stl
[1.267s] -- Symlinking: /home/santosh/sp_ws/install/description/share/description/model/urdf/spot_mini/meshes/rear_right_upper_leg.dae
[1.273s] -- Symlinking: /home/santosh/sp_ws/install/description/share/description/model/urdf/spot_mini/meshes/rear_right_upper_leg_collision.stl
[1.282s] -- Symlinking: /home/santosh/sp_ws/install/description/share/description/model/urdf/spot_mini/meshes/spot_mat.png
[1.289s] -- Symlinking: /home/santosh/sp_ws/install/description/share/description/model/urdf/spot_mini/meshes/velo.dae
[1.299s] -- Symlinking: /home/santosh/sp_ws/install/description/share/description/model/urdf/spot_mini/meshes/velo_collision.stl
[1.306s] -- Symlinking: /home/santosh/sp_ws/install/description/share/description/model/urdf/spot_mini/meshes/velodyne_cage.stl
[1.313s] -- Symlinking: /home/santosh/sp_ws/install/description/share/description/model/urdf/spot_mini/model.urdf
[1.319s] -- Symlinking: /home/santosh/sp_ws/install/description/share/description/model/xml/spot_mini/meshes/base.obj
[1.326s] -- Symlinking: /home/santosh/sp_ws/install/description/share/description/model/xml/spot_mini/meshes/body.obj
[1.332s] -- Symlinking: /home/santosh/sp_ws/install/description/share/description/model/xml/spot_mini/meshes/fr.hip.obj
[1.339s] -- Symlinking: /home/santosh/sp_ws/install/description/share/description/model/xml/spot_mini/meshes/fr.lleg.obj
[1.347s] -- Symlinking: /home/santosh/sp_ws/install/description/share/description/model/xml/spot_mini/meshes/fr.uleg.obj
[1.353s] -- Symlinking: /home/santosh/sp_ws/install/description/share/description/model/xml/spot_mini/meshes/hip.obj
[1.360s] -- Symlinking: /home/santosh/sp_ws/install/description/share/description/model/xml/spot_mini/meshes/hl.hip.obj
[1.366s] -- Symlinking: /home/santosh/sp_ws/install/description/share/description/model/xml/spot_mini/meshes/hl.lleg.obj
[1.374s] -- Symlinking: /home/santosh/sp_ws/install/description/share/description/model/xml/spot_mini/meshes/hl.uleg.obj
[1.383s] -- Symlinking: /home/santosh/sp_ws/install/description/share/description/model/xml/spot_mini/meshes/hr.hip.obj
[1.393s] -- Symlinking: /home/santosh/sp_ws/install/description/share/description/model/xml/spot_mini/meshes/hr.lleg.obj
[1.399s] -- Symlinking: /home/santosh/sp_ws/install/description/share/description/model/xml/spot_mini/meshes/hr.uleg.obj
[1.408s] -- Symlinking: /home/santosh/sp_ws/install/description/share/description/model/xml/spot_mini/meshes/lleg.obj
[1.415s] -- Symlinking: /home/santosh/sp_ws/install/description/share/description/model/xml/spot_mini/meshes/uleg.obj
[1.424s] -- Symlinking: /home/santosh/sp_ws/install/description/share/description/model/xml/spot_mini/spot_mat.png
[1.431s] -- Symlinking: /home/santosh/sp_ws/install/description/share/description/model/xml/spot_mini/spot_mini.xml
[1.439s] -- Up-to-date symlink: /home/santosh/sp_ws/install/description/share/description//model/urdf/spot_mini/meshes/base.obj
[1.439s] -- Up-to-date symlink: /home/santosh/sp_ws/install/description/share/description//model/urdf/spot_mini/meshes/body.dae
[1.439s] -- Up-to-date symlink: /home/santosh/sp_ws/install/description/share/description//model/urdf/spot_mini/meshes/body_collision.stl
[1.439s] -- Up-to-date symlink: /home/santosh/sp_ws/install/description/share/description//model/urdf/spot_mini/meshes/fl.hip.obj
[1.439s] -- Up-to-date symlink: /home/santosh/sp_ws/install/description/share/description//model/urdf/spot_mini/meshes/fl.lleg.obj
[1.439s] -- Up-to-date symlink: /home/santosh/sp_ws/install/description/share/description//model/urdf/spot_mini/meshes/fl.uleg.obj
[1.439s] -- Up-to-date symlink: /home/santosh/sp_ws/install/description/share/description//model/urdf/spot_mini/meshes/fr.hip.obj
[1.439s] -- Up-to-date symlink: /home/santosh/sp_ws/install/description/share/description//model/urdf/spot_mini/meshes/fr.lleg.obj
[1.439s] -- Up-to-date symlink: /home/santosh/sp_ws/install/description/share/description//model/urdf/spot_mini/meshes/fr.uleg.obj
[1.439s] -- Up-to-date symlink: /home/santosh/sp_ws/install/description/share/description//model/urdf/spot_mini/meshes/front_left_hip.dae
[1.439s] -- Up-to-date symlink: /home/santosh/sp_ws/install/description/share/description//model/urdf/spot_mini/meshes/front_left_hip_collision.stl
[1.439s] -- Up-to-date symlink: /home/santosh/sp_ws/install/description/share/description//model/urdf/spot_mini/meshes/front_left_lower_leg.dae
[1.439s] -- Up-to-date symlink: /home/santosh/sp_ws/install/description/share/description//model/urdf/spot_mini/meshes/front_left_lower_leg_collision.stl
[1.439s] -- Up-to-date symlink: /home/santosh/sp_ws/install/description/share/description//model/urdf/spot_mini/meshes/front_left_upper_leg.dae
[1.440s] -- Up-to-date symlink: /home/santosh/sp_ws/install/description/share/description//model/urdf/spot_mini/meshes/front_left_upper_leg_collision.stl
[1.440s] -- Up-to-date symlink: /home/santosh/sp_ws/install/description/share/description//model/urdf/spot_mini/meshes/front_right_hip.dae
[1.440s] -- Up-to-date symlink: /home/santosh/sp_ws/install/description/share/description//model/urdf/spot_mini/meshes/front_right_hip_collision.stl
[1.440s] -- Up-to-date symlink: /home/santosh/sp_ws/install/description/share/description//model/urdf/spot_mini/meshes/front_right_lower_leg.dae
[1.440s] -- Up-to-date symlink: /home/santosh/sp_ws/install/description/share/description//model/urdf/spot_mini/meshes/front_right_lower_leg_collision.stl
[1.440s] -- Up-to-date symlink: /home/santosh/sp_ws/install/description/share/description//model/urdf/spot_mini/meshes/front_right_upper_leg.dae
[1.440s] -- Up-to-date symlink: /home/santosh/sp_ws/install/description/share/description//model/urdf/spot_mini/meshes/front_right_upper_leg_collision.stl
[1.440s] -- Up-to-date symlink: /home/santosh/sp_ws/install/description/share/description//model/urdf/spot_mini/meshes/hl.hip.obj
[1.440s] -- Up-to-date symlink: /home/santosh/sp_ws/install/description/share/description//model/urdf/spot_mini/meshes/hl.lleg.obj
[1.440s] -- Up-to-date symlink: /home/santosh/sp_ws/install/description/share/description//model/urdf/spot_mini/meshes/hl.uleg.obj
[1.440s] -- Up-to-date symlink: /home/santosh/sp_ws/install/description/share/description//model/urdf/spot_mini/meshes/hr.hip.obj
[1.440s] -- Up-to-date symlink: /home/santosh/sp_ws/install/description/share/description//model/urdf/spot_mini/meshes/hr.lleg.obj
[1.440s] -- Up-to-date symlink: /home/santosh/sp_ws/install/description/share/description//model/urdf/spot_mini/meshes/hr.uleg.obj
[1.440s] -- Up-to-date symlink: /home/santosh/sp_ws/install/description/share/description//model/urdf/spot_mini/meshes/lidar_mount.dae
[1.440s] -- Up-to-date symlink: /home/santosh/sp_ws/install/description/share/description//model/urdf/spot_mini/meshes/lidar_mount_collision.stl
[1.440s] -- Up-to-date symlink: /home/santosh/sp_ws/install/description/share/description//model/urdf/spot_mini/meshes/my_world.world
[1.441s] -- Up-to-date symlink: /home/santosh/sp_ws/install/description/share/description//model/urdf/spot_mini/meshes/pack_body.dae
[1.441s] -- Up-to-date symlink: /home/santosh/sp_ws/install/description/share/description//model/urdf/spot_mini/meshes/pack_top.dae
[1.441s] -- Up-to-date symlink: /home/santosh/sp_ws/install/description/share/description//model/urdf/spot_mini/meshes/rear_left_hip.dae
[1.441s] -- Up-to-date symlink: /home/santosh/sp_ws/install/description/share/description//model/urdf/spot_mini/meshes/rear_left_hip_collision.stl
[1.441s] -- Up-to-date symlink: /home/santosh/sp_ws/install/description/share/description//model/urdf/spot_mini/meshes/rear_left_lower_leg.dae
[1.441s] -- Up-to-date symlink: /home/santosh/sp_ws/install/description/share/description//model/urdf/spot_mini/meshes/rear_left_lower_leg_collision.stl
[1.441s] -- Up-to-date symlink: /home/santosh/sp_ws/install/description/share/description//model/urdf/spot_mini/meshes/rear_left_upper_leg.dae
[1.441s] -- Up-to-date symlink: /home/santosh/sp_ws/install/description/share/description//model/urdf/spot_mini/meshes/rear_left_upper_leg_collision.stl
[1.441s] -- Up-to-date symlink: /home/santosh/sp_ws/install/description/share/description//model/urdf/spot_mini/meshes/rear_right_hip.dae
[1.441s] -- Up-to-date symlink: /home/santosh/sp_ws/install/description/share/description//model/urdf/spot_mini/meshes/rear_right_hip_collision.stl
[1.441s] -- Up-to-date symlink: /home/santosh/sp_ws/install/description/share/description//model/urdf/spot_mini/meshes/rear_right_lower_leg.dae
[1.441s] -- Up-to-date symlink: /home/santosh/sp_ws/install/description/share/description//model/urdf/spot_mini/meshes/rear_right_lower_leg_collision.stl
[1.441s] -- Up-to-date symlink: /home/santosh/sp_ws/install/description/share/description//model/urdf/spot_mini/meshes/rear_right_upper_leg.dae
[1.441s] -- Up-to-date symlink: /home/santosh/sp_ws/install/description/share/description//model/urdf/spot_mini/meshes/rear_right_upper_leg_collision.stl
[1.441s] -- Up-to-date symlink: /home/santosh/sp_ws/install/description/share/description//model/urdf/spot_mini/meshes/spot_mat.png
[1.441s] -- Up-to-date symlink: /home/santosh/sp_ws/install/description/share/description//model/urdf/spot_mini/meshes/velo.dae
[1.441s] -- Up-to-date symlink: /home/santosh/sp_ws/install/description/share/description//model/urdf/spot_mini/meshes/velo_collision.stl
[1.441s] -- Up-to-date symlink: /home/santosh/sp_ws/install/description/share/description//model/urdf/spot_mini/meshes/velodyne_cage.stl
[1.442s] -- Up-to-date symlink: /home/santosh/sp_ws/install/description/share/description//model/urdf/spot_mini/model.urdf
[1.442s] -- Up-to-date symlink: /home/santosh/sp_ws/install/description/share/description//model/xml/spot_mini/meshes/base.obj
[1.442s] -- Up-to-date symlink: /home/santosh/sp_ws/install/description/share/description//model/xml/spot_mini/meshes/body.obj
[1.442s] -- Up-to-date symlink: /home/santosh/sp_ws/install/description/share/description//model/xml/spot_mini/meshes/fr.hip.obj
[1.442s] -- Up-to-date symlink: /home/santosh/sp_ws/install/description/share/description//model/xml/spot_mini/meshes/fr.lleg.obj
[1.442s] -- Up-to-date symlink: /home/santosh/sp_ws/install/description/share/description//model/xml/spot_mini/meshes/fr.uleg.obj
[1.442s] -- Up-to-date symlink: /home/santosh/sp_ws/install/description/share/description//model/xml/spot_mini/meshes/hip.obj
[1.442s] -- Up-to-date symlink: /home/santosh/sp_ws/install/description/share/description//model/xml/spot_mini/meshes/hl.hip.obj
[1.442s] -- Up-to-date symlink: /home/santosh/sp_ws/install/description/share/description//model/xml/spot_mini/meshes/hl.lleg.obj
[1.442s] -- Up-to-date symlink: /home/santosh/sp_ws/install/description/share/description//model/xml/spot_mini/meshes/hl.uleg.obj
[1.442s] -- Up-to-date symlink: /home/santosh/sp_ws/install/description/share/description//model/xml/spot_mini/meshes/hr.hip.obj
[1.442s] -- Up-to-date symlink: /home/santosh/sp_ws/install/description/share/description//model/xml/spot_mini/meshes/hr.lleg.obj
[1.442s] -- Up-to-date symlink: /home/santosh/sp_ws/install/description/share/description//model/xml/spot_mini/meshes/hr.uleg.obj
[1.442s] -- Up-to-date symlink: /home/santosh/sp_ws/install/description/share/description//model/xml/spot_mini/meshes/lleg.obj
[1.442s] -- Up-to-date symlink: /home/santosh/sp_ws/install/description/share/description//model/xml/spot_mini/meshes/uleg.obj
[1.442s] -- Up-to-date symlink: /home/santosh/sp_ws/install/description/share/description//model/xml/spot_mini/spot_mat.png
[1.442s] -- Up-to-date symlink: /home/santosh/sp_ws/install/description/share/description//model/xml/spot_mini/spot_mini.xml
[1.442s] -- Symlinking: /home/santosh/sp_ws/install/description/share/description//config/rviz.rviz
[1.452s] -- Symlinking: /home/santosh/sp_ws/install/description/share/description//config/rviz_2.rviz
[1.462s] -- Symlinking: /home/santosh/sp_ws/install/description/share/ament_index/resource_index/package_run_dependencies/description
[1.470s] -- Symlinking: /home/santosh/sp_ws/install/description/share/ament_index/resource_index/parent_prefix_path/description
[1.477s] -- Symlinking: /home/santosh/sp_ws/install/description/share/description/environment/ament_prefix_path.sh
[1.483s] -- Symlinking: /home/santosh/sp_ws/install/description/share/description/environment/ament_prefix_path.dsv
[1.490s] -- Symlinking: /home/santosh/sp_ws/install/description/share/description/environment/path.sh
[1.498s] -- Symlinking: /home/santosh/sp_ws/install/description/share/description/environment/path.dsv
[1.504s] -- Symlinking: /home/santosh/sp_ws/install/description/share/description/local_setup.bash
[1.512s] -- Symlinking: /home/santosh/sp_ws/install/description/share/description/local_setup.sh
[1.521s] -- Symlinking: /home/santosh/sp_ws/install/description/share/description/local_setup.zsh
[1.528s] -- Symlinking: /home/santosh/sp_ws/install/description/share/description/local_setup.dsv
[1.537s] -- Symlinking: /home/santosh/sp_ws/install/description/share/description/package.dsv
[1.546s] -- Symlinking: /home/santosh/sp_ws/install/description/share/ament_index/resource_index/packages/description
[1.553s] -- Symlinking: /home/santosh/sp_ws/install/description/share/description/cmake/descriptionConfig.cmake
[1.560s] -- Symlinking: /home/santosh/sp_ws/install/description/share/description/cmake/descriptionConfig-version.cmake
[1.569s] -- Symlinking: /home/santosh/sp_ws/install/description/share/description/package.xml
